#
# There is insufficient memory for the Java Runtime Environment to continue.
# Native memory allocation (malloc) failed to allocate 236816 bytes. Error detail: Chunk::new
# Possible reasons:
#   The system is out of physical RAM or swap space
#   This process is running with CompressedOops enabled, and the Java Heap may be blocking the growth of the native heap
# Possible solutions:
#   Reduce memory load on the system
#   Increase physical memory or swap space
#   Check if swap backing store is full
#   Decrease Java heap size (-Xmx/-Xms)
#   Decrease number of Java threads
#   Decrease Java thread stack sizes (-Xss)
#   Set larger code cache with -XX:ReservedCodeCacheSize=
#   JVM is running with Unscaled Compressed Oops mode in which the Java heap is
#     placed in the first 4GB address space. The Java Heap base address is the
#     maximum limit for the native heap growth. Please use -XX:HeapBaseMinAddress
#     to set the Java Heap base and to place the Java Heap above 4GB virtual address.
# This output file may be truncated or incomplete.
#
#  Out of Memory Error (arena.cpp:168), pid=8316, tid=24988
#
# JRE version: OpenJDK Runtime Environment Temurin-21.0.10+7 (21.0.10+7) (build 21.0.10+7-LTS)
# Java VM: OpenJDK 64-Bit Server VM Temurin-21.0.10+7 (21.0.10+7-LTS, mixed mode, sharing, tiered, compressed oops, compressed class ptrs, parallel gc, windows-amd64)
# No core dump will be written. Minidumps are not enabled by default on client versions of Windows
#

---------------  S U M M A R Y ------------

Command Line: --add-modules=ALL-SYSTEM --add-opens=java.base/java.util=ALL-UNNAMED --add-opens=java.base/java.lang=ALL-UNNAMED --add-opens=java.base/sun.nio.fs=ALL-UNNAMED -Declipse.application=org.eclipse.jdt.ls.core.id1 -Dosgi.bundles.defaultStartLevel=4 -Declipse.product=org.eclipse.jdt.ls.core.product -Djava.import.generatesMetadataFilesAtProjectRoot=false -DDetectVMInstallationsJob.disabled=true -Dfile.encoding=utf8 -XX:+UseParallelGC -XX:GCTimeRatio=4 -XX:AdaptiveSizePolicyWeight=90 -Dsun.zip.disableMemoryMapping=true -Xmx2G -Xms100m -Xlog:disable -javaagent:c:\Users\kashi\.vscode\extensions\redhat.java-1.54.0-win32-x64\lombok\lombok-1.18.39-4050.jar -XX:+HeapDumpOnOutOfMemoryError -XX:HeapDumpPath=c:\Users\kashi\AppData\Roaming\Code\User\workspaceStorage\4f91f8c64ce41203b4c1c3c9d955ca95\redhat.java -Daether.dependencyCollector.impl=bf c:\Users\kashi\.vscode\extensions\redhat.java-1.54.0-win32-x64\server\plugins\org.eclipse.equinox.launcher_1.7.100.v20251111-0406.jar -configuration c:\Users\kashi\AppData\Roaming\Code\User\globalStorage\redhat.java\1.54.0\config_win -data c:\Users\kashi\AppData\Roaming\Code\User\workspaceStorage\4f91f8c64ce41203b4c1c3c9d955ca95\redhat.java\jdt_ws --pipe=\\.\pipe\lsp-45db6ece5277c4e4a06caf840f5e9e89-sock

Host: 11th Gen Intel(R) Core(TM) i5-11260H @ 2.60GHz, 12 cores, 15G,  Windows 11 , 64 bit Build 26100 (10.0.26100.8521)
Time: Fri Jun 26 17:06:56 2026 India Standard Time elapsed time: 1.289774 seconds (0d 0h 0m 1s)

---------------  T H R E A D  ---------------

Current thread (0x000001eaff472d40):  JavaThread "C2 CompilerThread1" daemon [_thread_in_native, id=24988, stack(0x0000000fcc200000,0x0000000fcc300000) (1024K)]


Current CompileTask:
C2:1289 1719   !   4       java.lang.String::<init> (880 bytes)

Stack: [0x0000000fcc200000,0x0000000fcc300000]
Native frames: (J=compiled Java code, j=interpreted, Vv=VM code, C=native code)
V  [jvm.dll+0x6d7a39]
V  [jvm.dll+0x8b4b26]
V  [jvm.dll+0x8b70de]
V  [jvm.dll+0x8b77c3]
V  [jvm.dll+0x284346]
V  [jvm.dll+0xc66ed]
V  [jvm.dll+0xc6c31]
V  [jvm.dll+0x3bec01]
V  [jvm.dll+0x38b162]
V  [jvm.dll+0x38a5aa]
V  [jvm.dll+0x24c560]
V  [jvm.dll+0x24bb40]
V  [jvm.dll+0x1cb34e]
V  [jvm.dll+0x25b85d]
V  [jvm.dll+0x259dea]
V  [jvm.dll+0x3f857e]
V  [jvm.dll+0x85f59d]
V  [jvm.dll+0x6d626d]
C  [ucrtbase.dll+0x2cd30]
C  [KERNEL32.DLL+0x2e957]
C  [ntdll.dll+0x87c1c]


---------------  P R O C E S S  ---------------

Threads class SMR info:
_java_thread_list=0x000001eac587c190, length=14, elements={
0x000001eae8fe89a0, 0x000001eafde7db70, 0x000001eaeb470b50, 0x000001eaeb475750,
0x000001eaeb476630, 0x000001eaeb47c7f0, 0x000001eaeb489a30, 0x000001eaff1d2470,
0x000001eaff1fee50, 0x000001eaeb4893a0, 0x000001eaff472d40, 0x000001eaff466750,
0x000001eaeb48b470, 0x000001eaeb48bb00
}

Java Threads: ( => current thread )
  0x000001eae8fe89a0 JavaThread "main"                              [_thread_in_native, id=11744, stack(0x0000000fcb500000,0x0000000fcb600000) (1024K)]
  0x000001eafde7db70 JavaThread "Reference Handler"          daemon [_thread_blocked, id=9524, stack(0x0000000fcb900000,0x0000000fcba00000) (1024K)]
  0x000001eaeb470b50 JavaThread "Finalizer"                  daemon [_thread_blocked, id=14492, stack(0x0000000fcba00000,0x0000000fcbb00000) (1024K)]
  0x000001eaeb475750 JavaThread "Signal Dispatcher"          daemon [_thread_blocked, id=26100, stack(0x0000000fcbb00000,0x0000000fcbc00000) (1024K)]
  0x000001eaeb476630 JavaThread "Attach Listener"            daemon [_thread_blocked, id=16672, stack(0x0000000fcbc00000,0x0000000fcbd00000) (1024K)]
  0x000001eaeb47c7f0 JavaThread "Service Thread"             daemon [_thread_blocked, id=17828, stack(0x0000000fcbd00000,0x0000000fcbe00000) (1024K)]
  0x000001eaeb489a30 JavaThread "Monitor Deflation Thread"   daemon [_thread_blocked, id=13280, stack(0x0000000fcbe00000,0x0000000fcbf00000) (1024K)]
  0x000001eaff1d2470 JavaThread "C2 CompilerThread0"         daemon [_thread_in_native, id=12748, stack(0x0000000fcbf00000,0x0000000fcc000000) (1024K)]
  0x000001eaff1fee50 JavaThread "C1 CompilerThread0"         daemon [_thread_in_native, id=26040, stack(0x0000000fcc000000,0x0000000fcc100000) (1024K)]
  0x000001eaeb4893a0 JavaThread "Common-Cleaner"             daemon [_thread_blocked, id=19992, stack(0x0000000fcc100000,0x0000000fcc200000) (1024K)]
=>0x000001eaff472d40 JavaThread "C2 CompilerThread1"         daemon [_thread_in_native, id=24988, stack(0x0000000fcc200000,0x0000000fcc300000) (1024K)]
  0x000001eaff466750 JavaThread "C2 CompilerThread2"         daemon [_thread_blocked, id=200, stack(0x0000000fcc300000,0x0000000fcc400000) (1024K)]
  0x000001eaeb48b470 JavaThread "Notification Thread"        daemon [_thread_blocked, id=1860, stack(0x0000000fcc400000,0x0000000fcc500000) (1024K)]
  0x000001eaeb48bb00 JavaThread "Active Thread: Equinox Container: 7aa469e4-b072-4cde-9632-73c682ce5d1f"        [_thread_blocked, id=10308, stack(0x0000000fccb00000,0x0000000fccc00000) (1024K)]
Total: 14

Other Threads:
  0x000001eafde641f0 VMThread "VM Thread"                           [id=2708, stack(0x0000000fcb800000,0x0000000fcb900000) (1024K)]
  0x000001eaeb43a5b0 WatcherThread "VM Periodic Task Thread"        [id=26032, stack(0x0000000fcb700000,0x0000000fcb800000) (1024K)]
  0x000001eaeb3e9a50 WorkerThread "GC Thread#0"                     [id=13396, stack(0x0000000fcb600000,0x0000000fcb700000) (1024K)]
  0x000001eac5a277e0 WorkerThread "GC Thread#1"                     [id=13808, stack(0x0000000fcc500000,0x0000000fcc600000) (1024K)]
  0x000001eac5a27b90 WorkerThread "GC Thread#2"                     [id=10044, stack(0x0000000fcc600000,0x0000000fcc700000) (1024K)]
  0x000001eaca106480 WorkerThread "GC Thread#3"                     [id=15680, stack(0x0000000fcc700000,0x0000000fcc800000) (1024K)]
  0x000001eaca106830 WorkerThread "GC Thread#4"                     [id=18788, stack(0x0000000fcc800000,0x0000000fcc900000) (1024K)]
  0x000001eac55657f0 WorkerThread "GC Thread#5"                     [id=25660, stack(0x0000000fcc900000,0x0000000fcca00000) (1024K)]
  0x000001eac5565ba0 WorkerThread "GC Thread#6"                     [id=2012, stack(0x0000000fcca00000,0x0000000fccb00000) (1024K)]
Total: 9

Threads with active compile tasks:
C2 CompilerThread0  1302 1766 %     4       java.io.WinNTFileSystem::normalize @ 58 (224 bytes)
C1 CompilerThread0  1302 1770       3       java.lang.AbstractStringBuilder::append (67 bytes)
C2 CompilerThread1  1302 1719   !   4       java.lang.String::<init> (880 bytes)
C2 CompilerThread2  1302 1771       4       java.lang.StringLatin1::inflate (34 bytes)
Total: 4

VM state: not at safepoint (normal execution)

VM Mutex/Monitor currently owned by a thread: None

Heap address: 0x0000000080000000, size: 2048 MB, Compressed Oops mode: 32-bit

CDS archive(s) mapped at: [0x000001ea84000000-0x000001ea84ba0000-0x000001ea84ba0000), size 12189696, SharedBaseAddress: 0x000001ea84000000, ArchiveRelocationMode: 1.
Compressed class space mapped at: 0x000001ea85000000-0x000001eac5000000, reserved size: 1073741824
Narrow klass base: 0x000001ea84000000, Narrow klass shift: 0, Narrow klass range: 0x100000000

GC Precious Log:
 CardTable entry size: 512
 CPUs: 12 total, 12 available
 Memory: 16106M
 Large Page Support: Disabled
 NUMA Support: Disabled
 Compressed Oops: Enabled (32-bit)
 Alignments: Space 512K, Generation 512K, Heap 2M
 Heap Min Capacity: 100M
 Heap Initial Capacity: 100M
 Heap Max Capacity: 2G
 Pre-touch: Disabled
 Parallel Workers: 10

Heap:
 PSYoungGen      total 29696K, used 27594K [0x00000000d5580000, 0x00000000d7680000, 0x0000000100000000)
  eden space 25600K, 94% used [0x00000000d5580000,0x00000000d6d36948,0x00000000d6e80000)
  from space 4096K, 80% used [0x00000000d6e80000,0x00000000d71bc148,0x00000000d7280000)
  to   space 4096K, 0% used [0x00000000d7280000,0x00000000d7280000,0x00000000d7680000)
 ParOldGen       total 68608K, used 16K [0x0000000080000000, 0x0000000084300000, 0x00000000d5580000)
  object space 68608K, 0% used [0x0000000080000000,0x0000000080004000,0x0000000084300000)
 Metaspace       used 7951K, committed 8192K, reserved 1114112K
  class space    used 831K, committed 960K, reserved 1048576K

Card table byte_map: [0x000001eaeada0000,0x000001eaeb1b0000] _byte_map_base: 0x000001eaea9a0000

Marking Bits: (ParMarkBitMap*) 0x00007ffd09aa3450
 Begin Bits: [0x000001ea80000000, 0x000001ea82000000)
 End Bits:   [0x000001ea82000000, 0x000001ea84000000)

Polling page: 0x000001eaeab90000

Metaspace:

Usage:
  Non-class:      6.95 MB used.
      Class:    831.51 KB used.
       Both:      7.76 MB used.

Virtual space:
  Non-class space:       64.00 MB reserved,       7.06 MB ( 11%) committed,  1 nodes.
      Class space:        1.00 GB reserved,     960.00 KB ( <1%) committed,  1 nodes.
             Both:        1.06 GB reserved,       8.00 MB ( <1%) committed. 

Chunk freelists:
   Non-Class:  8.81 MB
       Class:  14.91 MB
        Both:  23.72 MB

MaxMetaspaceSize: unlimited
CompressedClassSpaceSize: 1.00 GB
Initial GC threshold: 21.00 MB
Current GC threshold: 21.00 MB
CDS: on
 - commit_granule_bytes: 65536.
 - commit_granule_words: 8192.
 - virtual_space_node_default_size: 8388608.
 - enlarge_chunks_in_place: 1.
 - use_allocation_guard: 0.


Internal statistics:

num_allocs_failed_limit: 0.
num_arena_births: 228.
num_arena_deaths: 0.
num_vsnodes_births: 2.
num_vsnodes_deaths: 0.
num_space_committed: 128.
num_space_uncommitted: 0.
num_chunks_returned_to_freelist: 0.
num_chunks_taken_from_freelist: 419.
num_chunk_merges: 0.
num_chunk_splits: 272.
num_chunks_enlarged: 179.
num_inconsistent_stats: 0.

CodeHeap 'non-profiled nmethods': size=120000Kb used=763Kb max_used=763Kb free=119236Kb
 bounds [0x000001eaf60a0000, 0x000001eaf6310000, 0x000001eafd5d0000]
CodeHeap 'profiled nmethods': size=120000Kb used=3150Kb max_used=3150Kb free=116849Kb
 bounds [0x000001eaee5d0000, 0x000001eaee8f0000, 0x000001eaf5b00000]
CodeHeap 'non-nmethods': size=5760Kb used=1225Kb max_used=1253Kb free=4534Kb
 bounds [0x000001eaf5b00000, 0x000001eaf5d70000, 0x000001eaf60a0000]
CodeCache: size=245760Kb, used=5138Kb, max_used=5166Kb, free=240619Kb
 total_blobs=2251, nmethods=1768, adapters=390, full_count=0
Compilation: enabled, stopped_count=0, restarted_count=0

Compilation events (20 events):
Event: 1.278 Thread 0x000001eaff1fee50 nmethod 1747 0x000001eaee8d7190 code [0x000001eaee8d73c0, 0x000001eaee8d79b8]
Event: 1.278 Thread 0x000001eaff1fee50 1748       3       java.security.CodeSource::<init> (52 bytes)
Event: 1.278 Thread 0x000001eaff1fee50 nmethod 1748 0x000001eaee8d7c10 code [0x000001eaee8d7de0, 0x000001eaee8d8238]
Event: 1.278 Thread 0x000001eaff1fee50 1749       3       jdk.internal.loader.URLClassPath$JarLoader$2::getBytes (48 bytes)
Event: 1.279 Thread 0x000001eaff1fee50 nmethod 1749 0x000001eaee8d8390 code [0x000001eaee8d85a0, 0x000001eaee8d8b88]
Event: 1.279 Thread 0x000001eaff1fee50 1752   !   3       jdk.internal.loader.URLClassPath$JarLoader::checkResource (73 bytes)
Event: 1.279 Thread 0x000001eaff1fee50 nmethod 1752 0x000001eaee8d8e10 code [0x000001eaee8d9040, 0x000001eaee8d9818]
Event: 1.279 Thread 0x000001eaff1fee50 1750       3       java.security.SecureClassLoader::defineClass (16 bytes)
Event: 1.280 Thread 0x000001eaff1fee50 nmethod 1750 0x000001eaee8d9c10 code [0x000001eaee8d9dc0, 0x000001eaee8d9f68]
Event: 1.280 Thread 0x000001eaff1fee50 1753       3       java.lang.ClassLoader::getDefinedPackage (36 bytes)
Event: 1.280 Thread 0x000001eaff1fee50 nmethod 1753 0x000001eaee8da090 code [0x000001eaee8da280, 0x000001eaee8da7f8]
Event: 1.280 Thread 0x000001eaff1d2470 nmethod 1743 0x000001eaf615c790 code [0x000001eaf615c940, 0x000001eaf615cc50]
Event: 1.281 Thread 0x000001eaff1fee50 1751       3       java.security.CodeSigner::equals (67 bytes)
Event: 1.281 Thread 0x000001eaff1fee50 nmethod 1751 0x000001eaee8daa10 code [0x000001eaee8dac20, 0x000001eaee8db220]
Event: 1.282 Thread 0x000001eaff1fee50 1754       3       java.lang.String::encode8859_1 (159 bytes)
Event: 1.283 Thread 0x000001eaff1fee50 nmethod 1754 0x000001eaee8db390 code [0x000001eaee8db5c0, 0x000001eaee8dbe80]
Event: 1.286 Thread 0x000001eaff1fee50 1755       3       java.lang.String::getChars (55 bytes)
Event: 1.287 Thread 0x000001eaff1fee50 nmethod 1755 0x000001eaee8dc110 code [0x000001eaee8dc340, 0x000001eaee8dca48]
Event: 1.287 Thread 0x000001eaff1fee50 1756       3       java.lang.StringLatin1::getChars (12 bytes)
Event: 1.287 Thread 0x000001eaff1fee50 nmethod 1756 0x000001eaee8dcd90 code [0x000001eaee8dcf40, 0x000001eaee8dd068]

GC Heap History (2 events):
Event: 0.779 GC heap before
{Heap before GC invocations=1 (full 0):
 PSYoungGen      total 29696K, used 25600K [0x00000000d5580000, 0x00000000d7680000, 0x0000000100000000)
  eden space 25600K, 100% used [0x00000000d5580000,0x00000000d6e80000,0x00000000d6e80000)
  from space 4096K, 0% used [0x00000000d7280000,0x00000000d7280000,0x00000000d7680000)
  to   space 4096K, 0% used [0x00000000d6e80000,0x00000000d6e80000,0x00000000d7280000)
 ParOldGen       total 68608K, used 0K [0x0000000080000000, 0x0000000084300000, 0x00000000d5580000)
  object space 68608K, 0% used [0x0000000080000000,0x0000000080000000,0x0000000084300000)
 Metaspace       used 4356K, committed 4608K, reserved 1114112K
  class space    used 474K, committed 576K, reserved 1048576K
}
Event: 0.785 GC heap after
{Heap after GC invocations=1 (full 0):
 PSYoungGen      total 29696K, used 3312K [0x00000000d5580000, 0x00000000d7680000, 0x0000000100000000)
  eden space 25600K, 0% used [0x00000000d5580000,0x00000000d5580000,0x00000000d6e80000)
  from space 4096K, 80% used [0x00000000d6e80000,0x00000000d71bc148,0x00000000d7280000)
  to   space 4096K, 0% used [0x00000000d7280000,0x00000000d7280000,0x00000000d7680000)
 ParOldGen       total 68608K, used 16K [0x0000000080000000, 0x0000000084300000, 0x00000000d5580000)
  object space 68608K, 0% used [0x0000000080000000,0x0000000080004000,0x0000000084300000)
 Metaspace       used 4356K, committed 4608K, reserved 1114112K
  class space    used 474K, committed 576K, reserved 1048576K
}

Dll operation events (8 events):
Event: 0.010 Loaded shared library c:\Users\kashi\.vscode\extensions\redhat.java-1.54.0-win32-x64\jre\21.0.10-win32-x86_64\bin\java.dll
Event: 0.076 Loaded shared library c:\Users\kashi\.vscode\extensions\redhat.java-1.54.0-win32-x64\jre\21.0.10-win32-x86_64\bin\zip.dll
Event: 0.098 Loaded shared library C:\Users\kashi\.vscode\extensions\redhat.java-1.54.0-win32-x64\jre\21.0.10-win32-x86_64\bin\instrument.dll
Event: 0.103 Loaded shared library C:\Users\kashi\.vscode\extensions\redhat.java-1.54.0-win32-x64\jre\21.0.10-win32-x86_64\bin\net.dll
Event: 0.105 Loaded shared library C:\Users\kashi\.vscode\extensions\redhat.java-1.54.0-win32-x64\jre\21.0.10-win32-x86_64\bin\nio.dll
Event: 0.109 Loaded shared library C:\Users\kashi\.vscode\extensions\redhat.java-1.54.0-win32-x64\jre\21.0.10-win32-x86_64\bin\zip.dll
Event: 0.128 Loaded shared library C:\Users\kashi\.vscode\extensions\redhat.java-1.54.0-win32-x64\jre\21.0.10-win32-x86_64\bin\jimage.dll
Event: 0.208 Loaded shared library c:\Users\kashi\.vscode\extensions\redhat.java-1.54.0-win32-x64\jre\21.0.10-win32-x86_64\bin\verify.dll

Deoptimization events (20 events):
Event: 1.218 Thread 0x000001eae8fe89a0 DEOPT PACKING pc=0x000001eaf60d0f34 sp=0x0000000fcb5fe680
Event: 1.218 Thread 0x000001eae8fe89a0 DEOPT UNPACKING pc=0x000001eaf5b56da2 sp=0x0000000fcb5fe640 mode 2
Event: 1.263 Thread 0x000001eae8fe89a0 Uncommon trap: trap_request=0xffffff45 fr.pc=0x000001eaf6147e5c relative=0x00000000000000bc
Event: 1.263 Thread 0x000001eae8fe89a0 Uncommon trap: reason=unstable_if action=reinterpret pc=0x000001eaf6147e5c method=java.util.LinkedHashMap.afterNodeAccess(Ljava/util/HashMap$Node;)V @ 19 c2
Event: 1.263 Thread 0x000001eae8fe89a0 DEOPT PACKING pc=0x000001eaf6147e5c sp=0x0000000fcb5fd300
Event: 1.263 Thread 0x000001eae8fe89a0 DEOPT UNPACKING pc=0x000001eaf5b56da2 sp=0x0000000fcb5fd268 mode 2
Event: 1.264 Thread 0x000001eae8fe89a0 DEOPT PACKING pc=0x000001eaee6e2a8b sp=0x0000000fcb5fcdd0
Event: 1.264 Thread 0x000001eae8fe89a0 DEOPT UNPACKING pc=0x000001eaf5b578e2 sp=0x0000000fcb5fc248 mode 0
Event: 1.264 Thread 0x000001eae8fe89a0 DEOPT PACKING pc=0x000001eaee6ce186 sp=0x0000000fcb5fc890
Event: 1.264 Thread 0x000001eae8fe89a0 DEOPT UNPACKING pc=0x000001eaf5b578e2 sp=0x0000000fcb5fbd10 mode 0
Event: 1.265 Thread 0x000001eae8fe89a0 DEOPT PACKING pc=0x000001eaee746008 sp=0x0000000fcb5fc9d0
Event: 1.265 Thread 0x000001eae8fe89a0 DEOPT UNPACKING pc=0x000001eaf5b578e2 sp=0x0000000fcb5fbe50 mode 0
Event: 1.266 Thread 0x000001eae8fe89a0 DEOPT PACKING pc=0x000001eaee746008 sp=0x0000000fcb5fcce0
Event: 1.266 Thread 0x000001eae8fe89a0 DEOPT UNPACKING pc=0x000001eaf5b578e2 sp=0x0000000fcb5fc160 mode 0
Event: 1.267 Thread 0x000001eae8fe89a0 DEOPT PACKING pc=0x000001eaee6ce186 sp=0x0000000fcb5fcae0
Event: 1.268 Thread 0x000001eae8fe89a0 DEOPT UNPACKING pc=0x000001eaf5b578e2 sp=0x0000000fcb5fbf60 mode 0
Event: 1.268 Thread 0x000001eae8fe89a0 DEOPT PACKING pc=0x000001eaee746008 sp=0x0000000fcb5fcc30
Event: 1.268 Thread 0x000001eae8fe89a0 DEOPT UNPACKING pc=0x000001eaf5b578e2 sp=0x0000000fcb5fc0b0 mode 0
Event: 1.268 Thread 0x000001eae8fe89a0 DEOPT PACKING pc=0x000001eaee746008 sp=0x0000000fcb5fcf30
Event: 1.268 Thread 0x000001eae8fe89a0 DEOPT UNPACKING pc=0x000001eaf5b578e2 sp=0x0000000fcb5fc3b0 mode 0

Classes loaded (20 events):
Event: 1.197 Loading class java/net/ContentHandlerFactory
Event: 1.197 Loading class java/net/ContentHandlerFactory done
Event: 1.217 Loading class java/util/ConcurrentModificationException
Event: 1.217 Loading class java/util/ConcurrentModificationException done
Event: 1.227 Loading class java/util/LinkedList
Event: 1.227 Loading class java/util/AbstractSequentialList
Event: 1.227 Loading class java/util/AbstractSequentialList done
Event: 1.227 Loading class java/util/LinkedList done
Event: 1.235 Loading class java/net/ContentHandler
Event: 1.235 Loading class java/net/ContentHandler done
Event: 1.237 Loading class java/net/UrlDeserializedState
Event: 1.237 Loading class java/net/UrlDeserializedState done
Event: 1.237 Loading class java/lang/reflect/InaccessibleObjectException
Event: 1.237 Loading class java/lang/reflect/InaccessibleObjectException done
Event: 1.239 Loading class java/lang/StackWalker$Option
Event: 1.239 Loading class java/lang/StackWalker$Option done
Event: 1.258 Loading class javax/xml/parsers/ParserConfigurationException
Event: 1.258 Loading class javax/xml/parsers/ParserConfigurationException done
Event: 1.259 Loading class java/security/KeyStoreException
Event: 1.259 Loading class java/security/KeyStoreException done

Classes unloaded (0 events):
No events

Classes redefined (0 events):
No events

Internal exceptions (20 events):
Event: 0.625 Thread 0x000001eae8fe89a0 Exception <a 'java/lang/NoSuchMethodError'{0x00000000d6606918}: 'java.lang.Object java.lang.invoke.DirectMethodHandle$Holder.invokeInterface(java.lang.Object, java.lang.Object, int)'> (0x00000000d6606918) 
thrown [s\src\hotspot\share\interpreter\linkResolver.cpp, line 773]
Event: 0.709 Thread 0x000001eae8fe89a0 Exception <a 'java/lang/NoSuchMethodError'{0x00000000d6a6cf20}: 'java.lang.ClassLoader java.lang.ClassLoader.getPlatformClassLoader(java.lang.Class)'> (0x00000000d6a6cf20) 
thrown [s\src\hotspot\share\interpreter\linkResolver.cpp, line 773]
Event: 0.787 Thread 0x000001eae8fe89a0 Exception <a 'java/lang/ClassNotFoundException'{0x00000000d558ad48}: sun/net/www/protocol/c/Handler> (0x00000000d558ad48) 
thrown [s\src\hotspot\share\classfile\systemDictionary.cpp, line 312]
Event: 0.787 Thread 0x000001eae8fe89a0 Exception <a 'java/lang/ClassNotFoundException'{0x00000000d558c0f0}: sun/net/www/protocol/c/Handler> (0x00000000d558c0f0) 
thrown [s\src\hotspot\share\classfile\systemDictionary.cpp, line 312]
Event: 0.787 Thread 0x000001eae8fe89a0 Exception <a 'java/lang/ClassNotFoundException'{0x00000000d558d2d8}: sun/net/www/protocol/c/Handler> (0x00000000d558d2d8) 
thrown [s\src\hotspot\share\classfile\systemDictionary.cpp, line 312]
Event: 0.793 Thread 0x000001eae8fe89a0 Exception <a 'java/io/FileNotFoundException'{0x00000000d55befa8}> (0x00000000d55befa8) 
thrown [s\src\hotspot\share\prims\jni.cpp, line 520]
Event: 0.821 Thread 0x000001eae8fe89a0 Implicit null exception at 0x000001eaf6100aa9 to 0x000001eaf6101348
Event: 0.821 Thread 0x000001eae8fe89a0 Implicit null exception at 0x000001eaf6103a1a to 0x000001eaf6103c20
Event: 0.821 Thread 0x000001eae8fe89a0 Exception <a 'java/lang/NoSuchMethodError'{0x00000000d56ee9a8}: 'void java.lang.invoke.DirectMethodHandle$Holder.invokeStatic(java.lang.Object, java.lang.Object, java.lang.Object, java.lang.Object)'> (0x00000000d56ee9a8) 
thrown [s\src\hotspot\share\interpreter\linkResolver.cpp, line 773]
Event: 0.822 Thread 0x000001eae8fe89a0 Implicit null exception at 0x000001eaf610891a to 0x000001eaf6108b24
Event: 0.823 Thread 0x000001eae8fe89a0 Implicit null exception at 0x000001eaf6101d3d to 0x000001eaf6101dc1
Event: 0.925 Thread 0x000001eae8fe89a0 Exception <a 'java/lang/NoSuchMethodError'{0x00000000d59d7508}: 'void java.lang.invoke.DirectMethodHandle$Holder.invokeSpecial(java.lang.Object, java.lang.Object, java.lang.Object)'> (0x00000000d59d7508) 
thrown [s\src\hotspot\share\interpreter\linkResolver.cpp, line 773]
Event: 1.132 Thread 0x000001eae8fe89a0 Exception <a 'java/lang/NoSuchMethodError'{0x00000000d644b508}: 'int java.lang.invoke.DirectMethodHandle$Holder.invokeVirtual(java.lang.Object, java.lang.Object)'> (0x00000000d644b508) 
thrown [s\src\hotspot\share\interpreter\linkResolver.cpp, line 773]
Event: 1.165 Thread 0x000001eae8fe89a0 Exception <a 'java/lang/NoSuchMethodError'{0x00000000d65c16a0}: 'int java.lang.invoke.DirectMethodHandle$Holder.invokeStaticInit(java.lang.Object, java.lang.Object, java.lang.Object, java.lang.Object)'> (0x00000000d65c16a0) 
thrown [s\src\hotspot\share\interpreter\linkResolver.cpp, line 773]
Event: 1.167 Thread 0x000001eae8fe89a0 Exception <a 'java/lang/IncompatibleClassChangeError'{0x00000000d65c9aa8}: Found class java.lang.Object, but interface was expected> (0x00000000d65c9aa8) 
thrown [s\src\hotspot\share\interpreter\linkResolver.cpp, line 840]
Event: 1.167 Thread 0x000001eae8fe89a0 Exception <a 'java/lang/NoSuchMethodError'{0x00000000d65d0058}: 'void java.lang.invoke.DirectMethodHandle$Holder.invokeStaticInit(java.lang.Object, java.lang.Object)'> (0x00000000d65d0058) 
thrown [s\src\hotspot\share\interpreter\linkResolver.cpp, line 773]
Event: 1.168 Thread 0x000001eae8fe89a0 Exception <a 'java/lang/NoSuchMethodError'{0x00000000d65d94b0}: 'int java.lang.invoke.DirectMethodHandle$Holder.invokeStaticInit(java.lang.Object, java.lang.Object)'> (0x00000000d65d94b0) 
thrown [s\src\hotspot\share\interpreter\linkResolver.cpp, line 773]
Event: 1.206 Thread 0x000001eae8fe89a0 Exception <a 'java/lang/NoSuchMethodError'{0x00000000d6820b00}: 'java.lang.Object java.lang.invoke.DirectMethodHandle$Holder.newInvokeSpecial(java.lang.Object, int, java.lang.Object)'> (0x00000000d6820b00) 
thrown [s\src\hotspot\share\interpreter\linkResolver.cpp, line 773]
Event: 1.242 Thread 0x000001eae8fe89a0 Exception <a 'java/lang/ClassNotFoundException'{0x00000000d6a389e0}: sun/net/www/protocol/plurl/Handler> (0x00000000d6a389e0) 
thrown [s\src\hotspot\share\classfile\systemDictionary.cpp, line 312]
Event: 1.242 Thread 0x000001eae8fe89a0 Exception <a 'java/lang/ClassNotFoundException'{0x00000000d6a39860}: sun/net/www/protocol/plurl/Handler> (0x00000000d6a39860) 
thrown [s\src\hotspot\share\classfile\systemDictionary.cpp, line 312]

ZGC Phase Switch (0 events):
No events

VM Operations (20 events):
Event: 0.528 Executing non-safepoint VM operation: HandshakeAllThreads (Deoptimize)
Event: 0.528 Executing non-safepoint VM operation: HandshakeAllThreads (Deoptimize) done
Event: 0.546 Executing non-safepoint VM operation: HandshakeAllThreads (Deoptimize)
Event: 0.546 Executing non-safepoint VM operation: HandshakeAllThreads (Deoptimize) done
Event: 0.742 Executing safepoint VM operation: ICBufferFull
Event: 0.743 Executing safepoint VM operation: ICBufferFull done
Event: 0.763 Executing non-safepoint VM operation: HandshakeAllThreads (Deoptimize)
Event: 0.763 Executing non-safepoint VM operation: HandshakeAllThreads (Deoptimize) done
Event: 0.779 Executing safepoint VM operation: ParallelGCFailedAllocation (Allocation Failure)
Event: 0.785 Executing safepoint VM operation: ParallelGCFailedAllocation (Allocation Failure) done
Event: 1.186 Executing non-safepoint VM operation: HandshakeAllThreads (Deoptimize)
Event: 1.186 Executing non-safepoint VM operation: HandshakeAllThreads (Deoptimize) done
Event: 1.194 Executing non-safepoint VM operation: HandshakeAllThreads (Deoptimize)
Event: 1.194 Executing non-safepoint VM operation: HandshakeAllThreads (Deoptimize) done
Event: 1.228 Executing non-safepoint VM operation: HandshakeAllThreads (Deoptimize)
Event: 1.228 Executing non-safepoint VM operation: HandshakeAllThreads (Deoptimize) done
Event: 1.238 Executing non-safepoint VM operation: HandshakeAllThreads (Deoptimize)
Event: 1.238 Executing non-safepoint VM operation: HandshakeAllThreads (Deoptimize) done
Event: 1.288 Executing safepoint VM operation: ICBufferFull
Event: 1.288 Executing safepoint VM operation: ICBufferFull done

Memory protections (0 events):
No events

Nmethod flushes (0 events):
No events

Events (14 events):
Event: 0.021 Thread 0x000001eae8fe89a0 Thread added: 0x000001eae8fe89a0
Event: 0.041 Thread 0x000001eae8fe89a0 Thread added: 0x000001eafde7db70
Event: 0.041 Thread 0x000001eae8fe89a0 Thread added: 0x000001eaeb470b50
Event: 0.041 Thread 0x000001eae8fe89a0 Thread added: 0x000001eaeb475750
Event: 0.041 Thread 0x000001eae8fe89a0 Thread added: 0x000001eaeb476630
Event: 0.041 Thread 0x000001eae8fe89a0 Thread added: 0x000001eaeb47c7f0
Event: 0.041 Thread 0x000001eae8fe89a0 Thread added: 0x000001eaeb489a30
Event: 0.041 Thread 0x000001eae8fe89a0 Thread added: 0x000001eaff1d2470
Event: 0.042 Thread 0x000001eae8fe89a0 Thread added: 0x000001eaff1fee50
Event: 0.100 Thread 0x000001eae8fe89a0 Thread added: 0x000001eaeb4893a0
Event: 0.205 Thread 0x000001eaff1fee50 Thread added: 0x000001eaff472d40
Event: 0.205 Thread 0x000001eaff1fee50 Thread added: 0x000001eaff466750
Event: 0.322 Thread 0x000001eae8fe89a0 Thread added: 0x000001eaeb48b470
Event: 1.176 Thread 0x000001eae8fe89a0 Thread added: 0x000001eaeb48bb00


Dynamic libraries:
0x00007ff6e9e70000 - 0x00007ff6e9e7e000 	c:\Users\kashi\.vscode\extensions\redhat.java-1.54.0-win32-x64\jre\21.0.10-win32-x86_64\bin\java.exe
0x00007ffdc6600000 - 0x00007ffdc6866000 	C:\Windows\SYSTEM32\ntdll.dll
0x00007ffdc5f90000 - 0x00007ffdc6059000 	C:\Windows\System32\KERNEL32.DLL
0x00007ffdc3ba0000 - 0x00007ffdc3f9a000 	C:\Windows\System32\KERNELBASE.dll
0x00007ffdc39c0000 - 0x00007ffdc3b0c000 	C:\Windows\System32\ucrtbase.dll
0x00007ffd919c0000 - 0x00007ffd919de000 	c:\Users\kashi\.vscode\extensions\redhat.java-1.54.0-win32-x64\jre\21.0.10-win32-x86_64\bin\VCRUNTIME140.dll
0x00007ffda1040000 - 0x00007ffda1058000 	c:\Users\kashi\.vscode\extensions\redhat.java-1.54.0-win32-x64\jre\21.0.10-win32-x86_64\bin\jli.dll
0x00007ffdc50c0000 - 0x00007ffdc5287000 	C:\Windows\System32\USER32.dll
0x00007ffdc3fa0000 - 0x00007ffdc3fc7000 	C:\Windows\System32\win32u.dll
0x00007ffda74c0000 - 0x00007ffda7752000 	C:\Windows\WinSxS\amd64_microsoft.windows.common-controls_6595b64144ccf1df_6.0.26100.8521_none_3e08b75ce33403b3\COMCTL32.dll
0x00007ffdc5f60000 - 0x00007ffdc5f8b000 	C:\Windows\System32\GDI32.dll
0x00007ffdc4800000 - 0x00007ffdc48a9000 	C:\Windows\System32\msvcrt.dll
0x00007ffdc3890000 - 0x00007ffdc39bb000 	C:\Windows\System32\gdi32full.dll
0x00007ffdc3fd0000 - 0x00007ffdc4073000 	C:\Windows\System32\msvcp_win.dll
0x00007ffdc5080000 - 0x00007ffdc50b2000 	C:\Windows\System32\IMM32.DLL
0x00007ffda4230000 - 0x00007ffda423c000 	c:\Users\kashi\.vscode\extensions\redhat.java-1.54.0-win32-x64\jre\21.0.10-win32-x86_64\bin\vcruntime140_1.dll
0x00007ffd3ef90000 - 0x00007ffd3f01d000 	c:\Users\kashi\.vscode\extensions\redhat.java-1.54.0-win32-x64\jre\21.0.10-win32-x86_64\bin\msvcp140.dll
0x00007ffd08de0000 - 0x00007ffd09b81000 	c:\Users\kashi\.vscode\extensions\redhat.java-1.54.0-win32-x64\jre\21.0.10-win32-x86_64\bin\server\jvm.dll
0x00007ffdc5490000 - 0x00007ffdc5546000 	C:\Windows\System32\ADVAPI32.dll
0x00007ffdc4a40000 - 0x00007ffdc4aea000 	C:\Windows\System32\sechost.dll
0x00007ffdc5e40000 - 0x00007ffdc5f58000 	C:\Windows\System32\RPCRT4.dll
0x00007ffdc48b0000 - 0x00007ffdc4930000 	C:\Windows\System32\WS2_32.dll
0x00007ffdc2460000 - 0x00007ffdc24be000 	C:\Windows\SYSTEM32\POWRPROF.dll
0x00007ffdb4a70000 - 0x00007ffdb4aa6000 	C:\Windows\SYSTEM32\WINMM.dll
0x00007ffdb7a20000 - 0x00007ffdb7a2b000 	C:\Windows\SYSTEM32\VERSION.dll
0x00007ffdc2440000 - 0x00007ffdc2454000 	C:\Windows\SYSTEM32\UMPDC.dll
0x00007ffdc2740000 - 0x00007ffdc275b000 	C:\Windows\SYSTEM32\kernel.appcore.dll
0x00007ffda0d30000 - 0x00007ffda0d3a000 	c:\Users\kashi\.vscode\extensions\redhat.java-1.54.0-win32-x64\jre\21.0.10-win32-x86_64\bin\jimage.dll
0x00007ffdc0ea0000 - 0x00007ffdc10e2000 	C:\Windows\SYSTEM32\DBGHELP.DLL
0x00007ffdc4cf0000 - 0x00007ffdc5073000 	C:\Windows\System32\combase.dll
0x00007ffdc61a0000 - 0x00007ffdc6279000 	C:\Windows\System32\OLEAUT32.dll
0x00007ffda3f30000 - 0x00007ffda3f6b000 	C:\Windows\SYSTEM32\dbgcore.DLL
0x00007ffdc4080000 - 0x00007ffdc4128000 	C:\Windows\System32\bcryptPrimitives.dll
0x00007ffd990a0000 - 0x00007ffd990af000 	c:\Users\kashi\.vscode\extensions\redhat.java-1.54.0-win32-x64\jre\21.0.10-win32-x86_64\bin\instrument.dll
0x00007ffd8a690000 - 0x00007ffd8a6b0000 	c:\Users\kashi\.vscode\extensions\redhat.java-1.54.0-win32-x64\jre\21.0.10-win32-x86_64\bin\java.dll
0x00007ffdc55d0000 - 0x00007ffdc5d54000 	C:\Windows\System32\SHELL32.dll
0x00007ffdc1440000 - 0x00007ffdc1cc0000 	C:\Windows\SYSTEM32\windows.storage.dll
0x00007ffdc4af0000 - 0x00007ffdc4be6000 	C:\Windows\System32\SHCORE.dll
0x00007ffdc5db0000 - 0x00007ffdc5e17000 	C:\Windows\System32\shlwapi.dll
0x00007ffdc37b0000 - 0x00007ffdc37d9000 	C:\Windows\SYSTEM32\profapi.dll
0x00007ffd88f80000 - 0x00007ffd88f98000 	c:\Users\kashi\.vscode\extensions\redhat.java-1.54.0-win32-x64\jre\21.0.10-win32-x86_64\bin\zip.dll
0x00007ffd93c00000 - 0x00007ffd93c10000 	C:\Users\kashi\.vscode\extensions\redhat.java-1.54.0-win32-x64\jre\21.0.10-win32-x86_64\bin\net.dll
0x00007ffdbb850000 - 0x00007ffdbb979000 	C:\Windows\SYSTEM32\WINHTTP.dll
0x00007ffdc2cb0000 - 0x00007ffdc2d1c000 	C:\Windows\system32\mswsock.dll
0x00007ffd85a00000 - 0x00007ffd85a16000 	C:\Users\kashi\.vscode\extensions\redhat.java-1.54.0-win32-x64\jre\21.0.10-win32-x86_64\bin\nio.dll
0x00007ffd91aa0000 - 0x00007ffd91ab0000 	c:\Users\kashi\.vscode\extensions\redhat.java-1.54.0-win32-x64\jre\21.0.10-win32-x86_64\bin\verify.dll

JVMTI agents:
c:\Users\kashi\.vscode\extensions\redhat.java-1.54.0-win32-x64\lombok\lombok-1.18.39-4050.jar path:c:\Users\kashi\.vscode\extensions\redhat.java-1.54.0-win32-x64\jre\21.0.10-win32-x86_64\bin\instrument.dll, loaded, initialized, instrumentlib options:none

dbghelp: loaded successfully - version: 4.0.5 - missing functions: none
symbol engine: initialized successfully - sym options: 0x614 - pdb path: .;c:\Users\kashi\.vscode\extensions\redhat.java-1.54.0-win32-x64\jre\21.0.10-win32-x86_64\bin;C:\Windows\SYSTEM32;C:\Windows\WinSxS\amd64_microsoft.windows.common-controls_6595b64144ccf1df_6.0.26100.8521_none_3e08b75ce33403b3;c:\Users\kashi\.vscode\extensions\redhat.java-1.54.0-win32-x64\jre\21.0.10-win32-x86_64\bin\server

VM Arguments:
jvm_args: --add-modules=ALL-SYSTEM --add-opens=java.base/java.util=ALL-UNNAMED --add-opens=java.base/java.lang=ALL-UNNAMED --add-opens=java.base/sun.nio.fs=ALL-UNNAMED -Declipse.application=org.eclipse.jdt.ls.core.id1 -Dosgi.bundles.defaultStartLevel=4 -Declipse.product=org.eclipse.jdt.ls.core.product -Djava.import.generatesMetadataFilesAtProjectRoot=false -DDetectVMInstallationsJob.disabled=true -Dfile.encoding=utf8 -XX:+UseParallelGC -XX:GCTimeRatio=4 -XX:AdaptiveSizePolicyWeight=90 -Dsun.zip.disableMemoryMapping=true -Xmx2G -Xms100m -Xlog:disable -javaagent:c:\Users\kashi\.vscode\extensions\redhat.java-1.54.0-win32-x64\lombok\lombok-1.18.39-4050.jar -XX:+HeapDumpOnOutOfMemoryError -XX:HeapDumpPath=c:\Users\kashi\AppData\Roaming\Code\User\workspaceStorage\4f91f8c64ce41203b4c1c3c9d955ca95\redhat.java -Daether.dependencyCollector.impl=bf 
java_command: c:\Users\kashi\.vscode\extensions\redhat.java-1.54.0-win32-x64\server\plugins\org.eclipse.equinox.launcher_1.7.100.v20251111-0406.jar -configuration c:\Users\kashi\AppData\Roaming\Code\User\globalStorage\redhat.java\1.54.0\config_win -data c:\Users\kashi\AppData\Roaming\Code\User\workspaceStorage\4f91f8c64ce41203b4c1c3c9d955ca95\redhat.java\jdt_ws --pipe=\\.\pipe\lsp-45db6ece5277c4e4a06caf840f5e9e89-sock
java_class_path (initial): c:\Users\kashi\.vscode\extensions\redhat.java-1.54.0-win32-x64\server\plugins\org.eclipse.equinox.launcher_1.7.100.v20251111-0406.jar
Launcher Type: SUN_STANDARD

[Global flags]
    uintx AdaptiveSizePolicyWeight                 = 90                                        {product} {command line}
     intx CICompilerCount                          = 4                                         {product} {ergonomic}
    uintx GCTimeRatio                              = 4                                         {product} {command line}
     bool HeapDumpOnOutOfMemoryError               = true                                   {manageable} {command line}
    ccstr HeapDumpPath                             = c:\Users\kashi\AppData\Roaming\Code\User\workspaceStorage\4f91f8c64ce41203b4c1c3c9d955ca95\redhat.java         {manageable} {command line}
   size_t InitialHeapSize                          = 104857600                                 {product} {command line}
   size_t MaxHeapSize                              = 2147483648                                {product} {command line}
   size_t MaxNewSize                               = 715653120                                 {product} {ergonomic}
   size_t MinHeapDeltaBytes                        = 524288                                    {product} {ergonomic}
   size_t MinHeapSize                              = 104857600                                 {product} {command line}
   size_t NewSize                                  = 34603008                                  {product} {ergonomic}
    uintx NonNMethodCodeHeapSize                   = 5839372                                {pd product} {ergonomic}
    uintx NonProfiledCodeHeapSize                  = 122909434                              {pd product} {ergonomic}
   size_t OldSize                                  = 70254592                                  {product} {ergonomic}
    uintx ProfiledCodeHeapSize                     = 122909434                              {pd product} {ergonomic}
    uintx ReservedCodeCacheSize                    = 251658240                              {pd product} {ergonomic}
     bool SegmentedCodeCache                       = true                                      {product} {ergonomic}
   size_t SoftMaxHeapSize                          = 2147483648                             {manageable} {ergonomic}
     bool UseCompressedOops                        = true                           {product lp64_product} {ergonomic}
     bool UseLargePagesIndividualAllocation        = false                                  {pd product} {ergonomic}
     bool UseParallelGC                            = true                                      {product} {command line}

Logging:
Log output configuration:
 #0: stdout all=off uptime,level,tags foldmultilines=false
 #1: stderr all=off uptime,level,tags foldmultilines=false

Release file:
JAVA_VERSION="21.0.10" 
MODULES="java.base java.compiler java.datatransfer java.xml java.prefs java.desktop java.instrument java.logging java.management java.security.sasl java.naming java.rmi java.management.rmi java.net.http java.scripting java.security.jgss java.transaction.xa java.sql java.sql.rowset java.xml.crypto java.se java.smartcardio jdk.accessibility jdk.internal.jvmstat jdk.attach jdk.charsets jdk.internal.opt jdk.zipfs jdk.compiler jdk.crypto.ec jdk.crypto.cryptoki jdk.crypto.mscapi jdk.dynalink jdk.internal.ed jdk.editpad jdk.hotspot.agent jdk.httpserver jdk.internal.le jdk.internal.vm.ci jdk.internal.vm.compiler jdk.internal.vm.compiler.management jdk.jartool jdk.javadoc jdk.jcmd jdk.management jdk.management.agent jdk.jconsole jdk.jdeps jdk.jdwp.agent jdk.jdi jdk.jfr jdk.jshell jdk.jsobject jdk.jstatd jdk.localedata jdk.management.jfr jdk.naming.dns jdk.naming.rmi jdk.net jdk.nio.mapmode jdk.random jdk.sctp jdk.security.auth jdk.security.jgss jdk.unsupported jdk.unsupported.desktop jdk.xml.dom" 

Environment Variables:
PATH=C:\Program Files\Common Files\Oracle\Java\javapath;C:\Windows\system32;C:\Windows;C:\Windows\System32\Wbem;C:\Windows\System32\WindowsPowerShell\v1.0\;C:\Windows\System32\OpenSSH\;C:\Program Files\nodejs\;C:\ProgramData\chocolatey\bin;C:\mingw64\bin;C:\Program Files\dotnet\;C:\apache-maven-3.9.12\bin;C:\Program Files\MySQL\MySQL Server 8.0\bin;C:\Users\kashi\AppData\Local\Programs\Python\Python314\Scripts\;C:\Users\kashi\AppData\Roaming\Python\Python3x\Scripts;C:\Program Files\Git\cmd;C:\Program Files\Git\mingw64\bin;C:\Program Files\Git\usr\bin;C:\Users\kashi\AppData\Local\Programs\Python\Launcher\;C:\Program Files\MySQL\MySQL Shell 8.0\bin\;C:\Users\kashi\AppData\Local\Microsoft\WindowsApps;C:\Users\kashi\AppData\Local\Programs\Microsoft VS Code\bin;C:\Users\kashi\AppData\Roaming\npm
USERNAME=kashi
OS=Windows_NT
PROCESSOR_IDENTIFIER=Intel64 Family 6 Model 141 Stepping 1, GenuineIntel
TMP=C:\Users\kashi\AppData\Local\Temp
TEMP=C:\Users\kashi\AppData\Local\Temp




Periodic native trim disabled

---------------  S Y S T E M  ---------------

OS:
 Windows 11 , 64 bit Build 26100 (10.0.26100.8521)
OS uptime: 0 days 9:07 hours
Hyper-V role detected

CPU: total 12 (initial active 12) (6 cores per cpu, 2 threads per core) family 6 model 141 stepping 1 microcode 0x50, cx8, cmov, fxsr, ht, mmx, 3dnowpref, sse, sse2, sse3, ssse3, sse4.1, sse4.2, popcnt, lzcnt, tsc, tscinvbit, avx, avx2, aes, erms, clmul, bmi1, bmi2, adx, avx512f, avx512dq, avx512cd, avx512bw, avx512vl, sha, fma, vzeroupper, avx512_vpopcntdq, avx512_vpclmulqdq, avx512_vaes, avx512_vnni, clflush, clflushopt, clwb, avx512_vbmi2, avx512_vbmi, hv, rdtscp, rdpid, fsrm, gfni, avx512_bitalg, f16c, cet_ibt, cet_ss, avx512_ifma
Processor Information for the first 12 processors :
  Max Mhz: 2611, Current Mhz: 2611, Mhz Limit: 2611

Memory: 4k page, system-wide physical 16106M (3761M free)
TotalPageFile size 17501M (AvailPageFile size 7M)
current process WorkingSet (physical memory assigned to process): 94M, peak: 94M
current process commit charge ("private bytes"): 249M, peak: 250M

vm_info: OpenJDK 64-Bit Server VM (21.0.10+7-LTS) for windows-amd64 JRE (21.0.10+7-LTS), built on 2026-01-20T00:00:00Z by "admin" with MS VC++ 17.12 (VS2022)

END.
