#
# There is insufficient memory for the Java Runtime Environment to continue.
# Native memory allocation (malloc) failed to allocate 1634000 bytes. Error detail: Chunk::new
# Possible reasons:
#   The system is out of physical RAM or swap space
#   This process is running with CompressedOops enabled, and the Java Heap may be blocking the growth of the native heap
# Possible solutions:
#   Reduce memory load on the system
#   Increase physical memory or swap space
#   Check if swap backing store is full
#   Decrease Java heap size (-Xmx/-Xms)
#   Decrease number of Java threads
#   Decrease Java thread stack sizes (-Xss)
#   Set larger code cache with -XX:ReservedCodeCacheSize=
#   JVM is running with Unscaled Compressed Oops mode in which the Java heap is
#     placed in the first 4GB address space. The Java Heap base address is the
#     maximum limit for the native heap growth. Please use -XX:HeapBaseMinAddress
#     to set the Java Heap base and to place the Java Heap above 4GB virtual address.
# This output file may be truncated or incomplete.
#
#  Out of Memory Error (arena.cpp:168), pid=17276, tid=23964
#
# JRE version: OpenJDK Runtime Environment Temurin-21.0.10+7 (21.0.10+7) (build 21.0.10+7-LTS)
# Java VM: OpenJDK 64-Bit Server VM Temurin-21.0.10+7 (21.0.10+7-LTS, mixed mode, sharing, tiered, compressed oops, compressed class ptrs, parallel gc, windows-amd64)
# No core dump will be written. Minidumps are not enabled by default on client versions of Windows
#

---------------  S U M M A R Y ------------

Command Line: --add-modules=ALL-SYSTEM --add-opens=java.base/java.util=ALL-UNNAMED --add-opens=java.base/java.lang=ALL-UNNAMED --add-opens=java.base/sun.nio.fs=ALL-UNNAMED -Declipse.application=org.eclipse.jdt.ls.core.id1 -Dosgi.bundles.defaultStartLevel=4 -Declipse.product=org.eclipse.jdt.ls.core.product -Djava.import.generatesMetadataFilesAtProjectRoot=false -DDetectVMInstallationsJob.disabled=true -Dfile.encoding=utf8 -XX:+UseParallelGC -XX:GCTimeRatio=4 -XX:AdaptiveSizePolicyWeight=90 -Dsun.zip.disableMemoryMapping=true -Xmx2G -Xms100m -Xlog:disable -javaagent:c:\Users\kashi\.vscode\extensions\redhat.java-1.54.0-win32-x64\lombok\lombok-1.18.39-4050.jar c:\Users\kashi\.vscode\extensions\redhat.java-1.54.0-win32-x64\server\plugins\org.eclipse.equinox.launcher_1.7.100.v20251111-0406.jar -configuration c:\Users\kashi\AppData\Roaming\Code\User\globalStorage\redhat.java\1.54.0\config_ss_win -data c:\Users\kashi\AppData\Roaming\Code\User\workspaceStorage\4f91f8c64ce41203b4c1c3c9d955ca95\redhat.java\ss_ws --pipe=\\.\pipe\lsp-40a4a3dc9f4932d554be0d5d9ca77a32-sock

Host: 11th Gen Intel(R) Core(TM) i5-11260H @ 2.60GHz, 12 cores, 15G,  Windows 11 , 64 bit Build 26100 (10.0.26100.8521)
Time: Fri Jun 26 17:06:37 2026 India Standard Time elapsed time: 2.442521 seconds (0d 0h 0m 2s)

---------------  T H R E A D  ---------------

Current thread (0x0000015e841f29a0):  JavaThread "C2 CompilerThread1" daemon [_thread_in_native, id=23964, stack(0x0000002d60e00000,0x0000002d60f00000) (1024K)]


Current CompileTask:
C2:2442 3196       4       java.lang.invoke.MethodType::methodType (69 bytes)

Stack: [0x0000002d60e00000,0x0000002d60f00000]
Native frames: (J=compiled Java code, j=interpreted, Vv=VM code, C=native code)
V  [jvm.dll+0x6d7a39]
V  [jvm.dll+0x8b4b26]
V  [jvm.dll+0x8b70de]
V  [jvm.dll+0x8b77c3]
V  [jvm.dll+0x284346]
V  [jvm.dll+0xc66ed]
V  [jvm.dll+0xc6c31]
V  [jvm.dll+0x3bec3b]
V  [jvm.dll+0x38b162]
V  [jvm.dll+0x38a5aa]
V  [jvm.dll+0x24c560]
V  [jvm.dll+0x24bb40]
V  [jvm.dll+0x1cb34e]
V  [jvm.dll+0x25b85d]
V  [jvm.dll+0x259dea]
V  [jvm.dll+0x3f857e]
V  [jvm.dll+0x85f59d]
V  [jvm.dll+0x6d626d]
C  [ucrtbase.dll+0x2cd30]
C  [KERNEL32.DLL+0x2e957]
C  [ntdll.dll+0x87c1c]


---------------  P R O C E S S  ---------------

Threads class SMR info:
_java_thread_list=0x0000015e868e7230, length=36, elements={
0x0000015ea252e160, 0x0000015e840144b0, 0x0000015e84015370, 0x0000015e84015fd0,
0x0000015e84018cc0, 0x0000015e8401d2b0, 0x0000015e84020fe0, 0x0000015e8402b390,
0x0000015e840397c0, 0x0000015e841f29a0, 0x0000015e8425fed0, 0x0000015e84392dc0,
0x0000015e849310d0, 0x0000015e84da8690, 0x0000015e84da8d00, 0x0000015e84e21320,
0x0000015e84fb84c0, 0x0000015e84d73fc0, 0x0000015e84d76410, 0x0000015e84ffe150,
0x0000015e841f1530, 0x0000015e84ffe7e0, 0x0000015e84ffee70, 0x0000015e84ffc710,
0x0000015e84fff500, 0x0000015e84ffdac0, 0x0000015e84ffc080, 0x0000015e84ffcda0,
0x0000015e84ffd430, 0x0000015e86a4d1f0, 0x0000015e86a4d880, 0x0000015e86a4e5a0,
0x0000015e86a4c4d0, 0x0000015e86a4b120, 0x0000015e86a4df10, 0x0000015e86a4ec30
}

Java Threads: ( => current thread )
  0x0000015ea252e160 JavaThread "main"                              [_thread_in_native, id=22276, stack(0x0000002d60200000,0x0000002d60300000) (1024K)]
  0x0000015e840144b0 JavaThread "Reference Handler"          daemon [_thread_blocked, id=6104, stack(0x0000002d60600000,0x0000002d60700000) (1024K)]
  0x0000015e84015370 JavaThread "Finalizer"                  daemon [_thread_blocked, id=15108, stack(0x0000002d60700000,0x0000002d60800000) (1024K)]
  0x0000015e84015fd0 JavaThread "Signal Dispatcher"          daemon [_thread_blocked, id=12844, stack(0x0000002d60800000,0x0000002d60900000) (1024K)]
  0x0000015e84018cc0 JavaThread "Attach Listener"            daemon [_thread_blocked, id=16760, stack(0x0000002d60900000,0x0000002d60a00000) (1024K)]
  0x0000015e8401d2b0 JavaThread "Service Thread"             daemon [_thread_blocked, id=8212, stack(0x0000002d60a00000,0x0000002d60b00000) (1024K)]
  0x0000015e84020fe0 JavaThread "Monitor Deflation Thread"   daemon [_thread_blocked, id=15072, stack(0x0000002d60b00000,0x0000002d60c00000) (1024K)]
  0x0000015e8402b390 JavaThread "C2 CompilerThread0"         daemon [_thread_in_native, id=25028, stack(0x0000002d60c00000,0x0000002d60d00000) (1024K)]
  0x0000015e840397c0 JavaThread "C1 CompilerThread0"         daemon [_thread_blocked, id=20824, stack(0x0000002d60d00000,0x0000002d60e00000) (1024K)]
=>0x0000015e841f29a0 JavaThread "C2 CompilerThread1"         daemon [_thread_in_native, id=23964, stack(0x0000002d60e00000,0x0000002d60f00000) (1024K)]
  0x0000015e8425fed0 JavaThread "Common-Cleaner"             daemon [_thread_blocked, id=18264, stack(0x0000002d60f00000,0x0000002d61000000) (1024K)]
  0x0000015e84392dc0 JavaThread "Notification Thread"        daemon [_thread_blocked, id=14480, stack(0x0000002d61000000,0x0000002d61100000) (1024K)]
  0x0000015e849310d0 JavaThread "Active Thread: Equinox Container: 07e136c6-7fe8-4d29-b913-27611a256332"        [_thread_blocked, id=24656, stack(0x0000002d61800000,0x0000002d61900000) (1024K)]
  0x0000015e84da8690 JavaThread "Framework Event Dispatcher: Equinox Container: 07e136c6-7fe8-4d29-b913-27611a256332" daemon [_thread_blocked, id=23244, stack(0x0000002d61900000,0x0000002d61a00000) (1024K)]
  0x0000015e84da8d00 JavaThread "Start Level: Equinox Container: 07e136c6-7fe8-4d29-b913-27611a256332" daemon [_thread_blocked, id=19668, stack(0x0000002d61a00000,0x0000002d61b00000) (1024K)]
  0x0000015e84e21320 JavaThread "SCR Component Actor"        daemon [_thread_blocked, id=3540, stack(0x0000002d61c00000,0x0000002d61d00000) (1024K)]
  0x0000015e84fb84c0 JavaThread "Worker-JM"                         [_thread_blocked, id=23732, stack(0x0000002d61d00000,0x0000002d61e00000) (1024K)]
  0x0000015e84d73fc0 JavaThread "JNA Cleaner"                daemon [_thread_blocked, id=17460, stack(0x0000002d62000000,0x0000002d62100000) (1024K)]
  0x0000015e84d76410 JavaThread "Worker-0"                          [_thread_blocked, id=18612, stack(0x0000002d62100000,0x0000002d62200000) (1024K)]
  0x0000015e84ffe150 JavaThread "Worker-1"                          [_thread_blocked, id=3156, stack(0x0000002d62200000,0x0000002d62300000) (1024K)]
  0x0000015e841f1530 JavaThread "C2 CompilerThread2"         daemon [_thread_in_native, id=25096, stack(0x0000002d61100000,0x0000002d61200000) (1024K)]
  0x0000015e84ffe7e0 JavaThread "Thread-1"                   daemon [_thread_in_native, id=18792, stack(0x0000002d62500000,0x0000002d62600000) (1024K)]
  0x0000015e84ffee70 JavaThread "Thread-2"                   daemon [_thread_in_native, id=22008, stack(0x0000002d62600000,0x0000002d62700000) (1024K)]
  0x0000015e84ffc710 JavaThread "Thread-3"                   daemon [_thread_in_native, id=22012, stack(0x0000002d62700000,0x0000002d62800000) (1024K)]
  0x0000015e84fff500 JavaThread "Thread-4"                   daemon [_thread_in_native, id=2500, stack(0x0000002d62800000,0x0000002d62900000) (1024K)]
  0x0000015e84ffdac0 JavaThread "Thread-5"                   daemon [_thread_in_native, id=9812, stack(0x0000002d62900000,0x0000002d62a00000) (1024K)]
  0x0000015e84ffc080 JavaThread "Thread-6"                   daemon [_thread_in_native, id=11788, stack(0x0000002d62a00000,0x0000002d62b00000) (1024K)]
  0x0000015e84ffcda0 JavaThread "Thread-7"                   daemon [_thread_in_native, id=14832, stack(0x0000002d62b00000,0x0000002d62c00000) (1024K)]
  0x0000015e84ffd430 JavaThread "Thread-8"                   daemon [_thread_in_native, id=13240, stack(0x0000002d62c00000,0x0000002d62d00000) (1024K)]
  0x0000015e86a4d1f0 JavaThread "Thread-9"                   daemon [_thread_in_native, id=15128, stack(0x0000002d62d00000,0x0000002d62e00000) (1024K)]
  0x0000015e86a4d880 JavaThread "Thread-10"                  daemon [_thread_in_native, id=18508, stack(0x0000002d62e00000,0x0000002d62f00000) (1024K)]
  0x0000015e86a4e5a0 JavaThread "Thread-11"                  daemon [_thread_in_native, id=16244, stack(0x0000002d62f00000,0x0000002d63000000) (1024K)]
  0x0000015e86a4c4d0 JavaThread "Thread-12"                  daemon [_thread_in_native, id=25576, stack(0x0000002d63000000,0x0000002d63100000) (1024K)]
  0x0000015e86a4b120 JavaThread "Thread-13"                  daemon [_thread_in_native, id=22196, stack(0x0000002d63100000,0x0000002d63200000) (1024K)]
  0x0000015e86a4df10 JavaThread "pool-2-thread-1"                   [_thread_blocked, id=21596, stack(0x0000002d63200000,0x0000002d63300000) (1024K)]
  0x0000015e86a4ec30 JavaThread "Worker-2"                          [_thread_blocked, id=18112, stack(0x0000002d63300000,0x0000002d63400000) (1024K)]
Total: 36

Other Threads:
  0x0000015ea24c2d80 VMThread "VM Thread"                           [id=12260, stack(0x0000002d60500000,0x0000002d60600000) (1024K)]
  0x0000015ea23bc950 WatcherThread "VM Periodic Task Thread"        [id=10912, stack(0x0000002d60400000,0x0000002d60500000) (1024K)]
  0x0000015ea254b970 WorkerThread "GC Thread#0"                     [id=12628, stack(0x0000002d60300000,0x0000002d60400000) (1024K)]
  0x0000015e8476d640 WorkerThread "GC Thread#1"                     [id=22304, stack(0x0000002d61200000,0x0000002d61300000) (1024K)]
  0x0000015e84c28ad0 WorkerThread "GC Thread#2"                     [id=18988, stack(0x0000002d61300000,0x0000002d61400000) (1024K)]
  0x0000015e84b27160 WorkerThread "GC Thread#3"                     [id=25228, stack(0x0000002d61400000,0x0000002d61500000) (1024K)]
  0x0000015e84acb510 WorkerThread "GC Thread#4"                     [id=26064, stack(0x0000002d61500000,0x0000002d61600000) (1024K)]
  0x0000015e84acb8c0 WorkerThread "GC Thread#5"                     [id=26044, stack(0x0000002d61600000,0x0000002d61700000) (1024K)]
  0x0000015e84acbc70 WorkerThread "GC Thread#6"                     [id=10180, stack(0x0000002d61700000,0x0000002d61800000) (1024K)]
  0x0000015e84d98060 WorkerThread "GC Thread#7"                     [id=10392, stack(0x0000002d61b00000,0x0000002d61c00000) (1024K)]
  0x0000015e84e831d0 WorkerThread "GC Thread#8"                     [id=14308, stack(0x0000002d61e00000,0x0000002d61f00000) (1024K)]
  0x0000015e851f7480 WorkerThread "GC Thread#9"                     [id=20872, stack(0x0000002d61f00000,0x0000002d62000000) (1024K)]
Total: 12

Threads with active compile tasks:
C2 CompilerThread0  2455 3315       4       sun.reflect.generics.parser.SignatureParser::skipIdentifier (67 bytes)
C2 CompilerThread1  2455 3196       4       java.lang.invoke.MethodType::methodType (69 bytes)
C2 CompilerThread2  2455 3134       4       java.lang.invoke.MethodType::makeImpl (109 bytes)
Total: 3

VM state: not at safepoint (normal execution)

VM Mutex/Monitor currently owned by a thread: None

Heap address: 0x0000000080000000, size: 2048 MB, Compressed Oops mode: 32-bit

CDS archive(s) mapped at: [0x0000015eb9000000-0x0000015eb9ba0000-0x0000015eb9ba0000), size 12189696, SharedBaseAddress: 0x0000015eb9000000, ArchiveRelocationMode: 1.
Compressed class space mapped at: 0x0000015eba000000-0x0000015efa000000, reserved size: 1073741824
Narrow klass base: 0x0000015eb9000000, Narrow klass shift: 0, Narrow klass range: 0x100000000

GC Precious Log:
 CardTable entry size: 512
 CPUs: 12 total, 12 available
 Memory: 16106M
 Large Page Support: Disabled
 NUMA Support: Disabled
 Compressed Oops: Enabled (32-bit)
 Alignments: Space 512K, Generation 512K, Heap 2M
 Heap Min Capacity: 100M
 Heap Initial Capacity: 100M
 Heap Max Capacity: 2G
 Pre-touch: Disabled
 Parallel Workers: 10

Heap:
 PSYoungGen      total 26624K, used 16649K [0x00000000d5580000, 0x00000000d7700000, 0x0000000100000000)
  eden space 23040K, 56% used [0x00000000d5580000,0x00000000d62490d8,0x00000000d6c00000)
  from space 3584K, 99% used [0x00000000d7100000,0x00000000d74793f0,0x00000000d7480000)
  to   space 5120K, 0% used [0x00000000d6c00000,0x00000000d6c00000,0x00000000d7100000)
 ParOldGen       total 68608K, used 9732K [0x0000000080000000, 0x0000000084300000, 0x00000000d5580000)
  object space 68608K, 14% used [0x0000000080000000,0x00000000809810c8,0x0000000084300000)
 Metaspace       used 28758K, committed 29632K, reserved 1114112K
  class space    used 2878K, committed 3264K, reserved 1048576K

Card table byte_map: [0x0000015ea1ed0000,0x0000015ea22e0000] _byte_map_base: 0x0000015ea1ad0000

Marking Bits: (ParMarkBitMap*) 0x00007ffd09aa3450
 Begin Bits: [0x0000015eb49e0000, 0x0000015eb69e0000)
 End Bits:   [0x0000015eb69e0000, 0x0000015eb89e0000)

Polling page: 0x0000015ea04c0000

Metaspace:

Usage:
  Non-class:     25.27 MB used.
      Class:      2.81 MB used.
       Both:     28.08 MB used.

Virtual space:
  Non-class space:       64.00 MB reserved,      25.75 MB ( 40%) committed,  1 nodes.
      Class space:        1.00 GB reserved,       3.19 MB ( <1%) committed,  1 nodes.
             Both:        1.06 GB reserved,      28.94 MB (  3%) committed. 

Chunk freelists:
   Non-Class:  6.17 MB
       Class:  12.75 MB
        Both:  18.92 MB

MaxMetaspaceSize: unlimited
CompressedClassSpaceSize: 1.00 GB
Initial GC threshold: 21.00 MB
Current GC threshold: 35.00 MB
CDS: on
 - commit_granule_bytes: 65536.
 - commit_granule_words: 8192.
 - virtual_space_node_default_size: 8388608.
 - enlarge_chunks_in_place: 1.
 - use_allocation_guard: 0.


Internal statistics:

num_allocs_failed_limit: 3.
num_arena_births: 560.
num_arena_deaths: 14.
num_vsnodes_births: 2.
num_vsnodes_deaths: 0.
num_space_committed: 463.
num_space_uncommitted: 0.
num_chunks_returned_to_freelist: 17.
num_chunks_taken_from_freelist: 1677.
num_chunk_merges: 9.
num_chunk_splits: 1084.
num_chunks_enlarged: 697.
num_inconsistent_stats: 0.

CodeHeap 'non-profiled nmethods': size=120000Kb used=1539Kb max_used=1539Kb free=118460Kb
 bounds [0x0000015ead200000, 0x0000015ead470000, 0x0000015eb4730000]
CodeHeap 'profiled nmethods': size=120000Kb used=6383Kb max_used=6383Kb free=113616Kb
 bounds [0x0000015ea5730000, 0x0000015ea5d70000, 0x0000015eacc60000]
CodeHeap 'non-nmethods': size=5760Kb used=1351Kb max_used=1377Kb free=4408Kb
 bounds [0x0000015eacc60000, 0x0000015eaced0000, 0x0000015ead200000]
CodeCache: size=245760Kb, used=9273Kb, max_used=9299Kb, free=236484Kb
 total_blobs=3956, nmethods=3325, adapters=537, full_count=0
Compilation: enabled, stopped_count=0, restarted_count=0

Compilation events (20 events):
Event: 2.426 Thread 0x0000015e8402b390 3300       4       jdk.internal.org.objectweb.asm.SymbolTable::addConstantUtf8Reference (101 bytes)
Event: 2.426 Thread 0x0000015e840397c0 nmethod 3296 0x0000015ea5d59190 code [0x0000015ea5d593e0, 0x0000015ea5d59a90]
Event: 2.426 Thread 0x0000015e840397c0 3297       3       java.lang.invoke.MethodHandles$Lookup::checkMethodName (45 bytes)
Event: 2.426 Thread 0x0000015e840397c0 nmethod 3297 0x0000015ea5d59d90 code [0x0000015ea5d59fe0, 0x0000015ea5d5a698]
Event: 2.426 Thread 0x0000015e840397c0 3301       3       org.eclipse.core.internal.preferences.PreferencesService::getDefault (20 bytes)
Event: 2.426 Thread 0x0000015e840397c0 nmethod 3301 0x0000015ea5d5a990 code [0x0000015ea5d5ab40, 0x0000015ea5d5ad38]
Event: 2.426 Thread 0x0000015e840397c0 3302       3       org.eclipse.core.internal.registry.ConfigurationElementHandle::<init> (7 bytes)
Event: 2.427 Thread 0x0000015e840397c0 nmethod 3302 0x0000015ea5d5ae10 code [0x0000015ea5d5afc0, 0x0000015ea5d5b1a8]
Event: 2.427 Thread 0x0000015e840397c0 3303       3       java.util.stream.Sink$ChainedReference::cancellationRequested (10 bytes)
Event: 2.427 Thread 0x0000015e840397c0 nmethod 3303 0x0000015ea5d5b290 code [0x0000015ea5d5b440, 0x0000015ea5d5b618]
Event: 2.427 Thread 0x0000015e840397c0 3304       3       java.util.Collections$SingletonSet::iterator (8 bytes)
Event: 2.427 Thread 0x0000015e840397c0 nmethod 3304 0x0000015ea5d5b710 code [0x0000015ea5d5b8c0, 0x0000015ea5d5bb60]
Event: 2.427 Thread 0x0000015e840397c0 3306       3       java.lang.invoke.InnerClassLambdaMetafactory::<init> (258 bytes)
Event: 2.428 Thread 0x0000015e840397c0 nmethod 3306 0x0000015ea5d5bc90 code [0x0000015ea5d5c080, 0x0000015ea5d5db58]
Event: 2.429 Thread 0x0000015e840397c0 3305       3       java.lang.invoke.BootstrapMethodInvoker::isLambdaMetafactoryIndyBSM (13 bytes)
Event: 2.429 Thread 0x0000015e840397c0 nmethod 3305 0x0000015ea5d5e690 code [0x0000015ea5d5e820, 0x0000015ea5d5e968]
Event: 2.429 Thread 0x0000015e840397c0 3307       3       java.lang.invoke.InnerClassLambdaMetafactory::lambdaClassName (48 bytes)
Event: 2.429 Thread 0x0000015e840397c0 nmethod 3307 0x0000015ea5d5ea10 code [0x0000015ea5d5ec60, 0x0000015ea5d5f330]
Event: 2.429 Thread 0x0000015e840397c0 3308       1       org.eclipse.core.internal.content.FileSpec::getType (5 bytes)
Event: 2.429 Thread 0x0000015e840397c0 nmethod 3308 0x0000015ead37d390 code [0x0000015ead37d520, 0x0000015ead37d5e8]

GC Heap History (18 events):
Event: 0.558 GC heap before
{Heap before GC invocations=1 (full 0):
 PSYoungGen      total 29696K, used 25600K [0x00000000d5580000, 0x00000000d7680000, 0x0000000100000000)
  eden space 25600K, 100% used [0x00000000d5580000,0x00000000d6e80000,0x00000000d6e80000)
  from space 4096K, 0% used [0x00000000d7280000,0x00000000d7280000,0x00000000d7680000)
  to   space 4096K, 0% used [0x00000000d6e80000,0x00000000d6e80000,0x00000000d7280000)
 ParOldGen       total 68608K, used 0K [0x0000000080000000, 0x0000000084300000, 0x00000000d5580000)
  object space 68608K, 0% used [0x0000000080000000,0x0000000080000000,0x0000000084300000)
 Metaspace       used 4311K, committed 4544K, reserved 1114112K
  class space    used 473K, committed 576K, reserved 1048576K
}
Event: 0.564 GC heap after
{Heap after GC invocations=1 (full 0):
 PSYoungGen      total 29696K, used 3319K [0x00000000d5580000, 0x00000000d7680000, 0x0000000100000000)
  eden space 25600K, 0% used [0x00000000d5580000,0x00000000d5580000,0x00000000d6e80000)
  from space 4096K, 81% used [0x00000000d6e80000,0x00000000d71bde88,0x00000000d7280000)
  to   space 4096K, 0% used [0x00000000d7280000,0x00000000d7280000,0x00000000d7680000)
 ParOldGen       total 68608K, used 16K [0x0000000080000000, 0x0000000084300000, 0x00000000d5580000)
  object space 68608K, 0% used [0x0000000080000000,0x0000000080004000,0x0000000084300000)
 Metaspace       used 4311K, committed 4544K, reserved 1114112K
  class space    used 473K, committed 576K, reserved 1048576K
}
Event: 1.038 GC heap before
{Heap before GC invocations=2 (full 0):
 PSYoungGen      total 29696K, used 28919K [0x00000000d5580000, 0x00000000d7680000, 0x0000000100000000)
  eden space 25600K, 100% used [0x00000000d5580000,0x00000000d6e80000,0x00000000d6e80000)
  from space 4096K, 81% used [0x00000000d6e80000,0x00000000d71bde88,0x00000000d7280000)
  to   space 4096K, 0% used [0x00000000d7280000,0x00000000d7280000,0x00000000d7680000)
 ParOldGen       total 68608K, used 16K [0x0000000080000000, 0x0000000084300000, 0x00000000d5580000)
  object space 68608K, 0% used [0x0000000080000000,0x0000000080004000,0x0000000084300000)
 Metaspace       used 8166K, committed 8448K, reserved 1114112K
  class space    used 872K, committed 1024K, reserved 1048576K
}
Event: 1.041 GC heap after
{Heap after GC invocations=2 (full 0):
 PSYoungGen      total 29696K, used 4077K [0x00000000d5580000, 0x00000000d7680000, 0x0000000100000000)
  eden space 25600K, 0% used [0x00000000d5580000,0x00000000d5580000,0x00000000d6e80000)
  from space 4096K, 99% used [0x00000000d7280000,0x00000000d767b670,0x00000000d7680000)
  to   space 4096K, 0% used [0x00000000d6e80000,0x00000000d6e80000,0x00000000d7280000)
 ParOldGen       total 68608K, used 1147K [0x0000000080000000, 0x0000000084300000, 0x00000000d5580000)
  object space 68608K, 1% used [0x0000000080000000,0x000000008011efe8,0x0000000084300000)
 Metaspace       used 8166K, committed 8448K, reserved 1114112K
  class space    used 872K, committed 1024K, reserved 1048576K
}
Event: 1.406 GC heap before
{Heap before GC invocations=3 (full 0):
 PSYoungGen      total 29696K, used 29640K [0x00000000d5580000, 0x00000000d7680000, 0x0000000100000000)
  eden space 25600K, 99% used [0x00000000d5580000,0x00000000d6e76c78,0x00000000d6e80000)
  from space 4096K, 99% used [0x00000000d7280000,0x00000000d767b670,0x00000000d7680000)
  to   space 4096K, 0% used [0x00000000d6e80000,0x00000000d6e80000,0x00000000d7280000)
 ParOldGen       total 68608K, used 1147K [0x0000000080000000, 0x0000000084300000, 0x00000000d5580000)
  object space 68608K, 1% used [0x0000000080000000,0x000000008011efe8,0x0000000084300000)
 Metaspace       used 12907K, committed 13440K, reserved 1114112K
  class space    used 1371K, committed 1600K, reserved 1048576K
}
Event: 1.410 GC heap after
{Heap after GC invocations=3 (full 0):
 PSYoungGen      total 29696K, used 4080K [0x00000000d5580000, 0x00000000d7680000, 0x0000000100000000)
  eden space 25600K, 0% used [0x00000000d5580000,0x00000000d5580000,0x00000000d6e80000)
  from space 4096K, 99% used [0x00000000d6e80000,0x00000000d727c190,0x00000000d7280000)
  to   space 4096K, 0% used [0x00000000d7280000,0x00000000d7280000,0x00000000d7680000)
 ParOldGen       total 68608K, used 3145K [0x0000000080000000, 0x0000000084300000, 0x00000000d5580000)
  object space 68608K, 4% used [0x0000000080000000,0x00000000803127d8,0x0000000084300000)
 Metaspace       used 12907K, committed 13440K, reserved 1114112K
  class space    used 1371K, committed 1600K, reserved 1048576K
}
Event: 1.765 GC heap before
{Heap before GC invocations=4 (full 0):
 PSYoungGen      total 29696K, used 29680K [0x00000000d5580000, 0x00000000d7680000, 0x0000000100000000)
  eden space 25600K, 100% used [0x00000000d5580000,0x00000000d6e80000,0x00000000d6e80000)
  from space 4096K, 99% used [0x00000000d6e80000,0x00000000d727c190,0x00000000d7280000)
  to   space 4096K, 0% used [0x00000000d7280000,0x00000000d7280000,0x00000000d7680000)
 ParOldGen       total 68608K, used 3145K [0x0000000080000000, 0x0000000084300000, 0x00000000d5580000)
  object space 68608K, 4% used [0x0000000080000000,0x00000000803127d8,0x0000000084300000)
 Metaspace       used 17131K, committed 17792K, reserved 1114112K
  class space    used 1805K, committed 2112K, reserved 1048576K
}
Event: 1.767 GC heap after
{Heap after GC invocations=4 (full 0):
 PSYoungGen      total 29696K, used 4068K [0x00000000d5580000, 0x00000000d7680000, 0x0000000100000000)
  eden space 25600K, 0% used [0x00000000d5580000,0x00000000d5580000,0x00000000d6e80000)
  from space 4096K, 99% used [0x00000000d7280000,0x00000000d7679200,0x00000000d7680000)
  to   space 4096K, 0% used [0x00000000d6e80000,0x00000000d6e80000,0x00000000d7280000)
 ParOldGen       total 68608K, used 4571K [0x0000000080000000, 0x0000000084300000, 0x00000000d5580000)
  object space 68608K, 6% used [0x0000000080000000,0x0000000080476e90,0x0000000084300000)
 Metaspace       used 17131K, committed 17792K, reserved 1114112K
  class space    used 1805K, committed 2112K, reserved 1048576K
}
Event: 1.896 GC heap before
{Heap before GC invocations=5 (full 0):
 PSYoungGen      total 29696K, used 29668K [0x00000000d5580000, 0x00000000d7680000, 0x0000000100000000)
  eden space 25600K, 100% used [0x00000000d5580000,0x00000000d6e80000,0x00000000d6e80000)
  from space 4096K, 99% used [0x00000000d7280000,0x00000000d7679200,0x00000000d7680000)
  to   space 4096K, 0% used [0x00000000d6e80000,0x00000000d6e80000,0x00000000d7280000)
 ParOldGen       total 68608K, used 4571K [0x0000000080000000, 0x0000000084300000, 0x00000000d5580000)
  object space 68608K, 6% used [0x0000000080000000,0x0000000080476e90,0x0000000084300000)
 Metaspace       used 20366K, committed 20992K, reserved 1114112K
  class space    used 2032K, committed 2304K, reserved 1048576K
}
Event: 1.898 GC heap after
{Heap after GC invocations=5 (full 0):
 PSYoungGen      total 29184K, used 4086K [0x00000000d5580000, 0x00000000d7800000, 0x0000000100000000)
  eden space 25088K, 0% used [0x00000000d5580000,0x00000000d5580000,0x00000000d6e00000)
  from space 4096K, 99% used [0x00000000d6e80000,0x00000000d727da28,0x00000000d7280000)
  to   space 5120K, 0% used [0x00000000d7300000,0x00000000d7300000,0x00000000d7800000)
 ParOldGen       total 68608K, used 4715K [0x0000000080000000, 0x0000000084300000, 0x00000000d5580000)
  object space 68608K, 6% used [0x0000000080000000,0x000000008049ae90,0x0000000084300000)
 Metaspace       used 20366K, committed 20992K, reserved 1114112K
  class space    used 2032K, committed 2304K, reserved 1048576K
}
Event: 1.914 GC heap before
{Heap before GC invocations=6 (full 0):
 PSYoungGen      total 29184K, used 9795K [0x00000000d5580000, 0x00000000d7800000, 0x0000000100000000)
  eden space 25088K, 22% used [0x00000000d5580000,0x00000000d5b13390,0x00000000d6e00000)
  from space 4096K, 99% used [0x00000000d6e80000,0x00000000d727da28,0x00000000d7280000)
  to   space 5120K, 0% used [0x00000000d7300000,0x00000000d7300000,0x00000000d7800000)
 ParOldGen       total 68608K, used 4715K [0x0000000080000000, 0x0000000084300000, 0x00000000d5580000)
  object space 68608K, 6% used [0x0000000080000000,0x000000008049ae90,0x0000000084300000)
 Metaspace       used 20909K, committed 21504K, reserved 1114112K
  class space    used 2068K, committed 2368K, reserved 1048576K
}
Event: 1.918 GC heap after
{Heap after GC invocations=6 (full 0):
 PSYoungGen      total 30208K, used 4826K [0x00000000d5580000, 0x00000000d7800000, 0x0000000100000000)
  eden space 25088K, 0% used [0x00000000d5580000,0x00000000d5580000,0x00000000d6e00000)
  from space 5120K, 94% used [0x00000000d7300000,0x00000000d77b6ad0,0x00000000d7800000)
  to   space 5120K, 0% used [0x00000000d6e00000,0x00000000d6e00000,0x00000000d7300000)
 ParOldGen       total 68608K, used 4723K [0x0000000080000000, 0x0000000084300000, 0x00000000d5580000)
  object space 68608K, 6% used [0x0000000080000000,0x000000008049ce90,0x0000000084300000)
 Metaspace       used 20909K, committed 21504K, reserved 1114112K
  class space    used 2068K, committed 2368K, reserved 1048576K
}
Event: 1.918 GC heap before
{Heap before GC invocations=7 (full 1):
 PSYoungGen      total 30208K, used 4826K [0x00000000d5580000, 0x00000000d7800000, 0x0000000100000000)
  eden space 25088K, 0% used [0x00000000d5580000,0x00000000d5580000,0x00000000d6e00000)
  from space 5120K, 94% used [0x00000000d7300000,0x00000000d77b6ad0,0x00000000d7800000)
  to   space 5120K, 0% used [0x00000000d6e00000,0x00000000d6e00000,0x00000000d7300000)
 ParOldGen       total 68608K, used 4723K [0x0000000080000000, 0x0000000084300000, 0x00000000d5580000)
  object space 68608K, 6% used [0x0000000080000000,0x000000008049ce90,0x0000000084300000)
 Metaspace       used 20909K, committed 21504K, reserved 1114112K
  class space    used 2068K, committed 2368K, reserved 1048576K
}
Event: 1.934 GC heap after
{Heap after GC invocations=7 (full 1):
 PSYoungGen      total 30208K, used 0K [0x00000000d5580000, 0x00000000d7800000, 0x0000000100000000)
  eden space 25088K, 0% used [0x00000000d5580000,0x00000000d5580000,0x00000000d6e00000)
  from space 5120K, 0% used [0x00000000d7300000,0x00000000d7300000,0x00000000d7800000)
  to   space 5120K, 0% used [0x00000000d6e00000,0x00000000d6e00000,0x00000000d7300000)
 ParOldGen       total 68608K, used 8758K [0x0000000080000000, 0x0000000084300000, 0x00000000d5580000)
  object space 68608K, 12% used [0x0000000080000000,0x000000008088dba8,0x0000000084300000)
 Metaspace       used 20896K, committed 21504K, reserved 1114112K
  class space    used 2064K, committed 2368K, reserved 1048576K
}
Event: 2.105 GC heap before
{Heap before GC invocations=8 (full 1):
 PSYoungGen      total 30208K, used 25088K [0x00000000d5580000, 0x00000000d7800000, 0x0000000100000000)
  eden space 25088K, 100% used [0x00000000d5580000,0x00000000d6e00000,0x00000000d6e00000)
  from space 5120K, 0% used [0x00000000d7300000,0x00000000d7300000,0x00000000d7800000)
  to   space 5120K, 0% used [0x00000000d6e00000,0x00000000d6e00000,0x00000000d7300000)
 ParOldGen       total 68608K, used 8758K [0x0000000080000000, 0x0000000084300000, 0x00000000d5580000)
  object space 68608K, 12% used [0x0000000080000000,0x000000008088dba8,0x0000000084300000)
 Metaspace       used 23042K, committed 23680K, reserved 1114112K
  class space    used 2238K, committed 2496K, reserved 1048576K
}
Event: 2.107 GC heap after
{Heap after GC invocations=8 (full 1):
 PSYoungGen      total 27136K, used 2424K [0x00000000d5580000, 0x00000000d7480000, 0x0000000100000000)
  eden space 24576K, 0% used [0x00000000d5580000,0x00000000d5580000,0x00000000d6d80000)
  from space 2560K, 94% used [0x00000000d6e00000,0x00000000d705e208,0x00000000d7080000)
  to   space 3584K, 0% used [0x00000000d7100000,0x00000000d7100000,0x00000000d7480000)
 ParOldGen       total 68608K, used 8766K [0x0000000080000000, 0x0000000084300000, 0x00000000d5580000)
  object space 68608K, 12% used [0x0000000080000000,0x000000008088fba8,0x0000000084300000)
 Metaspace       used 23042K, committed 23680K, reserved 1114112K
  class space    used 2238K, committed 2496K, reserved 1048576K
}
Event: 2.336 GC heap before
{Heap before GC invocations=9 (full 1):
 PSYoungGen      total 27136K, used 27000K [0x00000000d5580000, 0x00000000d7480000, 0x0000000100000000)
  eden space 24576K, 100% used [0x00000000d5580000,0x00000000d6d80000,0x00000000d6d80000)
  from space 2560K, 94% used [0x00000000d6e00000,0x00000000d705e208,0x00000000d7080000)
  to   space 3584K, 0% used [0x00000000d7100000,0x00000000d7100000,0x00000000d7480000)
 ParOldGen       total 68608K, used 8766K [0x0000000080000000, 0x0000000084300000, 0x00000000d5580000)
  object space 68608K, 12% used [0x0000000080000000,0x000000008088fba8,0x0000000084300000)
 Metaspace       used 26623K, committed 27456K, reserved 1114112K
  class space    used 2629K, committed 3008K, reserved 1048576K
}
Event: 2.338 GC heap after
{Heap after GC invocations=9 (full 1):
 PSYoungGen      total 26624K, used 3556K [0x00000000d5580000, 0x00000000d7700000, 0x0000000100000000)
  eden space 23040K, 0% used [0x00000000d5580000,0x00000000d5580000,0x00000000d6c00000)
  from space 3584K, 99% used [0x00000000d7100000,0x00000000d74793f0,0x00000000d7480000)
  to   space 5120K, 0% used [0x00000000d6c00000,0x00000000d6c00000,0x00000000d7100000)
 ParOldGen       total 68608K, used 9732K [0x0000000080000000, 0x0000000084300000, 0x00000000d5580000)
  object space 68608K, 14% used [0x0000000080000000,0x00000000809810c8,0x0000000084300000)
 Metaspace       used 26623K, committed 27456K, reserved 1114112K
  class space    used 2629K, committed 3008K, reserved 1048576K
}

Dll operation events (10 events):
Event: 0.008 Loaded shared library c:\Users\kashi\.vscode\extensions\redhat.java-1.54.0-win32-x64\jre\21.0.10-win32-x86_64\bin\java.dll
Event: 0.053 Loaded shared library c:\Users\kashi\.vscode\extensions\redhat.java-1.54.0-win32-x64\jre\21.0.10-win32-x86_64\bin\zip.dll
Event: 0.071 Loaded shared library C:\Users\kashi\.vscode\extensions\redhat.java-1.54.0-win32-x64\jre\21.0.10-win32-x86_64\bin\instrument.dll
Event: 0.075 Loaded shared library C:\Users\kashi\.vscode\extensions\redhat.java-1.54.0-win32-x64\jre\21.0.10-win32-x86_64\bin\net.dll
Event: 0.077 Loaded shared library C:\Users\kashi\.vscode\extensions\redhat.java-1.54.0-win32-x64\jre\21.0.10-win32-x86_64\bin\nio.dll
Event: 0.080 Loaded shared library C:\Users\kashi\.vscode\extensions\redhat.java-1.54.0-win32-x64\jre\21.0.10-win32-x86_64\bin\zip.dll
Event: 0.093 Loaded shared library C:\Users\kashi\.vscode\extensions\redhat.java-1.54.0-win32-x64\jre\21.0.10-win32-x86_64\bin\jimage.dll
Event: 0.150 Loaded shared library c:\Users\kashi\.vscode\extensions\redhat.java-1.54.0-win32-x64\jre\21.0.10-win32-x86_64\bin\verify.dll
Event: 1.027 Loaded shared library C:\Users\kashi\AppData\Roaming\Code\User\globalStorage\redhat.java\1.54.0\config_ss_win\org.eclipse.equinox.launcher\org.eclipse.equinox.launcher.win32.win32.x86_64_1.3.0.v20260203-2149\eclipse_11919.dll
Event: 1.666 Loaded shared library C:\Users\kashi\AppData\Local\Temp\jna-101820318\jna15250062643889484660.dll

Deoptimization events (20 events):
Event: 2.256 Thread 0x0000015e84da8d00 Uncommon trap: trap_request=0xffffff45 fr.pc=0x0000015ead263544 relative=0x0000000000000124
Event: 2.256 Thread 0x0000015e84da8d00 Uncommon trap: reason=unstable_if action=reinterpret pc=0x0000015ead263544 method=jdk.internal.org.objectweb.asm.SymbolTable.put(Ljdk/internal/org/objectweb/asm/SymbolTable$Entry;)Ljdk/internal/org/objectweb/asm/SymbolTable$Entry; @ 13 c2
Event: 2.256 Thread 0x0000015e84da8d00 DEOPT PACKING pc=0x0000015ead263544 sp=0x0000002d61afbd90
Event: 2.256 Thread 0x0000015e84da8d00 DEOPT UNPACKING pc=0x0000015eaccb6da2 sp=0x0000002d61afbcf0 mode 2
Event: 2.286 Thread 0x0000015ea252e160 Uncommon trap: trap_request=0xffffff45 fr.pc=0x0000015ead3685dc relative=0x000000000000017c
Event: 2.286 Thread 0x0000015ea252e160 Uncommon trap: reason=unstable_if action=reinterpret pc=0x0000015ead3685dc method=java.util.concurrent.locks.ReentrantReadWriteLock$Sync.tryReleaseShared(I)Z @ 129 c2
Event: 2.286 Thread 0x0000015ea252e160 DEOPT PACKING pc=0x0000015ead3685dc sp=0x0000002d602fa590
Event: 2.286 Thread 0x0000015ea252e160 DEOPT UNPACKING pc=0x0000015eaccb6da2 sp=0x0000002d602fa508 mode 2
Event: 2.308 Thread 0x0000015e84d76410 Uncommon trap: trap_request=0xffffff45 fr.pc=0x0000015ead335a90 relative=0x0000000000000e90
Event: 2.308 Thread 0x0000015e84d76410 Uncommon trap: reason=unstable_if action=reinterpret pc=0x0000015ead335a90 method=java.util.Properties.loadConvert([CIILjava/lang/StringBuilder;)Ljava/lang/String; @ 477 c2
Event: 2.308 Thread 0x0000015e84d76410 DEOPT PACKING pc=0x0000015ead335a90 sp=0x0000002d621fd640
Event: 2.308 Thread 0x0000015e84d76410 DEOPT UNPACKING pc=0x0000015eaccb6da2 sp=0x0000002d621fd620 mode 2
Event: 2.360 Thread 0x0000015e84d76410 Uncommon trap: trap_request=0xffffffc6 fr.pc=0x0000015ead3401c8 relative=0x00000000000008e8
Event: 2.361 Thread 0x0000015e84d76410 Uncommon trap: reason=bimorphic_or_optimized_type_check action=maybe_recompile pc=0x0000015ead3401c8 method=java.util.HashMap.putVal(ILjava/lang/Object;Ljava/lang/Object;ZZ)Ljava/lang/Object; @ 91 c2
Event: 2.361 Thread 0x0000015e84d76410 DEOPT PACKING pc=0x0000015ead3401c8 sp=0x0000002d621fecb0
Event: 2.361 Thread 0x0000015e84d76410 DEOPT UNPACKING pc=0x0000015eaccb6da2 sp=0x0000002d621febb8 mode 2
Event: 2.417 Thread 0x0000015ea252e160 Uncommon trap: trap_request=0xffffff45 fr.pc=0x0000015ead31cd9c relative=0x000000000000033c
Event: 2.417 Thread 0x0000015ea252e160 Uncommon trap: reason=unstable_if action=reinterpret pc=0x0000015ead31cd9c method=java.util.regex.Pattern$BmpCharPropertyGreedy.match(Ljava/util/regex/Matcher;ILjava/lang/CharSequence;)Z @ 12 c2
Event: 2.417 Thread 0x0000015ea252e160 DEOPT PACKING pc=0x0000015ead31cd9c sp=0x0000002d602fd250
Event: 2.417 Thread 0x0000015ea252e160 DEOPT UNPACKING pc=0x0000015eaccb6da2 sp=0x0000002d602fd1e8 mode 2

Classes loaded (20 events):
Event: 2.411 Loading class sun/nio/cs/ThreadLocalCoders
Event: 2.411 Loading class sun/nio/cs/ThreadLocalCoders done
Event: 2.411 Loading class sun/nio/cs/ThreadLocalCoders$1
Event: 2.412 Loading class sun/nio/cs/ThreadLocalCoders$Cache
Event: 2.412 Loading class sun/nio/cs/ThreadLocalCoders$Cache done
Event: 2.412 Loading class sun/nio/cs/ThreadLocalCoders$1 done
Event: 2.412 Loading class sun/nio/cs/ThreadLocalCoders$2
Event: 2.412 Loading class sun/nio/cs/ThreadLocalCoders$2 done
Event: 2.418 Loading class java/math/BigDecimal
Event: 2.419 Loading class java/math/BigDecimal done
Event: 2.423 Loading class java/text/ParseException
Event: 2.423 Loading class java/text/ParseException done
Event: 2.428 Loading class java/util/BitSet
Event: 2.429 Loading class java/util/BitSet done
Event: 2.430 Loading class java/util/concurrent/atomic/AtomicIntegerArray
Event: 2.430 Loading class java/util/concurrent/atomic/AtomicIntegerArray done
Event: 2.431 Loading class java/util/Currency
Event: 2.432 Loading class java/util/Currency done
Event: 2.435 Loading class java/util/concurrent/atomic/AtomicLongArray
Event: 2.435 Loading class java/util/concurrent/atomic/AtomicLongArray done

Classes unloaded (7 events):
Event: 1.921 Thread 0x0000015ea24c2d80 Unloading class 0x0000015eba190c00 'java/lang/invoke/LambdaForm$MH+0x0000015eba190c00'
Event: 1.921 Thread 0x0000015ea24c2d80 Unloading class 0x0000015eba190800 'java/lang/invoke/LambdaForm$MH+0x0000015eba190800'
Event: 1.921 Thread 0x0000015ea24c2d80 Unloading class 0x0000015eba190400 'java/lang/invoke/LambdaForm$MH+0x0000015eba190400'
Event: 1.921 Thread 0x0000015ea24c2d80 Unloading class 0x0000015eba190000 'java/lang/invoke/LambdaForm$MH+0x0000015eba190000'
Event: 1.921 Thread 0x0000015ea24c2d80 Unloading class 0x0000015eba18fc00 'java/lang/invoke/LambdaForm$BMH+0x0000015eba18fc00'
Event: 1.921 Thread 0x0000015ea24c2d80 Unloading class 0x0000015eba18f800 'java/lang/invoke/LambdaForm$DMH+0x0000015eba18f800'
Event: 1.921 Thread 0x0000015ea24c2d80 Unloading class 0x0000015eba18e400 'java/lang/invoke/LambdaForm$DMH+0x0000015eba18e400'

Classes redefined (0 events):
No events

Internal exceptions (20 events):
Event: 2.345 Thread 0x0000015e84d76410 Exception <a 'sun/nio/fs/WindowsException'{0x00000000d56a2390}> (0x00000000d56a2390) 
thrown [s\src\hotspot\share\prims\jni.cpp, line 520]
Event: 2.348 Thread 0x0000015e84d76410 Exception <a 'sun/nio/fs/WindowsException'{0x00000000d57208e8}> (0x00000000d57208e8) 
thrown [s\src\hotspot\share\prims\jni.cpp, line 520]
Event: 2.348 Thread 0x0000015e84d76410 Exception <a 'sun/nio/fs/WindowsException'{0x00000000d5721140}> (0x00000000d5721140) 
thrown [s\src\hotspot\share\prims\jni.cpp, line 520]
Event: 2.352 Thread 0x0000015e84d76410 Exception <a 'sun/nio/fs/WindowsException'{0x00000000d57c4fc0}> (0x00000000d57c4fc0) 
thrown [s\src\hotspot\share\prims\jni.cpp, line 520]
Event: 2.353 Thread 0x0000015e84d76410 Exception <a 'sun/nio/fs/WindowsException'{0x00000000d57c5818}> (0x00000000d57c5818) 
thrown [s\src\hotspot\share\prims\jni.cpp, line 520]
Event: 2.353 Thread 0x0000015e84d76410 Exception <a 'sun/nio/fs/WindowsException'{0x00000000d57c6fb0}> (0x00000000d57c6fb0) 
thrown [s\src\hotspot\share\prims\jni.cpp, line 520]
Event: 2.353 Thread 0x0000015e84d76410 Exception <a 'sun/nio/fs/WindowsException'{0x00000000d57c75f0}> (0x00000000d57c75f0) 
thrown [s\src\hotspot\share\prims\jni.cpp, line 520]
Event: 2.353 Thread 0x0000015e84d76410 Exception <a 'sun/nio/fs/WindowsException'{0x00000000d57c8000}> (0x00000000d57c8000) 
thrown [s\src\hotspot\share\prims\jni.cpp, line 520]
Event: 2.353 Thread 0x0000015e84d76410 Exception <a 'sun/nio/fs/WindowsException'{0x00000000d57c8640}> (0x00000000d57c8640) 
thrown [s\src\hotspot\share\prims\jni.cpp, line 520]
Event: 2.353 Thread 0x0000015e84d76410 Exception <a 'sun/nio/fs/WindowsException'{0x00000000d57c90b0}> (0x00000000d57c90b0) 
thrown [s\src\hotspot\share\prims\jni.cpp, line 520]
Event: 2.353 Thread 0x0000015e84d76410 Exception <a 'sun/nio/fs/WindowsException'{0x00000000d57c96f0}> (0x00000000d57c96f0) 
thrown [s\src\hotspot\share\prims\jni.cpp, line 520]
Event: 2.354 Thread 0x0000015e84d76410 Exception <a 'sun/nio/fs/WindowsException'{0x00000000d57caec0}> (0x00000000d57caec0) 
thrown [s\src\hotspot\share\prims\jni.cpp, line 520]
Event: 2.354 Thread 0x0000015e84d76410 Exception <a 'sun/nio/fs/WindowsException'{0x00000000d57cb500}> (0x00000000d57cb500) 
thrown [s\src\hotspot\share\prims\jni.cpp, line 520]
Event: 2.357 Thread 0x0000015e84d76410 Exception <a 'java/lang/NoSuchMethodError'{0x00000000d5807d20}: 'void java.lang.invoke.DirectMethodHandle$Holder.invokeVirtual(java.lang.Object, java.lang.Object, java.lang.Object, java.lang.Object)'> (0x00000000d5807d20) 
thrown [s\src\hotspot\share\interpreter\linkResolver.cpp, line 773]
Event: 2.425 Thread 0x0000015e84d76410 Exception <a 'java/io/FileNotFoundException'{0x00000000d5ef1b40}> (0x00000000d5ef1b40) 
thrown [s\src\hotspot\share\prims\jni.cpp, line 520]
Event: 2.425 Thread 0x0000015e84d76410 Exception <a 'java/io/FileNotFoundException'{0x00000000d5ef30f0}> (0x00000000d5ef30f0) 
thrown [s\src\hotspot\share\prims\jni.cpp, line 520]
Event: 2.426 Thread 0x0000015e84d76410 Exception <a 'java/lang/NoSuchMethodError'{0x00000000d5f18b10}: 'java.lang.Object java.lang.invoke.DirectMethodHandle$Holder.newInvokeSpecial(java.lang.Object, java.lang.Object, java.lang.Object, int)'> (0x00000000d5f18b10) 
thrown [s\src\hotspot\share\interpreter\linkResolver.cpp, line 773]
Event: 2.426 Thread 0x0000015e84d76410 Exception <a 'java/lang/NoSuchMethodError'{0x00000000d5f45e90}: 'java.lang.Object java.lang.invoke.DirectMethodHandle$Holder.invokeSpecial(java.lang.Object, java.lang.Object, java.lang.Object, java.lang.Object, int)'> (0x00000000d5f45e90) 
thrown [s\src\hotspot\share\interpreter\linkResolver.cpp, line 773]
Event: 2.426 Thread 0x0000015e84d76410 Exception <a 'java/lang/NoSuchMethodError'{0x00000000d5f49338}: 'java.lang.Object java.lang.invoke.Invokers$Holder.linkToTargetMethod(java.lang.Object, java.lang.Object, int, java.lang.Object)'> (0x00000000d5f49338) 
thrown [s\src\hotspot\share\interpreter\linkResolver.cpp, line 773]
Event: 2.427 Thread 0x0000015e84d76410 Exception <a 'java/lang/NoSuchMethodError'{0x00000000d5f911d8}: 'void java.lang.invoke.DirectMethodHandle$Holder.invokeStaticInit(java.lang.Object, java.lang.Object, java.lang.Object)'> (0x00000000d5f911d8) 
thrown [s\src\hotspot\share\interpreter\linkResolver.cpp, line 773]

ZGC Phase Switch (0 events):
No events

VM Operations (20 events):
Event: 1.671 Executing non-safepoint VM operation: HandshakeAllThreads (Deoptimize)
Event: 1.671 Executing non-safepoint VM operation: HandshakeAllThreads (Deoptimize) done
Event: 1.765 Executing safepoint VM operation: ParallelGCFailedAllocation (Allocation Failure)
Event: 1.767 Executing safepoint VM operation: ParallelGCFailedAllocation (Allocation Failure) done
Event: 1.896 Executing safepoint VM operation: ParallelGCFailedAllocation (Allocation Failure)
Event: 1.898 Executing safepoint VM operation: ParallelGCFailedAllocation (Allocation Failure) done
Event: 1.914 Executing safepoint VM operation: CollectForMetadataAllocation (Metadata GC Threshold)
Event: 1.934 Executing safepoint VM operation: CollectForMetadataAllocation (Metadata GC Threshold) done
Event: 2.105 Executing safepoint VM operation: ParallelGCFailedAllocation (Allocation Failure)
Event: 2.107 Executing safepoint VM operation: ParallelGCFailedAllocation (Allocation Failure) done
Event: 2.131 Executing non-safepoint VM operation: HandshakeAllThreads (Deoptimize)
Event: 2.132 Executing non-safepoint VM operation: HandshakeAllThreads (Deoptimize) done
Event: 2.158 Executing non-safepoint VM operation: HandshakeAllThreads (Deoptimize)
Event: 2.158 Executing non-safepoint VM operation: HandshakeAllThreads (Deoptimize) done
Event: 2.162 Executing non-safepoint VM operation: HandshakeAllThreads (Deoptimize)
Event: 2.162 Executing non-safepoint VM operation: HandshakeAllThreads (Deoptimize) done
Event: 2.218 Executing non-safepoint VM operation: HandshakeAllThreads (Deoptimize)
Event: 2.218 Executing non-safepoint VM operation: HandshakeAllThreads (Deoptimize) done
Event: 2.336 Executing safepoint VM operation: ParallelGCFailedAllocation (Allocation Failure)
Event: 2.338 Executing safepoint VM operation: ParallelGCFailedAllocation (Allocation Failure) done

Memory protections (0 events):
No events

Nmethod flushes (0 events):
No events

Events (20 events):
Event: 1.717 Thread 0x0000015e84da8d00 Thread added: 0x0000015e84ffe150
Event: 1.882 Thread 0x0000015e841f44e0 Thread exited: 0x0000015e841f44e0
Event: 2.096 Thread 0x0000015e84da8d00 Thread added: 0x0000015e84ffc080
Event: 2.150 Thread 0x0000015e84ffc080 Thread exited: 0x0000015e84ffc080
Event: 2.224 Thread 0x0000015e840397c0 Thread added: 0x0000015e841f1530
Event: 2.294 Thread 0x0000015ea252e160 Thread added: 0x0000015e84ffe7e0
Event: 2.294 Thread 0x0000015ea252e160 Thread added: 0x0000015e84ffee70
Event: 2.294 Thread 0x0000015ea252e160 Thread added: 0x0000015e84ffc710
Event: 2.295 Thread 0x0000015ea252e160 Thread added: 0x0000015e84fff500
Event: 2.295 Thread 0x0000015ea252e160 Thread added: 0x0000015e84ffdac0
Event: 2.295 Thread 0x0000015ea252e160 Thread added: 0x0000015e84ffc080
Event: 2.295 Thread 0x0000015ea252e160 Thread added: 0x0000015e84ffcda0
Event: 2.295 Thread 0x0000015ea252e160 Thread added: 0x0000015e84ffd430
Event: 2.295 Thread 0x0000015ea252e160 Thread added: 0x0000015e86a4d1f0
Event: 2.295 Thread 0x0000015ea252e160 Thread added: 0x0000015e86a4d880
Event: 2.295 Thread 0x0000015ea252e160 Thread added: 0x0000015e86a4e5a0
Event: 2.295 Thread 0x0000015ea252e160 Thread added: 0x0000015e86a4c4d0
Event: 2.295 Thread 0x0000015ea252e160 Thread added: 0x0000015e86a4b120
Event: 2.312 Thread 0x0000015ea252e160 Thread added: 0x0000015e86a4df10
Event: 2.429 Thread 0x0000015e84ffe150 Thread added: 0x0000015e86a4ec30


Dynamic libraries:
0x00007ff6e9e70000 - 0x00007ff6e9e7e000 	c:\Users\kashi\.vscode\extensions\redhat.java-1.54.0-win32-x64\jre\21.0.10-win32-x86_64\bin\java.exe
0x00007ffdc6600000 - 0x00007ffdc6866000 	C:\Windows\SYSTEM32\ntdll.dll
0x00007ffdc5f90000 - 0x00007ffdc6059000 	C:\Windows\System32\KERNEL32.DLL
0x00007ffdc3ba0000 - 0x00007ffdc3f9a000 	C:\Windows\System32\KERNELBASE.dll
0x00007ffdc39c0000 - 0x00007ffdc3b0c000 	C:\Windows\System32\ucrtbase.dll
0x00007ffd919c0000 - 0x00007ffd919de000 	c:\Users\kashi\.vscode\extensions\redhat.java-1.54.0-win32-x64\jre\21.0.10-win32-x86_64\bin\VCRUNTIME140.dll
0x00007ffda1040000 - 0x00007ffda1058000 	c:\Users\kashi\.vscode\extensions\redhat.java-1.54.0-win32-x64\jre\21.0.10-win32-x86_64\bin\jli.dll
0x00007ffdc50c0000 - 0x00007ffdc5287000 	C:\Windows\System32\USER32.dll
0x00007ffda74c0000 - 0x00007ffda7752000 	C:\Windows\WinSxS\amd64_microsoft.windows.common-controls_6595b64144ccf1df_6.0.26100.8521_none_3e08b75ce33403b3\COMCTL32.dll
0x00007ffdc3fa0000 - 0x00007ffdc3fc7000 	C:\Windows\System32\win32u.dll
0x00007ffdc4800000 - 0x00007ffdc48a9000 	C:\Windows\System32\msvcrt.dll
0x00007ffdc5f60000 - 0x00007ffdc5f8b000 	C:\Windows\System32\GDI32.dll
0x00007ffdc3890000 - 0x00007ffdc39bb000 	C:\Windows\System32\gdi32full.dll
0x00007ffdc3fd0000 - 0x00007ffdc4073000 	C:\Windows\System32\msvcp_win.dll
0x00007ffdc5080000 - 0x00007ffdc50b2000 	C:\Windows\System32\IMM32.DLL
0x00007ffda10a0000 - 0x00007ffda10ac000 	c:\Users\kashi\.vscode\extensions\redhat.java-1.54.0-win32-x64\jre\21.0.10-win32-x86_64\bin\vcruntime140_1.dll
0x00007ffd3ef90000 - 0x00007ffd3f01d000 	c:\Users\kashi\.vscode\extensions\redhat.java-1.54.0-win32-x64\jre\21.0.10-win32-x86_64\bin\msvcp140.dll
0x00007ffd08de0000 - 0x00007ffd09b81000 	c:\Users\kashi\.vscode\extensions\redhat.java-1.54.0-win32-x64\jre\21.0.10-win32-x86_64\bin\server\jvm.dll
0x00007ffdc5490000 - 0x00007ffdc5546000 	C:\Windows\System32\ADVAPI32.dll
0x00007ffdc4a40000 - 0x00007ffdc4aea000 	C:\Windows\System32\sechost.dll
0x00007ffdc5e40000 - 0x00007ffdc5f58000 	C:\Windows\System32\RPCRT4.dll
0x00007ffdc48b0000 - 0x00007ffdc4930000 	C:\Windows\System32\WS2_32.dll
0x00007ffdc2460000 - 0x00007ffdc24be000 	C:\Windows\SYSTEM32\POWRPROF.dll
0x00007ffdb7a20000 - 0x00007ffdb7a2b000 	C:\Windows\SYSTEM32\VERSION.dll
0x00007ffdb4a70000 - 0x00007ffdb4aa6000 	C:\Windows\SYSTEM32\WINMM.dll
0x00007ffdc2440000 - 0x00007ffdc2454000 	C:\Windows\SYSTEM32\UMPDC.dll
0x00007ffdc2740000 - 0x00007ffdc275b000 	C:\Windows\SYSTEM32\kernel.appcore.dll
0x00007ffda0d30000 - 0x00007ffda0d3a000 	c:\Users\kashi\.vscode\extensions\redhat.java-1.54.0-win32-x64\jre\21.0.10-win32-x86_64\bin\jimage.dll
0x00007ffdc0ea0000 - 0x00007ffdc10e2000 	C:\Windows\SYSTEM32\DBGHELP.DLL
0x00007ffdc4cf0000 - 0x00007ffdc5073000 	C:\Windows\System32\combase.dll
0x00007ffdc61a0000 - 0x00007ffdc6279000 	C:\Windows\System32\OLEAUT32.dll
0x00007ffda3f30000 - 0x00007ffda3f6b000 	C:\Windows\SYSTEM32\dbgcore.DLL
0x00007ffdc4080000 - 0x00007ffdc4128000 	C:\Windows\System32\bcryptPrimitives.dll
0x00007ffd990a0000 - 0x00007ffd990af000 	c:\Users\kashi\.vscode\extensions\redhat.java-1.54.0-win32-x64\jre\21.0.10-win32-x86_64\bin\instrument.dll
0x00007ffd8a690000 - 0x00007ffd8a6b0000 	c:\Users\kashi\.vscode\extensions\redhat.java-1.54.0-win32-x64\jre\21.0.10-win32-x86_64\bin\java.dll
0x00007ffdc55d0000 - 0x00007ffdc5d54000 	C:\Windows\System32\SHELL32.dll
0x00007ffdc1440000 - 0x00007ffdc1cc0000 	C:\Windows\SYSTEM32\windows.storage.dll
0x00007ffdc4af0000 - 0x00007ffdc4be6000 	C:\Windows\System32\SHCORE.dll
0x00007ffdc5db0000 - 0x00007ffdc5e17000 	C:\Windows\System32\shlwapi.dll
0x00007ffdc37b0000 - 0x00007ffdc37d9000 	C:\Windows\SYSTEM32\profapi.dll
0x00007ffd88f80000 - 0x00007ffd88f98000 	c:\Users\kashi\.vscode\extensions\redhat.java-1.54.0-win32-x64\jre\21.0.10-win32-x86_64\bin\zip.dll
0x00007ffd93c00000 - 0x00007ffd93c10000 	C:\Users\kashi\.vscode\extensions\redhat.java-1.54.0-win32-x64\jre\21.0.10-win32-x86_64\bin\net.dll
0x00007ffdbb850000 - 0x00007ffdbb979000 	C:\Windows\SYSTEM32\WINHTTP.dll
0x00007ffdc2cb0000 - 0x00007ffdc2d1c000 	C:\Windows\system32\mswsock.dll
0x00007ffd85a00000 - 0x00007ffd85a16000 	C:\Users\kashi\.vscode\extensions\redhat.java-1.54.0-win32-x64\jre\21.0.10-win32-x86_64\bin\nio.dll
0x00007ffd91aa0000 - 0x00007ffd91ab0000 	c:\Users\kashi\.vscode\extensions\redhat.java-1.54.0-win32-x64\jre\21.0.10-win32-x86_64\bin\verify.dll
0x00007ffd74760000 - 0x00007ffd747a5000 	C:\Users\kashi\AppData\Roaming\Code\User\globalStorage\redhat.java\1.54.0\config_ss_win\org.eclipse.equinox.launcher\org.eclipse.equinox.launcher.win32.win32.x86_64_1.3.0.v20260203-2149\eclipse_11919.dll
0x00007ffdc5290000 - 0x00007ffdc5428000 	C:\Windows\System32\ole32.dll
0x00007ffdc2f90000 - 0x00007ffdc2fab000 	C:\Windows\SYSTEM32\CRYPTSP.dll
0x00007ffdc26a0000 - 0x00007ffdc26d9000 	C:\Windows\system32\rsaenh.dll
0x00007ffdc2d60000 - 0x00007ffdc2d93000 	C:\Windows\SYSTEM32\USERENV.dll
0x00007ffdc3780000 - 0x00007ffdc37aa000 	C:\Windows\SYSTEM32\bcrypt.dll
0x00007ffdc2fb0000 - 0x00007ffdc2fbc000 	C:\Windows\SYSTEM32\CRYPTBASE.dll
0x00007ffdc20b0000 - 0x00007ffdc20e3000 	C:\Windows\SYSTEM32\IPHLPAPI.DLL
0x00007ffdc5d60000 - 0x00007ffdc5d6a000 	C:\Windows\System32\NSI.dll
0x00007ffd739c0000 - 0x00007ffd73a09000 	C:\Users\kashi\AppData\Local\Temp\jna-101820318\jna15250062643889484660.dll
0x00007ffdc5480000 - 0x00007ffdc5488000 	C:\Windows\System32\PSAPI.DLL
0x00007ffdbbdc0000 - 0x00007ffdbbddd000 	C:\Windows\SYSTEM32\dhcpcsvc6.DLL
0x00007ffdbb820000 - 0x00007ffdbb845000 	C:\Windows\SYSTEM32\dhcpcsvc.DLL

JVMTI agents:
c:\Users\kashi\.vscode\extensions\redhat.java-1.54.0-win32-x64\lombok\lombok-1.18.39-4050.jar path:c:\Users\kashi\.vscode\extensions\redhat.java-1.54.0-win32-x64\jre\21.0.10-win32-x86_64\bin\instrument.dll, loaded, initialized, instrumentlib options:none

dbghelp: loaded successfully - version: 4.0.5 - missing functions: none
symbol engine: initialized successfully - sym options: 0x614 - pdb path: .;c:\Users\kashi\.vscode\extensions\redhat.java-1.54.0-win32-x64\jre\21.0.10-win32-x86_64\bin;C:\Windows\SYSTEM32;C:\Windows\WinSxS\amd64_microsoft.windows.common-controls_6595b64144ccf1df_6.0.26100.8521_none_3e08b75ce33403b3;c:\Users\kashi\.vscode\extensions\redhat.java-1.54.0-win32-x64\jre\21.0.10-win32-x86_64\bin\server;C:\Users\kashi\AppData\Roaming\Code\User\globalStorage\redhat.java\1.54.0\config_ss_win\org.eclipse.equinox.launcher\org.eclipse.equinox.launcher.win32.win32.x86_64_1.3.0.v20260203-2149;C:\Users\kashi\AppData\Local\Temp\jna-101820318

VM Arguments:
jvm_args: --add-modules=ALL-SYSTEM --add-opens=java.base/java.util=ALL-UNNAMED --add-opens=java.base/java.lang=ALL-UNNAMED --add-opens=java.base/sun.nio.fs=ALL-UNNAMED -Declipse.application=org.eclipse.jdt.ls.core.id1 -Dosgi.bundles.defaultStartLevel=4 -Declipse.product=org.eclipse.jdt.ls.core.product -Djava.import.generatesMetadataFilesAtProjectRoot=false -DDetectVMInstallationsJob.disabled=true -Dfile.encoding=utf8 -XX:+UseParallelGC -XX:GCTimeRatio=4 -XX:AdaptiveSizePolicyWeight=90 -Dsun.zip.disableMemoryMapping=true -Xmx2G -Xms100m -Xlog:disable -javaagent:c:\Users\kashi\.vscode\extensions\redhat.java-1.54.0-win32-x64\lombok\lombok-1.18.39-4050.jar 
java_command: c:\Users\kashi\.vscode\extensions\redhat.java-1.54.0-win32-x64\server\plugins\org.eclipse.equinox.launcher_1.7.100.v20251111-0406.jar -configuration c:\Users\kashi\AppData\Roaming\Code\User\globalStorage\redhat.java\1.54.0\config_ss_win -data c:\Users\kashi\AppData\Roaming\Code\User\workspaceStorage\4f91f8c64ce41203b4c1c3c9d955ca95\redhat.java\ss_ws --pipe=\\.\pipe\lsp-40a4a3dc9f4932d554be0d5d9ca77a32-sock
java_class_path (initial): c:\Users\kashi\.vscode\extensions\redhat.java-1.54.0-win32-x64\server\plugins\org.eclipse.equinox.launcher_1.7.100.v20251111-0406.jar
Launcher Type: SUN_STANDARD

[Global flags]
    uintx AdaptiveSizePolicyWeight                 = 90                                        {product} {command line}
     intx CICompilerCount                          = 4                                         {product} {ergonomic}
    uintx GCTimeRatio                              = 4                                         {product} {command line}
   size_t InitialHeapSize                          = 104857600                                 {product} {command line}
   size_t MaxHeapSize                              = 2147483648                                {product} {command line}
   size_t MaxNewSize                               = 715653120                                 {product} {ergonomic}
   size_t MinHeapDeltaBytes                        = 524288                                    {product} {ergonomic}
   size_t MinHeapSize                              = 104857600                                 {product} {command line}
   size_t NewSize                                  = 34603008                                  {product} {ergonomic}
    uintx NonNMethodCodeHeapSize                   = 5839372                                {pd product} {ergonomic}
    uintx NonProfiledCodeHeapSize                  = 122909434                              {pd product} {ergonomic}
   size_t OldSize                                  = 70254592                                  {product} {ergonomic}
    uintx ProfiledCodeHeapSize                     = 122909434                              {pd product} {ergonomic}
    uintx ReservedCodeCacheSize                    = 251658240                              {pd product} {ergonomic}
     bool SegmentedCodeCache                       = true                                      {product} {ergonomic}
   size_t SoftMaxHeapSize                          = 2147483648                             {manageable} {ergonomic}
     bool UseCompressedOops                        = true                           {product lp64_product} {ergonomic}
     bool UseLargePagesIndividualAllocation        = false                                  {pd product} {ergonomic}
     bool UseParallelGC                            = true                                      {product} {command line}

Logging:
Log output configuration:
 #0: stdout all=off uptime,level,tags foldmultilines=false
 #1: stderr all=off uptime,level,tags foldmultilines=false

Release file:
JAVA_VERSION="21.0.10" 
MODULES="java.base java.compiler java.datatransfer java.xml java.prefs java.desktop java.instrument java.logging java.management java.security.sasl java.naming java.rmi java.management.rmi java.net.http java.scripting java.security.jgss java.transaction.xa java.sql java.sql.rowset java.xml.crypto java.se java.smartcardio jdk.accessibility jdk.internal.jvmstat jdk.attach jdk.charsets jdk.internal.opt jdk.zipfs jdk.compiler jdk.crypto.ec jdk.crypto.cryptoki jdk.crypto.mscapi jdk.dynalink jdk.internal.ed jdk.editpad jdk.hotspot.agent jdk.httpserver jdk.internal.le jdk.internal.vm.ci jdk.internal.vm.compiler jdk.internal.vm.compiler.management jdk.jartool jdk.javadoc jdk.jcmd jdk.management jdk.management.agent jdk.jconsole jdk.jdeps jdk.jdwp.agent jdk.jdi jdk.jfr jdk.jshell jdk.jsobject jdk.jstatd jdk.localedata jdk.management.jfr jdk.naming.dns jdk.naming.rmi jdk.net jdk.nio.mapmode jdk.random jdk.sctp jdk.security.auth jdk.security.jgss jdk.unsupported jdk.unsupported.desktop jdk.xml.dom" 

Environment Variables:
PATH=C:\Program Files\Common Files\Oracle\Java\javapath;C:\Windows\system32;C:\Windows;C:\Windows\System32\Wbem;C:\Windows\System32\WindowsPowerShell\v1.0\;C:\Windows\System32\OpenSSH\;C:\Program Files\nodejs\;C:\ProgramData\chocolatey\bin;C:\mingw64\bin;C:\Program Files\dotnet\;C:\apache-maven-3.9.12\bin;C:\Program Files\MySQL\MySQL Server 8.0\bin;C:\Users\kashi\AppData\Local\Programs\Python\Python314\Scripts\;C:\Users\kashi\AppData\Roaming\Python\Python3x\Scripts;C:\Program Files\Git\cmd;C:\Program Files\Git\mingw64\bin;C:\Program Files\Git\usr\bin;C:\Users\kashi\AppData\Local\Programs\Python\Launcher\;C:\Program Files\MySQL\MySQL Shell 8.0\bin\;C:\Users\kashi\AppData\Local\Microsoft\WindowsApps;C:\Users\kashi\AppData\Local\Programs\Microsoft VS Code\bin;C:\Users\kashi\AppData\Roaming\npm
USERNAME=kashi
OS=Windows_NT
PROCESSOR_IDENTIFIER=Intel64 Family 6 Model 141 Stepping 1, GenuineIntel
TMP=C:\Users\kashi\AppData\Local\Temp
TEMP=C:\Users\kashi\AppData\Local\Temp




Periodic native trim disabled

---------------  S Y S T E M  ---------------

OS:
 Windows 11 , 64 bit Build 26100 (10.0.26100.8521)
OS uptime: 0 days 9:07 hours
Hyper-V role detected

CPU: total 12 (initial active 12) (6 cores per cpu, 2 threads per core) family 6 model 141 stepping 1 microcode 0x50, cx8, cmov, fxsr, ht, mmx, 3dnowpref, sse, sse2, sse3, ssse3, sse4.1, sse4.2, popcnt, lzcnt, tsc, tscinvbit, avx, avx2, aes, erms, clmul, bmi1, bmi2, adx, avx512f, avx512dq, avx512cd, avx512bw, avx512vl, sha, fma, vzeroupper, avx512_vpopcntdq, avx512_vpclmulqdq, avx512_vaes, avx512_vnni, clflush, clflushopt, clwb, avx512_vbmi2, avx512_vbmi, hv, rdtscp, rdpid, fsrm, gfni, avx512_bitalg, f16c, cet_ibt, cet_ss, avx512_ifma
Processor Information for the first 12 processors :
  Max Mhz: 2611, Current Mhz: 2611, Mhz Limit: 2611

Memory: 4k page, system-wide physical 16106M (3829M free)
TotalPageFile size 17501M (AvailPageFile size 3M)
current process WorkingSet (physical memory assigned to process): 173M, peak: 173M
current process commit charge ("private bytes"): 312M, peak: 313M

vm_info: OpenJDK 64-Bit Server VM (21.0.10+7-LTS) for windows-amd64 JRE (21.0.10+7-LTS), built on 2026-01-20T00:00:00Z by "admin" with MS VC++ 17.12 (VS2022)

END.
