#
# There is insufficient memory for the Java Runtime Environment to continue.
# Native memory allocation (malloc) failed to allocate 969376 bytes. Error detail: Chunk::new
# Possible reasons:
#   The system is out of physical RAM or swap space
#   This process is running with CompressedOops enabled, and the Java Heap may be blocking the growth of the native heap
# Possible solutions:
#   Reduce memory load on the system
#   Increase physical memory or swap space
#   Check if swap backing store is full
#   Decrease Java heap size (-Xmx/-Xms)
#   Decrease number of Java threads
#   Decrease Java thread stack sizes (-Xss)
#   Set larger code cache with -XX:ReservedCodeCacheSize=
#   JVM is running with Unscaled Compressed Oops mode in which the Java heap is
#     placed in the first 4GB address space. The Java Heap base address is the
#     maximum limit for the native heap growth. Please use -XX:HeapBaseMinAddress
#     to set the Java Heap base and to place the Java Heap above 4GB virtual address.
# This output file may be truncated or incomplete.
#
#  Out of Memory Error (arena.cpp:168), pid=21368, tid=6072
#
# JRE version: OpenJDK Runtime Environment Temurin-21.0.10+7 (21.0.10+7) (build 21.0.10+7-LTS)
# Java VM: OpenJDK 64-Bit Server VM Temurin-21.0.10+7 (21.0.10+7-LTS, mixed mode, sharing, tiered, compressed oops, compressed class ptrs, parallel gc, windows-amd64)
# No core dump will be written. Minidumps are not enabled by default on client versions of Windows
#

---------------  S U M M A R Y ------------

Command Line: --add-modules=ALL-SYSTEM --add-opens=java.base/java.util=ALL-UNNAMED --add-opens=java.base/java.lang=ALL-UNNAMED --add-opens=java.base/sun.nio.fs=ALL-UNNAMED -Declipse.application=org.eclipse.jdt.ls.core.id1 -Dosgi.bundles.defaultStartLevel=4 -Declipse.product=org.eclipse.jdt.ls.core.product -Djava.import.generatesMetadataFilesAtProjectRoot=false -DDetectVMInstallationsJob.disabled=true -Dfile.encoding=utf8 -XX:+UseParallelGC -XX:GCTimeRatio=4 -XX:AdaptiveSizePolicyWeight=90 -Dsun.zip.disableMemoryMapping=true -Xmx2G -Xms100m -Xlog:disable -javaagent:c:\Users\kashi\.vscode\extensions\redhat.java-1.54.0-win32-x64\lombok\lombok-1.18.39-4050.jar c:\Users\kashi\.vscode\extensions\redhat.java-1.54.0-win32-x64\server\plugins\org.eclipse.equinox.launcher_1.7.100.v20251111-0406.jar -configuration c:\Users\kashi\AppData\Roaming\Code\User\globalStorage\redhat.java\1.54.0\config_ss_win -data c:\Users\kashi\AppData\Roaming\Code\User\workspaceStorage\4f91f8c64ce41203b4c1c3c9d955ca95\redhat.java\ss_ws --pipe=\\.\pipe\lsp-b693b169d1a57b7042e400881a6e5ac4-sock

Host: 11th Gen Intel(R) Core(TM) i5-11260H @ 2.60GHz, 12 cores, 15G,  Windows 11 , 64 bit Build 26100 (10.0.26100.8521)
Time: Fri Jun 26 17:03:13 2026 India Standard Time elapsed time: 2.095202 seconds (0d 0h 0m 2s)

---------------  T H R E A D  ---------------

Current thread (0x00000183e76c3040):  JavaThread "C2 CompilerThread2" daemon [_thread_in_native, id=6072, stack(0x0000007ad5900000,0x0000007ad5a00000) (1024K)]


Current CompileTask:
C2:2095 2576       4       java.lang.invoke.MethodType::makeImpl (109 bytes)

Stack: [0x0000007ad5900000,0x0000007ad5a00000]
Native frames: (J=compiled Java code, j=interpreted, Vv=VM code, C=native code)
V  [jvm.dll+0x6d7a39]
V  [jvm.dll+0x8b4b26]
V  [jvm.dll+0x8b70de]
V  [jvm.dll+0x8b77c3]
V  [jvm.dll+0x284346]
V  [jvm.dll+0xc66ed]
V  [jvm.dll+0xc6c31]
V  [jvm.dll+0x2fb29e]
V  [jvm.dll+0x5fe884]
V  [jvm.dll+0x255b17]
V  [jvm.dll+0x255edd]
V  [jvm.dll+0x24e500]
V  [jvm.dll+0x24ba42]
V  [jvm.dll+0x1cb34e]
V  [jvm.dll+0x25b85d]
V  [jvm.dll+0x259dea]
V  [jvm.dll+0x3f857e]
V  [jvm.dll+0x85f59d]
V  [jvm.dll+0x6d626d]
C  [ucrtbase.dll+0x2cd30]
C  [KERNEL32.DLL+0x2e957]
C  [ntdll.dll+0x87c1c]


---------------  P R O C E S S  ---------------

Threads class SMR info:
_java_thread_list=0x00000183e7e4ea40, length=21, elements={
0x00000183890bb7d0, 0x0000018389163400, 0x000001838906c960, 0x0000018389166040,
0x0000018389166d20, 0x000001838916d060, 0x000001838916f150, 0x0000018389178740,
0x000001838917d090, 0x00000183e1fd1940, 0x00000183e2031d30, 0x00000183e214a060,
0x00000183e7762370, 0x00000183e7b6dcb0, 0x00000183e7a0d0c0, 0x00000183e72fc350,
0x00000183e76c3040, 0x00000183e79916c0, 0x00000183e7da03c0, 0x00000183e765f4a0,
0x00000183e7d55f40
}

Java Threads: ( => current thread )
  0x00000183890bb7d0 JavaThread "main"                              [_thread_blocked, id=25068, stack(0x0000007ad3f00000,0x0000007ad4000000) (1024K)]
  0x0000018389163400 JavaThread "Reference Handler"          daemon [_thread_blocked, id=12872, stack(0x0000007ad4300000,0x0000007ad4400000) (1024K)]
  0x000001838906c960 JavaThread "Finalizer"                  daemon [_thread_blocked, id=9256, stack(0x0000007ad4400000,0x0000007ad4500000) (1024K)]
  0x0000018389166040 JavaThread "Signal Dispatcher"          daemon [_thread_blocked, id=4332, stack(0x0000007ad4500000,0x0000007ad4600000) (1024K)]
  0x0000018389166d20 JavaThread "Attach Listener"            daemon [_thread_blocked, id=3180, stack(0x0000007ad4600000,0x0000007ad4700000) (1024K)]
  0x000001838916d060 JavaThread "Service Thread"             daemon [_thread_blocked, id=24972, stack(0x0000007ad4700000,0x0000007ad4800000) (1024K)]
  0x000001838916f150 JavaThread "Monitor Deflation Thread"   daemon [_thread_blocked, id=25124, stack(0x0000007ad4800000,0x0000007ad4900000) (1024K)]
  0x0000018389178740 JavaThread "C2 CompilerThread0"         daemon [_thread_blocked, id=18348, stack(0x0000007ad4900000,0x0000007ad4a00000) (1024K)]
  0x000001838917d090 JavaThread "C1 CompilerThread0"         daemon [_thread_blocked, id=21600, stack(0x0000007ad4a00000,0x0000007ad4b00000) (1024K)]
  0x00000183e1fd1940 JavaThread "Common-Cleaner"             daemon [_thread_blocked, id=25556, stack(0x0000007ad4b00000,0x0000007ad4c00000) (1024K)]
  0x00000183e2031d30 JavaThread "C2 CompilerThread1"         daemon [_thread_blocked, id=25220, stack(0x0000007ad4c00000,0x0000007ad4d00000) (1024K)]
  0x00000183e214a060 JavaThread "Notification Thread"        daemon [_thread_blocked, id=21428, stack(0x0000007ad4d00000,0x0000007ad4e00000) (1024K)]
  0x00000183e7762370 JavaThread "Active Thread: Equinox Container: c01ccff0-e2d7-4956-bdbc-5ddab6faf148"        [_thread_blocked, id=14748, stack(0x0000007ad5500000,0x0000007ad5600000) (1024K)]
  0x00000183e7b6dcb0 JavaThread "Framework Event Dispatcher: Equinox Container: c01ccff0-e2d7-4956-bdbc-5ddab6faf148" daemon [_thread_blocked, id=5324, stack(0x0000007ad5600000,0x0000007ad5700000) (1024K)]
  0x00000183e7a0d0c0 JavaThread "Start Level: Equinox Container: c01ccff0-e2d7-4956-bdbc-5ddab6faf148" daemon [_thread_in_vm, id=6672, stack(0x0000007ad5700000,0x0000007ad5800000) (1024K)]
  0x00000183e72fc350 JavaThread "SCR Component Actor"        daemon [_thread_blocked, id=24100, stack(0x0000007ad4e00000,0x0000007ad4f00000) (1024K)]
=>0x00000183e76c3040 JavaThread "C2 CompilerThread2"         daemon [_thread_in_native, id=6072, stack(0x0000007ad5900000,0x0000007ad5a00000) (1024K)]
  0x00000183e79916c0 JavaThread "Worker-JM"                         [_thread_blocked, id=13624, stack(0x0000007ad5a00000,0x0000007ad5b00000) (1024K)]
  0x00000183e7da03c0 JavaThread "JNA Cleaner"                daemon [_thread_blocked, id=24000, stack(0x0000007ad5d00000,0x0000007ad5e00000) (1024K)]
  0x00000183e765f4a0 JavaThread "Worker-0"                          [_thread_blocked, id=10944, stack(0x0000007ad5e00000,0x0000007ad5f00000) (1024K)]
  0x00000183e7d55f40 JavaThread "Worker-1"                          [_thread_blocked, id=14504, stack(0x0000007ad5f00000,0x0000007ad6000000) (1024K)]
Total: 21

Other Threads:
  0x00000183e1df0f10 VMThread "VM Thread"                           [id=12856, stack(0x0000007ad4200000,0x0000007ad4300000) (1024K)]
  0x0000018388f4c950 WatcherThread "VM Periodic Task Thread"        [id=16448, stack(0x0000007ad4100000,0x0000007ad4200000) (1024K)]
  0x00000183890d8ef0 WorkerThread "GC Thread#0"                     [id=5564, stack(0x0000007ad4000000,0x0000007ad4100000) (1024K)]
  0x00000183e7057730 WorkerThread "GC Thread#1"                     [id=11852, stack(0x0000007ad4f00000,0x0000007ad5000000) (1024K)]
  0x00000183e202ce40 WorkerThread "GC Thread#2"                     [id=18252, stack(0x0000007ad5000000,0x0000007ad5100000) (1024K)]
  0x00000183e202d1f0 WorkerThread "GC Thread#3"                     [id=16868, stack(0x0000007ad5100000,0x0000007ad5200000) (1024K)]
  0x00000183e202d5a0 WorkerThread "GC Thread#4"                     [id=11476, stack(0x0000007ad5200000,0x0000007ad5300000) (1024K)]
  0x00000183e7aa7f20 WorkerThread "GC Thread#5"                     [id=13272, stack(0x0000007ad5300000,0x0000007ad5400000) (1024K)]
  0x00000183e7aa82d0 WorkerThread "GC Thread#6"                     [id=8760, stack(0x0000007ad5400000,0x0000007ad5500000) (1024K)]
  0x00000183e724e9d0 WorkerThread "GC Thread#7"                     [id=5232, stack(0x0000007ad5800000,0x0000007ad5900000) (1024K)]
  0x00000183e724d000 WorkerThread "GC Thread#8"                     [id=19820, stack(0x0000007ad5b00000,0x0000007ad5c00000) (1024K)]
  0x00000183e724d3b0 WorkerThread "GC Thread#9"                     [id=24180, stack(0x0000007ad5c00000,0x0000007ad5d00000) (1024K)]
Total: 12

Threads with active compile tasks:
C2 CompilerThread2  2107 2576       4       java.lang.invoke.MethodType::makeImpl (109 bytes)
Total: 1

VM state: not at safepoint (normal execution)

VM Mutex/Monitor currently owned by a thread: None

Heap address: 0x0000000080000000, size: 2048 MB, Compressed Oops mode: 32-bit

CDS archive(s) mapped at: [0x00000183a0000000-0x00000183a0ba0000-0x00000183a0ba0000), size 12189696, SharedBaseAddress: 0x00000183a0000000, ArchiveRelocationMode: 1.
Compressed class space mapped at: 0x00000183a1000000-0x00000183e1000000, reserved size: 1073741824
Narrow klass base: 0x00000183a0000000, Narrow klass shift: 0, Narrow klass range: 0x100000000

GC Precious Log:
 CardTable entry size: 512
 CPUs: 12 total, 12 available
 Memory: 16106M
 Large Page Support: Disabled
 NUMA Support: Disabled
 Compressed Oops: Enabled (32-bit)
 Alignments: Space 512K, Generation 512K, Heap 2M
 Heap Min Capacity: 100M
 Heap Initial Capacity: 100M
 Heap Max Capacity: 2G
 Pre-touch: Disabled
 Parallel Workers: 10

Heap:
 PSYoungGen      total 29696K, used 16819K [0x00000000d5580000, 0x00000000d7680000, 0x0000000100000000)
  eden space 25600K, 49% used [0x00000000d5580000,0x00000000d61f08e8,0x00000000d6e80000)
  from space 4096K, 99% used [0x00000000d7280000,0x00000000d767c458,0x00000000d7680000)
  to   space 4096K, 0% used [0x00000000d6e80000,0x00000000d6e80000,0x00000000d7280000)
 ParOldGen       total 68608K, used 4611K [0x0000000080000000, 0x0000000084300000, 0x00000000d5580000)
  object space 68608K, 6% used [0x0000000080000000,0x0000000080480dd0,0x0000000084300000)
 Metaspace       used 17487K, committed 18112K, reserved 1114112K
  class space    used 1824K, committed 2112K, reserved 1048576K

Card table byte_map: [0x0000018388a60000,0x0000018388e70000] _byte_map_base: 0x0000018388660000

Marking Bits: (ParMarkBitMap*) 0x00007ffd15443450
 Begin Bits: [0x000001839b570000, 0x000001839d570000)
 End Bits:   [0x000001839d570000, 0x000001839f570000)

Polling page: 0x0000018386cb0000

Metaspace:

Usage:
  Non-class:     15.30 MB used.
      Class:      1.78 MB used.
       Both:     17.08 MB used.

Virtual space:
  Non-class space:       64.00 MB reserved,      15.62 MB ( 24%) committed,  1 nodes.
      Class space:        1.00 GB reserved,       2.06 MB ( <1%) committed,  1 nodes.
             Both:        1.06 GB reserved,      17.69 MB (  2%) committed. 

Chunk freelists:
   Non-Class:  15.95 MB
       Class:  13.77 MB
        Both:  29.72 MB

MaxMetaspaceSize: unlimited
CompressedClassSpaceSize: 1.00 GB
Initial GC threshold: 21.00 MB
Current GC threshold: 21.00 MB
CDS: on
 - commit_granule_bytes: 65536.
 - commit_granule_words: 8192.
 - virtual_space_node_default_size: 8388608.
 - enlarge_chunks_in_place: 1.
 - use_allocation_guard: 0.


Internal statistics:

num_allocs_failed_limit: 0.
num_arena_births: 500.
num_arena_deaths: 0.
num_vsnodes_births: 2.
num_vsnodes_deaths: 0.
num_space_committed: 283.
num_space_uncommitted: 0.
num_chunks_returned_to_freelist: 0.
num_chunks_taken_from_freelist: 1156.
num_chunk_merges: 0.
num_chunk_splits: 729.
num_chunks_enlarged: 464.
num_inconsistent_stats: 0.

CodeHeap 'non-profiled nmethods': size=120000Kb used=1144Kb max_used=1144Kb free=118855Kb
 bounds [0x0000018393d90000, 0x0000018394000000, 0x000001839b2c0000]
CodeHeap 'profiled nmethods': size=120000Kb used=5123Kb max_used=5123Kb free=114876Kb
 bounds [0x000001838c2c0000, 0x000001838c7d0000, 0x00000183937f0000]
CodeHeap 'non-nmethods': size=5760Kb used=1279Kb max_used=1307Kb free=4480Kb
 bounds [0x00000183937f0000, 0x0000018393a60000, 0x0000018393d90000]
CodeCache: size=245760Kb, used=7546Kb, max_used=7574Kb, free=238211Kb
 total_blobs=3216, nmethods=2667, adapters=455, full_count=0
Compilation: enabled, stopped_count=0, restarted_count=0

Compilation events (20 events):
Event: 2.086 Thread 0x0000018389178740 2635       4       org.lombokweb.asm.ClassReader::readUTF8 (23 bytes)
Event: 2.086 Thread 0x000001838917d090 nmethod 2628 0x000001838c7a3d90 code [0x000001838c7a4060, 0x000001838c7a4f38]
Event: 2.086 Thread 0x000001838917d090 2626       3       org.lombokweb.asm.Type::getArgumentsAndReturnSizes (140 bytes)
Event: 2.087 Thread 0x0000018389178740 nmethod 2635 0x0000018393ea9610 code [0x0000018393ea97a0, 0x0000018393ea98f8]
Event: 2.087 Thread 0x000001838917d090 nmethod 2626 0x000001838c7a5390 code [0x000001838c7a5760, 0x000001838c7a72c0]
Event: 2.087 Thread 0x000001838917d090 2624       3       org.lombokweb.asm.MethodWriter::canCopyMethodAttributes (163 bytes)
Event: 2.088 Thread 0x0000018389178740 2636       4       org.lombokweb.asm.ByteVector::putShort (52 bytes)
Event: 2.088 Thread 0x000001838917d090 nmethod 2624 0x000001838c7a7d90 code [0x000001838c7a7fa0, 0x000001838c7a85c0]
Event: 2.088 Thread 0x00000183e2031d30 2637       4       org.lombokweb.asm.ClassReader::readClass (7 bytes)
Event: 2.088 Thread 0x000001838917d090 2622       3       org.lombokweb.asm.Label::resolve (259 bytes)
Event: 2.088 Thread 0x000001838917d090 nmethod 2622 0x000001838c7a8810 code [0x000001838c7a8a00, 0x000001838c7a8fa8]
Event: 2.089 Thread 0x000001838917d090 2634       3       org.lombokweb.asm.MethodWriter::putMethodInfo (1274 bytes)
Event: 2.089 Thread 0x0000018389178740 nmethod 2636 0x0000018393ea9a90 code [0x0000018393ea9c40, 0x0000018393ea9e00]
Event: 2.089 Thread 0x0000018389178740 2638       4       java.util.regex.Pattern$BmpCharPropertyGreedy::match (89 bytes)
Event: 2.090 Thread 0x00000183e2031d30 nmethod 2637 0x0000018393ea9f90 code [0x0000018393eaa140, 0x0000018393eaa368]
Event: 2.090 Thread 0x00000183e2031d30 2639       4       org.lombokweb.asm.SymbolTable$Entry::<init> (20 bytes)
Event: 2.091 Thread 0x00000183e2031d30 nmethod 2639 0x0000018393eaa590 code [0x0000018393eaa720, 0x0000018393eaa7f0]
Event: 2.091 Thread 0x00000183e2031d30 2640       4       org.lombokweb.asm.SymbolTable::addConstantMemberReference (29 bytes)
Event: 2.091 Thread 0x000001838917d090 nmethod 2634 0x000001838c7a9310 code [0x000001838c7a9a00, 0x000001838c7abed8]
Event: 2.091 Thread 0x000001838917d090 2632       3       org.lombokweb.asm.MethodWriter::computeMethodInfoSize (571 bytes)

GC Heap History (8 events):
Event: 0.590 GC heap before
{Heap before GC invocations=1 (full 0):
 PSYoungGen      total 29696K, used 25600K [0x00000000d5580000, 0x00000000d7680000, 0x0000000100000000)
  eden space 25600K, 100% used [0x00000000d5580000,0x00000000d6e80000,0x00000000d6e80000)
  from space 4096K, 0% used [0x00000000d7280000,0x00000000d7280000,0x00000000d7680000)
  to   space 4096K, 0% used [0x00000000d6e80000,0x00000000d6e80000,0x00000000d7280000)
 ParOldGen       total 68608K, used 0K [0x0000000080000000, 0x0000000084300000, 0x00000000d5580000)
  object space 68608K, 0% used [0x0000000080000000,0x0000000080000000,0x0000000084300000)
 Metaspace       used 4331K, committed 4608K, reserved 1114112K
  class space    used 473K, committed 576K, reserved 1048576K
}
Event: 0.595 GC heap after
{Heap after GC invocations=1 (full 0):
 PSYoungGen      total 29696K, used 3335K [0x00000000d5580000, 0x00000000d7680000, 0x0000000100000000)
  eden space 25600K, 0% used [0x00000000d5580000,0x00000000d5580000,0x00000000d6e80000)
  from space 4096K, 81% used [0x00000000d6e80000,0x00000000d71c1e98,0x00000000d7280000)
  to   space 4096K, 0% used [0x00000000d7280000,0x00000000d7280000,0x00000000d7680000)
 ParOldGen       total 68608K, used 16K [0x0000000080000000, 0x0000000084300000, 0x00000000d5580000)
  object space 68608K, 0% used [0x0000000080000000,0x0000000080004000,0x0000000084300000)
 Metaspace       used 4331K, committed 4608K, reserved 1114112K
  class space    used 473K, committed 576K, reserved 1048576K
}
Event: 1.137 GC heap before
{Heap before GC invocations=2 (full 0):
 PSYoungGen      total 29696K, used 28935K [0x00000000d5580000, 0x00000000d7680000, 0x0000000100000000)
  eden space 25600K, 100% used [0x00000000d5580000,0x00000000d6e80000,0x00000000d6e80000)
  from space 4096K, 81% used [0x00000000d6e80000,0x00000000d71c1e98,0x00000000d7280000)
  to   space 4096K, 0% used [0x00000000d7280000,0x00000000d7280000,0x00000000d7680000)
 ParOldGen       total 68608K, used 16K [0x0000000080000000, 0x0000000084300000, 0x00000000d5580000)
  object space 68608K, 0% used [0x0000000080000000,0x0000000080004000,0x0000000084300000)
 Metaspace       used 8174K, committed 8512K, reserved 1114112K
  class space    used 869K, committed 1024K, reserved 1048576K
}
Event: 1.142 GC heap after
{Heap after GC invocations=2 (full 0):
 PSYoungGen      total 29696K, used 4091K [0x00000000d5580000, 0x00000000d7680000, 0x0000000100000000)
  eden space 25600K, 0% used [0x00000000d5580000,0x00000000d5580000,0x00000000d6e80000)
  from space 4096K, 99% used [0x00000000d7280000,0x00000000d767efe8,0x00000000d7680000)
  to   space 4096K, 0% used [0x00000000d6e80000,0x00000000d6e80000,0x00000000d7280000)
 ParOldGen       total 68608K, used 1130K [0x0000000080000000, 0x0000000084300000, 0x00000000d5580000)
  object space 68608K, 1% used [0x0000000080000000,0x000000008011a820,0x0000000084300000)
 Metaspace       used 8174K, committed 8512K, reserved 1114112K
  class space    used 869K, committed 1024K, reserved 1048576K
}
Event: 1.590 GC heap before
{Heap before GC invocations=3 (full 0):
 PSYoungGen      total 29696K, used 29686K [0x00000000d5580000, 0x00000000d7680000, 0x0000000100000000)
  eden space 25600K, 99% used [0x00000000d5580000,0x00000000d6e7e818,0x00000000d6e80000)
  from space 4096K, 99% used [0x00000000d7280000,0x00000000d767efe8,0x00000000d7680000)
  to   space 4096K, 0% used [0x00000000d6e80000,0x00000000d6e80000,0x00000000d7280000)
 ParOldGen       total 68608K, used 1130K [0x0000000080000000, 0x0000000084300000, 0x00000000d5580000)
  object space 68608K, 1% used [0x0000000080000000,0x000000008011a820,0x0000000084300000)
 Metaspace       used 13016K, committed 13568K, reserved 1114112K
  class space    used 1381K, committed 1664K, reserved 1048576K
}
Event: 1.594 GC heap after
{Heap after GC invocations=3 (full 0):
 PSYoungGen      total 29696K, used 4066K [0x00000000d5580000, 0x00000000d7680000, 0x0000000100000000)
  eden space 25600K, 0% used [0x00000000d5580000,0x00000000d5580000,0x00000000d6e80000)
  from space 4096K, 99% used [0x00000000d6e80000,0x00000000d7278880,0x00000000d7280000)
  to   space 4096K, 0% used [0x00000000d7280000,0x00000000d7280000,0x00000000d7680000)
 ParOldGen       total 68608K, used 2955K [0x0000000080000000, 0x0000000084300000, 0x00000000d5580000)
  object space 68608K, 4% used [0x0000000080000000,0x00000000802e2dc0,0x0000000084300000)
 Metaspace       used 13016K, committed 13568K, reserved 1114112K
  class space    used 1381K, committed 1664K, reserved 1048576K
}
Event: 2.063 GC heap before
{Heap before GC invocations=4 (full 0):
 PSYoungGen      total 29696K, used 29600K [0x00000000d5580000, 0x00000000d7680000, 0x0000000100000000)
  eden space 25600K, 99% used [0x00000000d5580000,0x00000000d6e6fb40,0x00000000d6e80000)
  from space 4096K, 99% used [0x00000000d6e80000,0x00000000d7278880,0x00000000d7280000)
  to   space 4096K, 0% used [0x00000000d7280000,0x00000000d7280000,0x00000000d7680000)
 ParOldGen       total 68608K, used 2955K [0x0000000080000000, 0x0000000084300000, 0x00000000d5580000)
  object space 68608K, 4% used [0x0000000080000000,0x00000000802e2dc0,0x0000000084300000)
 Metaspace       used 17021K, committed 17664K, reserved 1114112K
  class space    used 1800K, committed 2112K, reserved 1048576K
}
Event: 2.065 GC heap after
{Heap after GC invocations=4 (full 0):
 PSYoungGen      total 29696K, used 4081K [0x00000000d5580000, 0x00000000d7680000, 0x0000000100000000)
  eden space 25600K, 0% used [0x00000000d5580000,0x00000000d5580000,0x00000000d6e80000)
  from space 4096K, 99% used [0x00000000d7280000,0x00000000d767c458,0x00000000d7680000)
  to   space 4096K, 0% used [0x00000000d6e80000,0x00000000d6e80000,0x00000000d7280000)
 ParOldGen       total 68608K, used 4611K [0x0000000080000000, 0x0000000084300000, 0x00000000d5580000)
  object space 68608K, 6% used [0x0000000080000000,0x0000000080480dd0,0x0000000084300000)
 Metaspace       used 17021K, committed 17664K, reserved 1114112K
  class space    used 1800K, committed 2112K, reserved 1048576K
}

Dll operation events (10 events):
Event: 0.010 Loaded shared library c:\Users\kashi\.vscode\extensions\redhat.java-1.54.0-win32-x64\jre\21.0.10-win32-x86_64\bin\java.dll
Event: 0.069 Loaded shared library c:\Users\kashi\.vscode\extensions\redhat.java-1.54.0-win32-x64\jre\21.0.10-win32-x86_64\bin\zip.dll
Event: 0.089 Loaded shared library C:\Users\kashi\.vscode\extensions\redhat.java-1.54.0-win32-x64\jre\21.0.10-win32-x86_64\bin\instrument.dll
Event: 0.095 Loaded shared library C:\Users\kashi\.vscode\extensions\redhat.java-1.54.0-win32-x64\jre\21.0.10-win32-x86_64\bin\net.dll
Event: 0.099 Loaded shared library C:\Users\kashi\.vscode\extensions\redhat.java-1.54.0-win32-x64\jre\21.0.10-win32-x86_64\bin\nio.dll
Event: 0.102 Loaded shared library C:\Users\kashi\.vscode\extensions\redhat.java-1.54.0-win32-x64\jre\21.0.10-win32-x86_64\bin\zip.dll
Event: 0.115 Loaded shared library C:\Users\kashi\.vscode\extensions\redhat.java-1.54.0-win32-x64\jre\21.0.10-win32-x86_64\bin\jimage.dll
Event: 0.173 Loaded shared library c:\Users\kashi\.vscode\extensions\redhat.java-1.54.0-win32-x64\jre\21.0.10-win32-x86_64\bin\verify.dll
Event: 1.123 Loaded shared library C:\Users\kashi\AppData\Roaming\Code\User\globalStorage\redhat.java\1.54.0\config_ss_win\org.eclipse.equinox.launcher\org.eclipse.equinox.launcher.win32.win32.x86_64_1.3.0.v20260203-2149\eclipse_11919.dll
Event: 1.929 Loaded shared library C:\Users\kashi\AppData\Local\Temp\jna-101820318\jna8112665732507487247.dll

Deoptimization events (20 events):
Event: 2.045 Thread 0x00000183e7a0d0c0 Uncommon trap: trap_request=0xffffffde fr.pc=0x0000018393e84914 relative=0x00000000000003b4
Event: 2.045 Thread 0x00000183e7a0d0c0 Uncommon trap: reason=class_check action=maybe_recompile pc=0x0000018393e84914 method=java.util.regex.Pattern$BmpCharPropertyGreedy.match(Ljava/util/regex/Matcher;ILjava/lang/CharSequence;)Z @ 70 c2
Event: 2.045 Thread 0x00000183e7a0d0c0 DEOPT PACKING pc=0x0000018393e84914 sp=0x0000007ad57ef800
Event: 2.045 Thread 0x00000183e7a0d0c0 DEOPT UNPACKING pc=0x0000018393846da2 sp=0x0000007ad57ef7a8 mode 2
Event: 2.045 Thread 0x00000183e7a0d0c0 Uncommon trap: trap_request=0xffffffde fr.pc=0x0000018393e84914 relative=0x00000000000003b4
Event: 2.045 Thread 0x00000183e7a0d0c0 Uncommon trap: reason=class_check action=maybe_recompile pc=0x0000018393e84914 method=java.util.regex.Pattern$BmpCharPropertyGreedy.match(Ljava/util/regex/Matcher;ILjava/lang/CharSequence;)Z @ 70 c2
Event: 2.045 Thread 0x00000183e7a0d0c0 DEOPT PACKING pc=0x0000018393e84914 sp=0x0000007ad57ef650
Event: 2.045 Thread 0x00000183e7a0d0c0 DEOPT UNPACKING pc=0x0000018393846da2 sp=0x0000007ad57ef5f8 mode 2
Event: 2.045 Thread 0x00000183e7a0d0c0 Uncommon trap: trap_request=0xffffffde fr.pc=0x0000018393e84914 relative=0x00000000000003b4
Event: 2.045 Thread 0x00000183e7a0d0c0 Uncommon trap: reason=class_check action=maybe_recompile pc=0x0000018393e84914 method=java.util.regex.Pattern$BmpCharPropertyGreedy.match(Ljava/util/regex/Matcher;ILjava/lang/CharSequence;)Z @ 70 c2
Event: 2.045 Thread 0x00000183e7a0d0c0 DEOPT PACKING pc=0x0000018393e84914 sp=0x0000007ad57ef810
Event: 2.045 Thread 0x00000183e7a0d0c0 DEOPT UNPACKING pc=0x0000018393846da2 sp=0x0000007ad57ef7b8 mode 2
Event: 2.045 Thread 0x00000183e7a0d0c0 Uncommon trap: trap_request=0xffffffde fr.pc=0x0000018393e84914 relative=0x00000000000003b4
Event: 2.045 Thread 0x00000183e7a0d0c0 Uncommon trap: reason=class_check action=maybe_recompile pc=0x0000018393e84914 method=java.util.regex.Pattern$BmpCharPropertyGreedy.match(Ljava/util/regex/Matcher;ILjava/lang/CharSequence;)Z @ 70 c2
Event: 2.045 Thread 0x00000183e7a0d0c0 DEOPT PACKING pc=0x0000018393e84914 sp=0x0000007ad57ef660
Event: 2.045 Thread 0x00000183e7a0d0c0 DEOPT UNPACKING pc=0x0000018393846da2 sp=0x0000007ad57ef608 mode 2
Event: 2.082 Thread 0x00000183e7a0d0c0 Uncommon trap: trap_request=0xffffff45 fr.pc=0x0000018393ea7394 relative=0x0000000000000894
Event: 2.082 Thread 0x00000183e7a0d0c0 Uncommon trap: reason=unstable_if action=reinterpret pc=0x0000018393ea7394 method=org.lombokweb.asm.ClassReader.readUTF8(I[C)Ljava/lang/String; @ 11 c2
Event: 2.082 Thread 0x00000183e7a0d0c0 DEOPT PACKING pc=0x0000018393ea7394 sp=0x0000007ad57ef850
Event: 2.082 Thread 0x00000183e7a0d0c0 DEOPT UNPACKING pc=0x0000018393846da2 sp=0x0000007ad57ef858 mode 2

Classes loaded (20 events):
Event: 2.042 Loading class java/util/zip/GZIPInputStream
Event: 2.043 Loading class java/util/zip/GZIPInputStream done
Event: 2.053 Loading class java/io/StringReader
Event: 2.053 Loading class java/io/StringReader done
Event: 2.058 Loading class java/net/SocketTimeoutException
Event: 2.058 Loading class java/io/InterruptedIOException
Event: 2.058 Loading class java/io/InterruptedIOException done
Event: 2.058 Loading class java/net/SocketTimeoutException done
Event: 2.058 Loading class java/net/SocketException
Event: 2.058 Loading class java/net/SocketException done
Event: 2.058 Loading class java/net/UnknownHostException
Event: 2.058 Loading class java/net/UnknownHostException done
Event: 2.058 Loading class java/net/ProtocolException
Event: 2.058 Loading class java/net/ProtocolException done
Event: 2.072 Loading class java/lang/ThreadLocal$SuppliedThreadLocal
Event: 2.072 Loading class java/lang/ThreadLocal$SuppliedThreadLocal done
Event: 2.077 Loading class java/io/FileWriter
Event: 2.077 Loading class java/io/FileWriter done
Event: 2.078 Loading class java/lang/NegativeArraySizeException
Event: 2.078 Loading class java/lang/NegativeArraySizeException done

Classes unloaded (0 events):
No events

Classes redefined (0 events):
No events

Internal exceptions (20 events):
Event: 1.943 Thread 0x00000183e7a0d0c0 Exception <a 'java/lang/NoSuchMethodError'{0x00000000d63f55c8}: 'void java.lang.invoke.DirectMethodHandle$Holder.invokeSpecial(java.lang.Object, java.lang.Object, java.lang.Object, int)'> (0x00000000d63f55c8) 
thrown [s\src\hotspot\share\interpreter\linkResolver.cpp, line 773]
Event: 1.944 Thread 0x00000183e7a0d0c0 Exception <a 'java/lang/NoSuchMethodError'{0x00000000d63f8f58}: 'void java.lang.invoke.DelegatingMethodHandle$Holder.reinvoke_L(java.lang.Object, java.lang.Object, int)'> (0x00000000d63f8f58) 
thrown [s\src\hotspot\share\interpreter\linkResolver.cpp, line 773]
Event: 1.944 Thread 0x00000183e7a0d0c0 Exception <a 'java/lang/NoSuchMethodError'{0x00000000d63ffe80}: 'int java.lang.invoke.Invokers$Holder.invokeExact_MT(java.lang.Object, java.lang.Object, java.lang.Object)'> (0x00000000d63ffe80) 
thrown [s\src\hotspot\share\interpreter\linkResolver.cpp, line 773]
Event: 1.962 Thread 0x00000183e7a0d0c0 Exception <a 'java/lang/NoSuchMethodError'{0x00000000d6513608}: 'void java.lang.invoke.Invokers$Holder.invokeExact_MT(java.lang.Object, java.lang.Object, int, java.lang.Object)'> (0x00000000d6513608) 
thrown [s\src\hotspot\share\interpreter\linkResolver.cpp, line 773]
Event: 1.977 Thread 0x00000183e7a0d0c0 Exception <a 'java/lang/NoSuchMethodError'{0x00000000d6600420}: 'java.lang.Object java.lang.invoke.DirectMethodHandle$Holder.invokeSpecial(java.lang.Object, java.lang.Object, java.lang.Object, long, java.lang.Object)'> (0x00000000d6600420) 
thrown [s\src\hotspot\share\interpreter\linkResolver.cpp, line 773]
Event: 1.977 Thread 0x00000183e7a0d0c0 Exception <a 'java/lang/NoSuchMethodError'{0x00000000d6607c68}: 'java.lang.Object java.lang.invoke.DirectMethodHandle$Holder.newInvokeSpecial(java.lang.Object, java.lang.Object, java.lang.Object, long)'> (0x00000000d6607c68) 
thrown [s\src\hotspot\share\interpreter\linkResolver.cpp, line 773]
Event: 1.977 Thread 0x00000183e7a0d0c0 Exception <a 'java/lang/NoSuchMethodError'{0x00000000d660c018}: 'java.lang.Object java.lang.invoke.DirectMethodHandle$Holder.invokeSpecial(java.lang.Object, java.lang.Object, java.lang.Object, java.lang.Object, long)'> (0x00000000d660c018) 
thrown [s\src\hotspot\share\interpreter\linkResolver.cpp, line 773]
Event: 1.978 Thread 0x00000183e7a0d0c0 Exception <a 'java/lang/NoSuchMethodError'{0x00000000d660fc38}: 'java.lang.Object java.lang.invoke.Invokers$Holder.linkToTargetMethod(java.lang.Object, java.lang.Object, long, java.lang.Object)'> (0x00000000d660fc38) 
thrown [s\src\hotspot\share\interpreter\linkResolver.cpp, line 773]
Event: 1.985 Thread 0x00000183e7a0d0c0 Exception <a 'java/lang/NoSuchMethodError'{0x00000000d6667f70}: 'int java.lang.invoke.DirectMethodHandle$Holder.invokeStaticInit(java.lang.Object, java.lang.Object, java.lang.Object)'> (0x00000000d6667f70) 
thrown [s\src\hotspot\share\interpreter\linkResolver.cpp, line 773]
Event: 1.993 Thread 0x00000183e7a0d0c0 Exception <a 'java/lang/IncompatibleClassChangeError'{0x00000000d67115e8}: Found class java.lang.Object, but interface was expected> (0x00000000d67115e8) 
thrown [s\src\hotspot\share\interpreter\linkResolver.cpp, line 840]
Event: 1.999 Thread 0x00000183e7a0d0c0 Exception <a 'java/lang/NoSuchMethodError'{0x00000000d6727a18}: 'java.lang.Object java.lang.invoke.DirectMethodHandle$Holder.invokeSpecial(java.lang.Object, java.lang.Object, java.lang.Object, int, java.lang.Object, java.lang.Object)'> (0x00000000d6727a18) 
thrown [s\src\hotspot\share\interpreter\linkResolver.cpp, line 773]
Event: 1.999 Thread 0x00000183e7a0d0c0 Exception <a 'java/lang/NoSuchMethodError'{0x00000000d672f4f0}: 'java.lang.Object java.lang.invoke.DirectMethodHandle$Holder.newInvokeSpecial(java.lang.Object, java.lang.Object, java.lang.Object, int, java.lang.Object)'> (0x00000000d672f4f0) 
thrown [s\src\hotspot\share\interpreter\linkResolver.cpp, line 773]
Event: 2.000 Thread 0x00000183e7a0d0c0 Exception <a 'java/lang/NoSuchMethodError'{0x00000000d6733470}: 'java.lang.Object java.lang.invoke.DirectMethodHandle$Holder.invokeSpecial(java.lang.Object, java.lang.Object, java.lang.Object, java.lang.Object, int, java.lang.Object)'> (0x00000000d6733470) 
thrown [s\src\hotspot\share\interpreter\linkResolver.cpp, line 773]
Event: 2.000 Thread 0x00000183e7a0d0c0 Exception <a 'java/lang/NoSuchMethodError'{0x00000000d6736fb0}: 'java.lang.Object java.lang.invoke.Invokers$Holder.linkToTargetMethod(java.lang.Object, java.lang.Object, int, java.lang.Object, java.lang.Object)'> (0x00000000d6736fb0) 
thrown [s\src\hotspot\share\interpreter\linkResolver.cpp, line 773]
Event: 2.001 Thread 0x00000183e765f4a0 Exception <a 'java/lang/NoSuchMethodError'{0x00000000d666b058}: 'java.lang.Object java.lang.invoke.DirectMethodHandle$Holder.invokeSpecial(java.lang.Object, java.lang.Object, int, java.lang.Object, java.lang.Object)'> (0x00000000d666b058) 
thrown [s\src\hotspot\share\interpreter\linkResolver.cpp, line 773]
Event: 2.001 Thread 0x00000183e765f4a0 Exception <a 'java/lang/NoSuchMethodError'{0x00000000d6671d90}: 'java.lang.Object java.lang.invoke.DirectMethodHandle$Holder.newInvokeSpecial(java.lang.Object, java.lang.Object, int, java.lang.Object)'> (0x00000000d6671d90) 
thrown [s\src\hotspot\share\interpreter\linkResolver.cpp, line 773]
Event: 2.001 Thread 0x00000183e765f4a0 Exception <a 'java/lang/NoSuchMethodError'{0x00000000d6675670}: 'java.lang.Object java.lang.invoke.DirectMethodHandle$Holder.invokeSpecial(java.lang.Object, java.lang.Object, java.lang.Object, int, java.lang.Object)'> (0x00000000d6675670) 
thrown [s\src\hotspot\share\interpreter\linkResolver.cpp, line 773]
Event: 2.015 Thread 0x00000183e7a0d0c0 Exception <a 'java/lang/NoSuchMethodError'{0x00000000d6856440}: 'void java.lang.invoke.DirectMethodHandle$Holder.invokeSpecial(java.lang.Object, java.lang.Object, java.lang.Object, java.lang.Object, java.lang.Object)'> (0x00000000d6856440) 
thrown [s\src\hotspot\share\interpreter\linkResolver.cpp, line 773]
Event: 2.036 Thread 0x00000183e7a0d0c0 Exception <a 'java/lang/NoSuchMethodError'{0x00000000d6b15430}: 'double java.lang.invoke.DirectMethodHandle$Holder.invokeStatic(java.lang.Object, java.lang.Object)'> (0x00000000d6b15430) 
thrown [s\src\hotspot\share\interpreter\linkResolver.cpp, line 773]
Event: 2.036 Thread 0x00000183e7a0d0c0 Exception <a 'java/lang/NoSuchMethodError'{0x00000000d6b18af0}: 'double java.lang.invoke.DirectMethodHandle$Holder.invokeStaticInit(java.lang.Object, java.lang.Object)'> (0x00000000d6b18af0) 
thrown [s\src\hotspot\share\interpreter\linkResolver.cpp, line 773]

ZGC Phase Switch (0 events):
No events

VM Operations (20 events):
Event: 1.050 Executing safepoint VM operation: ICBufferFull
Event: 1.050 Executing safepoint VM operation: ICBufferFull done
Event: 1.137 Executing safepoint VM operation: ParallelGCFailedAllocation (Allocation Failure)
Event: 1.142 Executing safepoint VM operation: ParallelGCFailedAllocation (Allocation Failure) done
Event: 1.259 Executing non-safepoint VM operation: HandshakeAllThreads (Deoptimize)
Event: 1.259 Executing non-safepoint VM operation: HandshakeAllThreads (Deoptimize) done
Event: 1.462 Executing non-safepoint VM operation: HandshakeAllThreads (Deoptimize)
Event: 1.462 Executing non-safepoint VM operation: HandshakeAllThreads (Deoptimize) done
Event: 1.590 Executing safepoint VM operation: ParallelGCFailedAllocation (Allocation Failure)
Event: 1.594 Executing safepoint VM operation: ParallelGCFailedAllocation (Allocation Failure) done
Event: 1.654 Executing non-safepoint VM operation: HandshakeAllThreads (Deoptimize)
Event: 1.654 Executing non-safepoint VM operation: HandshakeAllThreads (Deoptimize) done
Event: 1.659 Executing non-safepoint VM operation: HandshakeAllThreads (Deoptimize)
Event: 1.659 Executing non-safepoint VM operation: HandshakeAllThreads (Deoptimize) done
Event: 1.673 Executing non-safepoint VM operation: HandshakeAllThreads (Deoptimize)
Event: 1.673 Executing non-safepoint VM operation: HandshakeAllThreads (Deoptimize) done
Event: 1.933 Executing non-safepoint VM operation: HandshakeAllThreads (Deoptimize)
Event: 1.934 Executing non-safepoint VM operation: HandshakeAllThreads (Deoptimize) done
Event: 2.063 Executing safepoint VM operation: ParallelGCFailedAllocation (Allocation Failure)
Event: 2.065 Executing safepoint VM operation: ParallelGCFailedAllocation (Allocation Failure) done

Memory protections (0 events):
No events

Nmethod flushes (0 events):
No events

Events (20 events):
Event: 0.037 Thread 0x00000183890bb7d0 Thread added: 0x0000018389166040
Event: 0.037 Thread 0x00000183890bb7d0 Thread added: 0x0000018389166d20
Event: 0.037 Thread 0x00000183890bb7d0 Thread added: 0x000001838916d060
Event: 0.037 Thread 0x00000183890bb7d0 Thread added: 0x000001838916f150
Event: 0.037 Thread 0x00000183890bb7d0 Thread added: 0x0000018389178740
Event: 0.037 Thread 0x00000183890bb7d0 Thread added: 0x000001838917d090
Event: 0.091 Thread 0x00000183890bb7d0 Thread added: 0x00000183e1fd1940
Event: 0.168 Thread 0x000001838917d090 Thread added: 0x00000183e2031d30
Event: 0.250 Thread 0x00000183890bb7d0 Thread added: 0x00000183e214a060
Event: 0.325 Thread 0x0000018389178740 Thread added: 0x00000183e21bb4e0
Event: 0.927 Thread 0x00000183890bb7d0 Thread added: 0x00000183e7762370
Event: 1.110 Thread 0x00000183890bb7d0 Thread added: 0x00000183e7b6dcb0
Event: 1.114 Thread 0x00000183890bb7d0 Thread added: 0x00000183e7a0d0c0
Event: 1.223 Thread 0x00000183e21bb4e0 Thread exited: 0x00000183e21bb4e0
Event: 1.248 Thread 0x00000183e7a0d0c0 Thread added: 0x00000183e72fc350
Event: 1.323 Thread 0x000001838917d090 Thread added: 0x00000183e76c3040
Event: 1.494 Thread 0x00000183e7a0d0c0 Thread added: 0x00000183e79916c0
Event: 1.951 Thread 0x00000183e7a0d0c0 Thread added: 0x00000183e7da03c0
Event: 1.980 Thread 0x00000183e7a0d0c0 Thread added: 0x00000183e765f4a0
Event: 2.001 Thread 0x00000183e7a0d0c0 Thread added: 0x00000183e7d55f40


Dynamic libraries:
0x00007ff6e9e70000 - 0x00007ff6e9e7e000 	c:\Users\kashi\.vscode\extensions\redhat.java-1.54.0-win32-x64\jre\21.0.10-win32-x86_64\bin\java.exe
0x00007ffdc6600000 - 0x00007ffdc6866000 	C:\Windows\SYSTEM32\ntdll.dll
0x00007ffdc5f90000 - 0x00007ffdc6059000 	C:\Windows\System32\KERNEL32.DLL
0x00007ffdc3ba0000 - 0x00007ffdc3f9a000 	C:\Windows\System32\KERNELBASE.dll
0x00007ffdc39c0000 - 0x00007ffdc3b0c000 	C:\Windows\System32\ucrtbase.dll
0x00007ffd8a690000 - 0x00007ffd8a6ae000 	c:\Users\kashi\.vscode\extensions\redhat.java-1.54.0-win32-x64\jre\21.0.10-win32-x86_64\bin\VCRUNTIME140.dll
0x00007ffd919c0000 - 0x00007ffd919d8000 	c:\Users\kashi\.vscode\extensions\redhat.java-1.54.0-win32-x64\jre\21.0.10-win32-x86_64\bin\jli.dll
0x00007ffdc50c0000 - 0x00007ffdc5287000 	C:\Windows\System32\USER32.dll
0x00007ffda74c0000 - 0x00007ffda7752000 	C:\Windows\WinSxS\amd64_microsoft.windows.common-controls_6595b64144ccf1df_6.0.26100.8521_none_3e08b75ce33403b3\COMCTL32.dll
0x00007ffdc3fa0000 - 0x00007ffdc3fc7000 	C:\Windows\System32\win32u.dll
0x00007ffdc4800000 - 0x00007ffdc48a9000 	C:\Windows\System32\msvcrt.dll
0x00007ffdc5f60000 - 0x00007ffdc5f8b000 	C:\Windows\System32\GDI32.dll
0x00007ffdc3890000 - 0x00007ffdc39bb000 	C:\Windows\System32\gdi32full.dll
0x00007ffdc3fd0000 - 0x00007ffdc4073000 	C:\Windows\System32\msvcp_win.dll
0x00007ffdc5080000 - 0x00007ffdc50b2000 	C:\Windows\System32\IMM32.DLL
0x00007ffda0d30000 - 0x00007ffda0d3c000 	c:\Users\kashi\.vscode\extensions\redhat.java-1.54.0-win32-x64\jre\21.0.10-win32-x86_64\bin\vcruntime140_1.dll
0x00007ffd3ef90000 - 0x00007ffd3f01d000 	c:\Users\kashi\.vscode\extensions\redhat.java-1.54.0-win32-x64\jre\21.0.10-win32-x86_64\bin\msvcp140.dll
0x00007ffd14780000 - 0x00007ffd15521000 	c:\Users\kashi\.vscode\extensions\redhat.java-1.54.0-win32-x64\jre\21.0.10-win32-x86_64\bin\server\jvm.dll
0x00007ffdc5490000 - 0x00007ffdc5546000 	C:\Windows\System32\ADVAPI32.dll
0x00007ffdc4a40000 - 0x00007ffdc4aea000 	C:\Windows\System32\sechost.dll
0x00007ffdc5e40000 - 0x00007ffdc5f58000 	C:\Windows\System32\RPCRT4.dll
0x00007ffdc48b0000 - 0x00007ffdc4930000 	C:\Windows\System32\WS2_32.dll
0x00007ffdc2460000 - 0x00007ffdc24be000 	C:\Windows\SYSTEM32\POWRPROF.dll
0x00007ffdb7a20000 - 0x00007ffdb7a2b000 	C:\Windows\SYSTEM32\VERSION.dll
0x00007ffdb4a70000 - 0x00007ffdb4aa6000 	C:\Windows\SYSTEM32\WINMM.dll
0x00007ffdc2440000 - 0x00007ffdc2454000 	C:\Windows\SYSTEM32\UMPDC.dll
0x00007ffdc2740000 - 0x00007ffdc275b000 	C:\Windows\SYSTEM32\kernel.appcore.dll
0x00007ffd990a0000 - 0x00007ffd990aa000 	c:\Users\kashi\.vscode\extensions\redhat.java-1.54.0-win32-x64\jre\21.0.10-win32-x86_64\bin\jimage.dll
0x00007ffdc0ea0000 - 0x00007ffdc10e2000 	C:\Windows\SYSTEM32\DBGHELP.DLL
0x00007ffdc4cf0000 - 0x00007ffdc5073000 	C:\Windows\System32\combase.dll
0x00007ffdc61a0000 - 0x00007ffdc6279000 	C:\Windows\System32\OLEAUT32.dll
0x00007ffda3f30000 - 0x00007ffda3f6b000 	C:\Windows\SYSTEM32\dbgcore.DLL
0x00007ffdc4080000 - 0x00007ffdc4128000 	C:\Windows\System32\bcryptPrimitives.dll
0x00007ffd93c00000 - 0x00007ffd93c0f000 	c:\Users\kashi\.vscode\extensions\redhat.java-1.54.0-win32-x64\jre\21.0.10-win32-x86_64\bin\instrument.dll
0x00007ffd88f80000 - 0x00007ffd88fa0000 	c:\Users\kashi\.vscode\extensions\redhat.java-1.54.0-win32-x64\jre\21.0.10-win32-x86_64\bin\java.dll
0x00007ffdc55d0000 - 0x00007ffdc5d54000 	C:\Windows\System32\SHELL32.dll
0x00007ffdc1440000 - 0x00007ffdc1cc0000 	C:\Windows\SYSTEM32\windows.storage.dll
0x00007ffdc4af0000 - 0x00007ffdc4be6000 	C:\Windows\System32\SHCORE.dll
0x00007ffdc5db0000 - 0x00007ffdc5e17000 	C:\Windows\System32\shlwapi.dll
0x00007ffdc37b0000 - 0x00007ffdc37d9000 	C:\Windows\SYSTEM32\profapi.dll
0x00007ffd77090000 - 0x00007ffd770a8000 	c:\Users\kashi\.vscode\extensions\redhat.java-1.54.0-win32-x64\jre\21.0.10-win32-x86_64\bin\zip.dll
0x00007ffd91aa0000 - 0x00007ffd91ab0000 	C:\Users\kashi\.vscode\extensions\redhat.java-1.54.0-win32-x64\jre\21.0.10-win32-x86_64\bin\net.dll
0x00007ffdbb850000 - 0x00007ffdbb979000 	C:\Windows\SYSTEM32\WINHTTP.dll
0x00007ffdc2cb0000 - 0x00007ffdc2d1c000 	C:\Windows\system32\mswsock.dll
0x00007ffd747d0000 - 0x00007ffd747e6000 	C:\Users\kashi\.vscode\extensions\redhat.java-1.54.0-win32-x64\jre\21.0.10-win32-x86_64\bin\nio.dll
0x00007ffd90ee0000 - 0x00007ffd90ef0000 	c:\Users\kashi\.vscode\extensions\redhat.java-1.54.0-win32-x64\jre\21.0.10-win32-x86_64\bin\verify.dll
0x00007ffd3e9b0000 - 0x00007ffd3e9f5000 	C:\Users\kashi\AppData\Roaming\Code\User\globalStorage\redhat.java\1.54.0\config_ss_win\org.eclipse.equinox.launcher\org.eclipse.equinox.launcher.win32.win32.x86_64_1.3.0.v20260203-2149\eclipse_11919.dll
0x00007ffdc5290000 - 0x00007ffdc5428000 	C:\Windows\System32\ole32.dll
0x00007ffdc2f90000 - 0x00007ffdc2fab000 	C:\Windows\SYSTEM32\CRYPTSP.dll
0x00007ffdc26a0000 - 0x00007ffdc26d9000 	C:\Windows\system32\rsaenh.dll
0x00007ffdc2d60000 - 0x00007ffdc2d93000 	C:\Windows\SYSTEM32\USERENV.dll
0x00007ffdc3780000 - 0x00007ffdc37aa000 	C:\Windows\SYSTEM32\bcrypt.dll
0x00007ffdc2fb0000 - 0x00007ffdc2fbc000 	C:\Windows\SYSTEM32\CRYPTBASE.dll
0x00007ffdc20b0000 - 0x00007ffdc20e3000 	C:\Windows\SYSTEM32\IPHLPAPI.DLL
0x00007ffdc5d60000 - 0x00007ffdc5d6a000 	C:\Windows\System32\NSI.dll
0x00007ffd63b50000 - 0x00007ffd63b99000 	C:\Users\kashi\AppData\Local\Temp\jna-101820318\jna8112665732507487247.dll
0x00007ffdc5480000 - 0x00007ffdc5488000 	C:\Windows\System32\PSAPI.DLL

JVMTI agents:
c:\Users\kashi\.vscode\extensions\redhat.java-1.54.0-win32-x64\lombok\lombok-1.18.39-4050.jar path:c:\Users\kashi\.vscode\extensions\redhat.java-1.54.0-win32-x64\jre\21.0.10-win32-x86_64\bin\instrument.dll, loaded, initialized, instrumentlib options:none

dbghelp: loaded successfully - version: 4.0.5 - missing functions: none
symbol engine: initialized successfully - sym options: 0x614 - pdb path: .;c:\Users\kashi\.vscode\extensions\redhat.java-1.54.0-win32-x64\jre\21.0.10-win32-x86_64\bin;C:\Windows\SYSTEM32;C:\Windows\WinSxS\amd64_microsoft.windows.common-controls_6595b64144ccf1df_6.0.26100.8521_none_3e08b75ce33403b3;c:\Users\kashi\.vscode\extensions\redhat.java-1.54.0-win32-x64\jre\21.0.10-win32-x86_64\bin\server;C:\Users\kashi\AppData\Roaming\Code\User\globalStorage\redhat.java\1.54.0\config_ss_win\org.eclipse.equinox.launcher\org.eclipse.equinox.launcher.win32.win32.x86_64_1.3.0.v20260203-2149;C:\Users\kashi\AppData\Local\Temp\jna-101820318

VM Arguments:
jvm_args: --add-modules=ALL-SYSTEM --add-opens=java.base/java.util=ALL-UNNAMED --add-opens=java.base/java.lang=ALL-UNNAMED --add-opens=java.base/sun.nio.fs=ALL-UNNAMED -Declipse.application=org.eclipse.jdt.ls.core.id1 -Dosgi.bundles.defaultStartLevel=4 -Declipse.product=org.eclipse.jdt.ls.core.product -Djava.import.generatesMetadataFilesAtProjectRoot=false -DDetectVMInstallationsJob.disabled=true -Dfile.encoding=utf8 -XX:+UseParallelGC -XX:GCTimeRatio=4 -XX:AdaptiveSizePolicyWeight=90 -Dsun.zip.disableMemoryMapping=true -Xmx2G -Xms100m -Xlog:disable -javaagent:c:\Users\kashi\.vscode\extensions\redhat.java-1.54.0-win32-x64\lombok\lombok-1.18.39-4050.jar 
java_command: c:\Users\kashi\.vscode\extensions\redhat.java-1.54.0-win32-x64\server\plugins\org.eclipse.equinox.launcher_1.7.100.v20251111-0406.jar -configuration c:\Users\kashi\AppData\Roaming\Code\User\globalStorage\redhat.java\1.54.0\config_ss_win -data c:\Users\kashi\AppData\Roaming\Code\User\workspaceStorage\4f91f8c64ce41203b4c1c3c9d955ca95\redhat.java\ss_ws --pipe=\\.\pipe\lsp-b693b169d1a57b7042e400881a6e5ac4-sock
java_class_path (initial): c:\Users\kashi\.vscode\extensions\redhat.java-1.54.0-win32-x64\server\plugins\org.eclipse.equinox.launcher_1.7.100.v20251111-0406.jar
Launcher Type: SUN_STANDARD

[Global flags]
    uintx AdaptiveSizePolicyWeight                 = 90                                        {product} {command line}
     intx CICompilerCount                          = 4                                         {product} {ergonomic}
    uintx GCTimeRatio                              = 4                                         {product} {command line}
   size_t InitialHeapSize                          = 104857600                                 {product} {command line}
   size_t MaxHeapSize                              = 2147483648                                {product} {command line}
   size_t MaxNewSize                               = 715653120                                 {product} {ergonomic}
   size_t MinHeapDeltaBytes                        = 524288                                    {product} {ergonomic}
   size_t MinHeapSize                              = 104857600                                 {product} {command line}
   size_t NewSize                                  = 34603008                                  {product} {ergonomic}
    uintx NonNMethodCodeHeapSize                   = 5839372                                {pd product} {ergonomic}
    uintx NonProfiledCodeHeapSize                  = 122909434                              {pd product} {ergonomic}
   size_t OldSize                                  = 70254592                                  {product} {ergonomic}
    uintx ProfiledCodeHeapSize                     = 122909434                              {pd product} {ergonomic}
    uintx ReservedCodeCacheSize                    = 251658240                              {pd product} {ergonomic}
     bool SegmentedCodeCache                       = true                                      {product} {ergonomic}
   size_t SoftMaxHeapSize                          = 2147483648                             {manageable} {ergonomic}
     bool UseCompressedOops                        = true                           {product lp64_product} {ergonomic}
     bool UseLargePagesIndividualAllocation        = false                                  {pd product} {ergonomic}
     bool UseParallelGC                            = true                                      {product} {command line}

Logging:
Log output configuration:
 #0: stdout all=off uptime,level,tags foldmultilines=false
 #1: stderr all=off uptime,level,tags foldmultilines=false

Release file:
JAVA_VERSION="21.0.10" 
MODULES="java.base java.compiler java.datatransfer java.xml java.prefs java.desktop java.instrument java.logging java.management java.security.sasl java.naming java.rmi java.management.rmi java.net.http java.scripting java.security.jgss java.transaction.xa java.sql java.sql.rowset java.xml.crypto java.se java.smartcardio jdk.accessibility jdk.internal.jvmstat jdk.attach jdk.charsets jdk.internal.opt jdk.zipfs jdk.compiler jdk.crypto.ec jdk.crypto.cryptoki jdk.crypto.mscapi jdk.dynalink jdk.internal.ed jdk.editpad jdk.hotspot.agent jdk.httpserver jdk.internal.le jdk.internal.vm.ci jdk.internal.vm.compiler jdk.internal.vm.compiler.management jdk.jartool jdk.javadoc jdk.jcmd jdk.management jdk.management.agent jdk.jconsole jdk.jdeps jdk.jdwp.agent jdk.jdi jdk.jfr jdk.jshell jdk.jsobject jdk.jstatd jdk.localedata jdk.management.jfr jdk.naming.dns jdk.naming.rmi jdk.net jdk.nio.mapmode jdk.random jdk.sctp jdk.security.auth jdk.security.jgss jdk.unsupported jdk.unsupported.desktop jdk.xml.dom" 

Environment Variables:
PATH=C:\Program Files\Common Files\Oracle\Java\javapath;C:\Windows\system32;C:\Windows;C:\Windows\System32\Wbem;C:\Windows\System32\WindowsPowerShell\v1.0\;C:\Windows\System32\OpenSSH\;C:\Program Files\nodejs\;C:\ProgramData\chocolatey\bin;C:\mingw64\bin;C:\Program Files\dotnet\;C:\apache-maven-3.9.12\bin;C:\Program Files\MySQL\MySQL Server 8.0\bin;C:\Users\kashi\AppData\Local\Programs\Python\Python314\Scripts\;C:\Users\kashi\AppData\Roaming\Python\Python3x\Scripts;C:\Program Files\Git\cmd;C:\Program Files\Git\mingw64\bin;C:\Program Files\Git\usr\bin;C:\Users\kashi\AppData\Local\Programs\Python\Launcher\;C:\Program Files\MySQL\MySQL Shell 8.0\bin\;C:\Users\kashi\AppData\Local\Microsoft\WindowsApps;C:\Users\kashi\AppData\Local\Programs\Microsoft VS Code\bin;C:\Users\kashi\AppData\Roaming\npm
USERNAME=kashi
OS=Windows_NT
PROCESSOR_IDENTIFIER=Intel64 Family 6 Model 141 Stepping 1, GenuineIntel
TMP=C:\Users\kashi\AppData\Local\Temp
TEMP=C:\Users\kashi\AppData\Local\Temp




Periodic native trim disabled

---------------  S Y S T E M  ---------------

OS:
 Windows 11 , 64 bit Build 26100 (10.0.26100.8521)
OS uptime: 0 days 9:03 hours
Hyper-V role detected

CPU: total 12 (initial active 12) (6 cores per cpu, 2 threads per core) family 6 model 141 stepping 1 microcode 0x50, cx8, cmov, fxsr, ht, mmx, 3dnowpref, sse, sse2, sse3, ssse3, sse4.1, sse4.2, popcnt, lzcnt, tsc, tscinvbit, avx, avx2, aes, erms, clmul, bmi1, bmi2, adx, avx512f, avx512dq, avx512cd, avx512bw, avx512vl, sha, fma, vzeroupper, avx512_vpopcntdq, avx512_vpclmulqdq, avx512_vaes, avx512_vnni, clflush, clflushopt, clwb, avx512_vbmi2, avx512_vbmi, hv, rdtscp, rdpid, fsrm, gfni, avx512_bitalg, f16c, cet_ibt, cet_ss, avx512_ifma
Processor Information for the first 12 processors :
  Max Mhz: 2611, Current Mhz: 2611, Mhz Limit: 2611

Memory: 4k page, system-wide physical 16106M (3715M free)
TotalPageFile size 17501M (AvailPageFile size 4M)
current process WorkingSet (physical memory assigned to process): 130M, peak: 130M
current process commit charge ("private bytes"): 272M, peak: 273M

vm_info: OpenJDK 64-Bit Server VM (21.0.10+7-LTS) for windows-amd64 JRE (21.0.10+7-LTS), built on 2026-01-20T00:00:00Z by "admin" with MS VC++ 17.12 (VS2022)

END.
