#
# There is insufficient memory for the Java Runtime Environment to continue.
# Native memory allocation (malloc) failed to allocate 1005696 bytes. Error detail: Chunk::new
# Possible reasons:
#   The system is out of physical RAM or swap space
#   This process is running with CompressedOops enabled, and the Java Heap may be blocking the growth of the native heap
# Possible solutions:
#   Reduce memory load on the system
#   Increase physical memory or swap space
#   Check if swap backing store is full
#   Decrease Java heap size (-Xmx/-Xms)
#   Decrease number of Java threads
#   Decrease Java thread stack sizes (-Xss)
#   Set larger code cache with -XX:ReservedCodeCacheSize=
#   JVM is running with Unscaled Compressed Oops mode in which the Java heap is
#     placed in the first 4GB address space. The Java Heap base address is the
#     maximum limit for the native heap growth. Please use -XX:HeapBaseMinAddress
#     to set the Java Heap base and to place the Java Heap above 4GB virtual address.
# This output file may be truncated or incomplete.
#
#  Out of Memory Error (arena.cpp:168), pid=13804, tid=20596
#
# JRE version: OpenJDK Runtime Environment Temurin-21.0.10+7 (21.0.10+7) (build 21.0.10+7-LTS)
# Java VM: OpenJDK 64-Bit Server VM Temurin-21.0.10+7 (21.0.10+7-LTS, mixed mode, sharing, tiered, compressed oops, compressed class ptrs, parallel gc, windows-amd64)
# No core dump will be written. Minidumps are not enabled by default on client versions of Windows
#

---------------  S U M M A R Y ------------

Command Line: --add-modules=ALL-SYSTEM --add-opens=java.base/java.util=ALL-UNNAMED --add-opens=java.base/java.lang=ALL-UNNAMED --add-opens=java.base/sun.nio.fs=ALL-UNNAMED -Declipse.application=org.eclipse.jdt.ls.core.id1 -Dosgi.bundles.defaultStartLevel=4 -Declipse.product=org.eclipse.jdt.ls.core.product -Djava.import.generatesMetadataFilesAtProjectRoot=false -DDetectVMInstallationsJob.disabled=true -Dfile.encoding=utf8 -XX:+UseParallelGC -XX:GCTimeRatio=4 -XX:AdaptiveSizePolicyWeight=90 -Dsun.zip.disableMemoryMapping=true -Xmx2G -Xms100m -Xlog:disable -javaagent:c:\Users\kashi\.vscode\extensions\redhat.java-1.54.0-win32-x64\lombok\lombok-1.18.39-4050.jar -XX:+HeapDumpOnOutOfMemoryError -XX:HeapDumpPath=c:\Users\kashi\AppData\Roaming\Code\User\workspaceStorage\4f91f8c64ce41203b4c1c3c9d955ca95\redhat.java -Daether.dependencyCollector.impl=bf c:\Users\kashi\.vscode\extensions\redhat.java-1.54.0-win32-x64\server\plugins\org.eclipse.equinox.launcher_1.7.100.v20251111-0406.jar -configuration c:\Users\kashi\AppData\Roaming\Code\User\globalStorage\redhat.java\1.54.0\config_win -data c:\Users\kashi\AppData\Roaming\Code\User\workspaceStorage\4f91f8c64ce41203b4c1c3c9d955ca95\redhat.java\jdt_ws --pipe=\\.\pipe\lsp-9fe13234d8d3138dd0b2be91be419065-sock

Host: 11th Gen Intel(R) Core(TM) i5-11260H @ 2.60GHz, 12 cores, 15G,  Windows 11 , 64 bit Build 26100 (10.0.26100.8521)
Time: Fri Jun 26 17:01:02 2026 India Standard Time elapsed time: 1797.723396 seconds (0d 0h 29m 57s)

---------------  T H R E A D  ---------------

Current thread (0x000001ab62c5e660):  JavaThread "C2 CompilerThread0" daemon [_thread_in_native, id=20596, stack(0x000000862e400000,0x000000862e500000) (1024K)]


Current CompileTask:
C2:1797723 10300       4       org.eclipse.jdt.internal.compiler.classfmt.ModuleInfo::readModuleAttribute (1166 bytes)

Stack: [0x000000862e400000,0x000000862e500000]
Native frames: (J=compiled Java code, j=interpreted, Vv=VM code, C=native code)
V  [jvm.dll+0x6d7a39]
V  [jvm.dll+0x8b4b26]
V  [jvm.dll+0x8b70de]
V  [jvm.dll+0x8b77c3]
V  [jvm.dll+0x284346]
V  [jvm.dll+0xc66ed]
V  [jvm.dll+0xc6c31]
V  [jvm.dll+0x2fb29e]
V  [jvm.dll+0x5fe884]
V  [jvm.dll+0x255b17]
V  [jvm.dll+0x255edd]
V  [jvm.dll+0x24e500]
V  [jvm.dll+0x24ba42]
V  [jvm.dll+0x1cb34e]
V  [jvm.dll+0x25b85d]
V  [jvm.dll+0x259dea]
V  [jvm.dll+0x3f857e]
V  [jvm.dll+0x85f59d]
V  [jvm.dll+0x6d626d]
C  [ucrtbase.dll+0x2cd30]
C  [KERNEL32.DLL+0x2e957]
C  [ntdll.dll+0x87c1c]


---------------  P R O C E S S  ---------------

Threads class SMR info:
_java_thread_list=0x000001ab6b559f40, length=44, elements={
0x000001ab4af3d5d0, 0x000001ab4afdefb0, 0x000001ab4afe2960, 0x000001ab4afe78e0,
0x000001ab4afe8540, 0x000001ab4afeb3b0, 0x000001ab4afede20, 0x000001ab62c5e660,
0x000001ab62c641e0, 0x000001ab62e6efb0, 0x000001ab62f8afd0, 0x000001ab68dfe110,
0x000001ab686e2190, 0x000001ab68648140, 0x000001ab68648e10, 0x000001ab69190af0,
0x000001ab68e70100, 0x000001ab62d476d0, 0x000001ab6917edd0, 0x000001ab6917e0b0,
0x000001ab6917e740, 0x000001ab69cfea20, 0x000001ab69cff0b0, 0x000001ab69cff740,
0x000001ab69cffdd0, 0x000001ab69cfc950, 0x000001ab69d00460, 0x000001ab69cfe390,
0x000001ab69cfcfe0, 0x000001ab69cfd670, 0x000001ab69d038e0, 0x000001ab69d03f70,
0x000001ab69d00af0, 0x000001ab69d01180, 0x000001ab69d01ea0, 0x000001ab69d01810,
0x000001ab69d02530, 0x000001ab69d03250, 0x000001ab75daa320, 0x000001ab75c22980,
0x000001ab75da9c90, 0x000001ab68eb17b0, 0x000001ab75da6ea0, 0x000001ab75da9600
}

Java Threads: ( => current thread )
  0x000001ab4af3d5d0 JavaThread "main"                              [_thread_blocked, id=9292, stack(0x000000862da00000,0x000000862db00000) (1024K)]
  0x000001ab4afdefb0 JavaThread "Reference Handler"          daemon [_thread_blocked, id=20092, stack(0x000000862de00000,0x000000862df00000) (1024K)]
  0x000001ab4afe2960 JavaThread "Finalizer"                  daemon [_thread_blocked, id=26108, stack(0x000000862df00000,0x000000862e000000) (1024K)]
  0x000001ab4afe78e0 JavaThread "Signal Dispatcher"          daemon [_thread_blocked, id=13740, stack(0x000000862e000000,0x000000862e100000) (1024K)]
  0x000001ab4afe8540 JavaThread "Attach Listener"            daemon [_thread_blocked, id=12520, stack(0x000000862e100000,0x000000862e200000) (1024K)]
  0x000001ab4afeb3b0 JavaThread "Service Thread"             daemon [_thread_blocked, id=16796, stack(0x000000862e200000,0x000000862e300000) (1024K)]
  0x000001ab4afede20 JavaThread "Monitor Deflation Thread"   daemon [_thread_blocked, id=20036, stack(0x000000862e300000,0x000000862e400000) (1024K)]
=>0x000001ab62c5e660 JavaThread "C2 CompilerThread0"         daemon [_thread_in_native, id=20596, stack(0x000000862e400000,0x000000862e500000) (1024K)]
  0x000001ab62c641e0 JavaThread "C1 CompilerThread0"         daemon [_thread_blocked, id=17248, stack(0x000000862e500000,0x000000862e600000) (1024K)]
  0x000001ab62e6efb0 JavaThread "Common-Cleaner"             daemon [_thread_blocked, id=19488, stack(0x000000862e700000,0x000000862e800000) (1024K)]
  0x000001ab62f8afd0 JavaThread "Notification Thread"        daemon [_thread_blocked, id=8404, stack(0x000000862e800000,0x000000862e900000) (1024K)]
  0x000001ab68dfe110 JavaThread "Active Thread: Equinox Container: 871c52eb-b1b2-4714-a456-43c0d3de7eb3"        [_thread_blocked, id=19004, stack(0x000000862f000000,0x000000862f100000) (1024K)]
  0x000001ab686e2190 JavaThread "Refresh Thread: Equinox Container: 871c52eb-b1b2-4714-a456-43c0d3de7eb3" daemon [_thread_blocked, id=24600, stack(0x000000862e600000,0x000000862e700000) (1024K)]
  0x000001ab68648140 JavaThread "Framework Event Dispatcher: Equinox Container: 871c52eb-b1b2-4714-a456-43c0d3de7eb3" daemon [_thread_blocked, id=23908, stack(0x000000862e900000,0x000000862ea00000) (1024K)]
  0x000001ab68648e10 JavaThread "Start Level: Equinox Container: 871c52eb-b1b2-4714-a456-43c0d3de7eb3" daemon [_thread_blocked, id=15116, stack(0x000000862f200000,0x000000862f300000) (1024K)]
  0x000001ab69190af0 JavaThread "Bundle File Closer"         daemon [_thread_blocked, id=22848, stack(0x000000862f600000,0x000000862f700000) (1024K)]
  0x000001ab68e70100 JavaThread "SCR Component Actor"        daemon [_thread_blocked, id=2476, stack(0x000000862f300000,0x000000862f400000) (1024K)]
  0x000001ab62d476d0 JavaThread "Worker-JM"                         [_thread_blocked, id=17848, stack(0x000000862f800000,0x000000862f900000) (1024K)]
  0x000001ab6917edd0 JavaThread "JNA Cleaner"                daemon [_thread_blocked, id=16704, stack(0x000000862f900000,0x000000862fa00000) (1024K)]
  0x000001ab6917e0b0 JavaThread "Worker-1"                          [_thread_blocked, id=26556, stack(0x000000862fb00000,0x000000862fc00000) (1024K)]
  0x000001ab6917e740 JavaThread "Java indexing"              daemon [_thread_blocked, id=20640, stack(0x000000862fc00000,0x000000862fd00000) (1024K)]
  0x000001ab69cfea20 JavaThread "Worker-2"                          [_thread_blocked, id=24788, stack(0x000000862ff00000,0x0000008630000000) (1024K)]
  0x000001ab69cff0b0 JavaThread "Thread-1"                   daemon [_thread_in_native, id=1996, stack(0x0000008630200000,0x0000008630300000) (1024K)]
  0x000001ab69cff740 JavaThread "Thread-2"                   daemon [_thread_in_native, id=17984, stack(0x0000008630300000,0x0000008630400000) (1024K)]
  0x000001ab69cffdd0 JavaThread "Thread-3"                   daemon [_thread_in_native, id=22876, stack(0x0000008630400000,0x0000008630500000) (1024K)]
  0x000001ab69cfc950 JavaThread "Thread-4"                   daemon [_thread_in_native, id=25272, stack(0x0000008630500000,0x0000008630600000) (1024K)]
  0x000001ab69d00460 JavaThread "Thread-5"                   daemon [_thread_in_native, id=12480, stack(0x0000008630600000,0x0000008630700000) (1024K)]
  0x000001ab69cfe390 JavaThread "Thread-6"                   daemon [_thread_in_native, id=13612, stack(0x0000008630700000,0x0000008630800000) (1024K)]
  0x000001ab69cfcfe0 JavaThread "Thread-7"                   daemon [_thread_in_native, id=11228, stack(0x0000008630800000,0x0000008630900000) (1024K)]
  0x000001ab69cfd670 JavaThread "Thread-8"                   daemon [_thread_in_native, id=10744, stack(0x0000008630900000,0x0000008630a00000) (1024K)]
  0x000001ab69d038e0 JavaThread "Thread-9"                   daemon [_thread_in_native, id=12808, stack(0x0000008630a00000,0x0000008630b00000) (1024K)]
  0x000001ab69d03f70 JavaThread "Thread-10"                  daemon [_thread_in_native, id=12092, stack(0x0000008630b00000,0x0000008630c00000) (1024K)]
  0x000001ab69d00af0 JavaThread "Thread-11"                  daemon [_thread_in_native, id=25900, stack(0x0000008630c00000,0x0000008630d00000) (1024K)]
  0x000001ab69d01180 JavaThread "Thread-12"                  daemon [_thread_in_native, id=9684, stack(0x0000008630d00000,0x0000008630e00000) (1024K)]
  0x000001ab69d01ea0 JavaThread "Thread-13"                  daemon [_thread_in_native, id=14748, stack(0x0000008630e00000,0x0000008630f00000) (1024K)]
  0x000001ab69d01810 JavaThread "pool-2-thread-1"                   [_thread_blocked, id=9828, stack(0x0000008630f00000,0x0000008631000000) (1024K)]
  0x000001ab69d02530 JavaThread "WorkspaceEventsHandler"            [_thread_blocked, id=22148, stack(0x0000008631000000,0x0000008631100000) (1024K)]
  0x000001ab69d03250 JavaThread "pool-1-thread-1"                   [_thread_blocked, id=19148, stack(0x0000008631100000,0x0000008631200000) (1024K)]
  0x000001ab75daa320 JavaThread "Cleaner-0"                  daemon [_thread_blocked, id=3832, stack(0x0000008632800000,0x0000008632900000) (1024K)]
  0x000001ab75c22980 JavaThread "C2 CompilerThread1"         daemon [_thread_in_native, id=26384, stack(0x000000862d700000,0x000000862d800000) (1024K)]
  0x000001ab75da9c90 JavaThread "ForkJoinPool.commonPool-worker-10" daemon [_thread_blocked, id=9444, stack(0x000000862d800000,0x000000862d900000) (1024K)]
  0x000001ab68eb17b0 JavaThread "C2 CompilerThread2"         daemon [_thread_in_native, id=20484, stack(0x000000862d900000,0x000000862da00000) (1024K)]
  0x000001ab75da6ea0 JavaThread "ForkJoinPool.commonPool-worker-11" daemon [_thread_blocked, id=24720, stack(0x000000862f700000,0x000000862f800000) (1024K)]
  0x000001ab75da9600 JavaThread "ForkJoinPool.commonPool-worker-12" daemon [_thread_blocked, id=3620, stack(0x000000862fa00000,0x000000862fb00000) (1024K)]
Total: 44

Other Threads:
  0x000001ab4aed41f0 VMThread "VM Thread"                           [id=10228, stack(0x000000862dd00000,0x000000862de00000) (1024K)]
  0x000001ab4afac5a0 WatcherThread "VM Periodic Task Thread"        [id=5148, stack(0x000000862dc00000,0x000000862dd00000) (1024K)]
  0x000001ab4af5b740 WorkerThread "GC Thread#0"                     [id=13504, stack(0x000000862db00000,0x000000862dc00000) (1024K)]
  0x000001ab68367680 WorkerThread "GC Thread#1"                     [id=15932, stack(0x000000862ea00000,0x000000862eb00000) (1024K)]
  0x000001ab68367de0 WorkerThread "GC Thread#2"                     [id=2732, stack(0x000000862eb00000,0x000000862ec00000) (1024K)]
  0x000001ab683688f0 WorkerThread "GC Thread#3"                     [id=18472, stack(0x000000862ec00000,0x000000862ed00000) (1024K)]
  0x000001ab68368540 WorkerThread "GC Thread#4"                     [id=7784, stack(0x000000862ed00000,0x000000862ee00000) (1024K)]
  0x000001ab68368190 WorkerThread "GC Thread#5"                     [id=5360, stack(0x000000862ee00000,0x000000862ef00000) (1024K)]
  0x000001ab68366f20 WorkerThread "GC Thread#6"                     [id=18264, stack(0x000000862ef00000,0x000000862f000000) (1024K)]
  0x000001ab680601b0 WorkerThread "GC Thread#7"                     [id=16732, stack(0x000000862f100000,0x000000862f200000) (1024K)]
  0x000001ab68061b80 WorkerThread "GC Thread#8"                     [id=12336, stack(0x000000862f400000,0x000000862f500000) (1024K)]
  0x000001ab68060910 WorkerThread "GC Thread#9"                     [id=21208, stack(0x000000862f500000,0x000000862f600000) (1024K)]
Total: 12

Threads with active compile tasks:
C2 CompilerThread0  1797736 10300       4       org.eclipse.jdt.internal.compiler.classfmt.ModuleInfo::readModuleAttribute (1166 bytes)
C2 CompilerThread1  1797736 10346       4       java.lang.invoke.MethodHandleImpl::makePairwiseConvertByEditor (617 bytes)
C2 CompilerThread2  1797737 10305       4       org.eclipse.jdt.internal.compiler.lookup.ModuleBinding::getOrCreateDeclaredPackage (136 bytes)
Total: 3

VM state: not at safepoint (normal execution)

VM Mutex/Monitor currently owned by a thread: None

Heap address: 0x0000000080000000, size: 2048 MB, Compressed Oops mode: 32-bit

CDS archive(s) mapped at: [0x000001ab00000000-0x000001ab00ba0000-0x000001ab00ba0000), size 12189696, SharedBaseAddress: 0x000001ab00000000, ArchiveRelocationMode: 1.
Compressed class space mapped at: 0x000001ab01000000-0x000001ab41000000, reserved size: 1073741824
Narrow klass base: 0x000001ab00000000, Narrow klass shift: 0, Narrow klass range: 0x100000000

GC Precious Log:
 CardTable entry size: 512
 CPUs: 12 total, 12 available
 Memory: 16106M
 Large Page Support: Disabled
 NUMA Support: Disabled
 Compressed Oops: Enabled (32-bit)
 Alignments: Space 512K, Generation 512K, Heap 2M
 Heap Min Capacity: 100M
 Heap Initial Capacity: 100M
 Heap Max Capacity: 2G
 Pre-touch: Disabled
 Parallel Workers: 10

Heap:
 PSYoungGen      total 3072K, used 1152K [0x00000000d5580000, 0x00000000d5980000, 0x0000000100000000)
  eden space 2048K, 32% used [0x00000000d5580000,0x00000000d56280e8,0x00000000d5780000)
  from space 1024K, 46% used [0x00000000d5780000,0x00000000d57f8020,0x00000000d5880000)
  to   space 1024K, 0% used [0x00000000d5880000,0x00000000d5880000,0x00000000d5980000)
 ParOldGen       total 409088K, used 379556K [0x0000000080000000, 0x0000000098f80000, 0x00000000d5580000)
  object space 409088K, 92% used [0x0000000080000000,0x00000000972a9248,0x0000000098f80000)
 Metaspace       used 64702K, committed 66240K, reserved 1114112K
  class space    used 6883K, committed 7552K, reserved 1048576K

Card table byte_map: [0x000001ab4a8e0000,0x000001ab4acf0000] _byte_map_base: 0x000001ab4a4e0000

Marking Bits: (ParMarkBitMap*) 0x00007ffd03fc3450
 Begin Bits: [0x000001ab5d3f0000, 0x000001ab5f3f0000)
 End Bits:   [0x000001ab5f3f0000, 0x000001ab613f0000)

Polling page: 0x000001ab48fa0000

Metaspace:

Usage:
  Non-class:     56.46 MB used.
      Class:      6.72 MB used.
       Both:     63.19 MB used.

Virtual space:
  Non-class space:       64.00 MB reserved,      57.31 MB ( 90%) committed,  1 nodes.
      Class space:        1.00 GB reserved,       7.38 MB ( <1%) committed,  1 nodes.
             Both:        1.06 GB reserved,      64.69 MB (  6%) committed. 

Chunk freelists:
   Non-Class:  6.05 MB
       Class:  8.61 MB
        Both:  14.66 MB

MaxMetaspaceSize: unlimited
CompressedClassSpaceSize: 1.00 GB
Initial GC threshold: 21.00 MB
Current GC threshold: 97.31 MB
CDS: on
 - commit_granule_bytes: 65536.
 - commit_granule_words: 8192.
 - virtual_space_node_default_size: 8388608.
 - enlarge_chunks_in_place: 1.
 - use_allocation_guard: 0.


Internal statistics:

num_allocs_failed_limit: 9.
num_arena_births: 1100.
num_arena_deaths: 14.
num_vsnodes_births: 2.
num_vsnodes_deaths: 0.
num_space_committed: 1035.
num_space_uncommitted: 0.
num_chunks_returned_to_freelist: 23.
num_chunks_taken_from_freelist: 4068.
num_chunk_merges: 13.
num_chunk_splits: 2552.
num_chunks_enlarged: 1497.
num_inconsistent_stats: 0.

CodeHeap 'non-profiled nmethods': size=120000Kb used=7799Kb max_used=7799Kb free=112200Kb
 bounds [0x000001ab55c10000, 0x000001ab563b0000, 0x000001ab5d140000]
CodeHeap 'profiled nmethods': size=120000Kb used=21626Kb max_used=21626Kb free=98373Kb
 bounds [0x000001ab4e140000, 0x000001ab4f660000, 0x000001ab55670000]
CodeHeap 'non-nmethods': size=5760Kb used=1467Kb max_used=1576Kb free=4292Kb
 bounds [0x000001ab55670000, 0x000001ab558e0000, 0x000001ab55c10000]
CodeCache: size=245760Kb, used=30892Kb, max_used=31001Kb, free=214865Kb
 total_blobs=10410, nmethods=9631, adapters=683, full_count=0
Compilation: enabled, stopped_count=0, restarted_count=0

Compilation events (20 events):
Event: 1797.717 Thread 0x000001ab62c641e0 nmethod 10390 0x000001ab4f659610 code [0x000001ab4f659800, 0x000001ab4f659ca0]
Event: 1797.717 Thread 0x000001ab62c641e0 10391   !   3       sun.nio.ch.PendingIoCache::add (85 bytes)
Event: 1797.717 Thread 0x000001ab62c641e0 nmethod 10391 0x000001ab4f659e90 code [0x000001ab4f65a0a0, 0x000001ab4f65a5a0]
Event: 1797.717 Thread 0x000001ab62c641e0 10392       3       sun.nio.ch.AsynchronousFileChannelImpl::end (15 bytes)
Event: 1797.718 Thread 0x000001ab62c641e0 nmethod 10392 0x000001ab4f65a910 code [0x000001ab4f65ab00, 0x000001ab4f65b008]
Event: 1797.718 Thread 0x000001ab62c641e0 10394       3       java.util.UUID::<init> (109 bytes)
Event: 1797.718 Thread 0x000001ab62c641e0 nmethod 10394 0x000001ab4f65b210 code [0x000001ab4f65b3e0, 0x000001ab4f65b730]
Event: 1797.719 Thread 0x000001ab62c641e0 10395       3       org.eclipse.jdt.core.Signature::getSimpleNames (11 bytes)
Event: 1797.719 Thread 0x000001ab62c641e0 nmethod 10395 0x000001ab4f65b910 code [0x000001ab4f65bb00, 0x000001ab4f65be28]
Event: 1797.719 Thread 0x000001ab62c641e0 10396       1       org.eclipse.jdt.core.dom.ASTNode::getLocationInParent (5 bytes)
Event: 1797.719 Thread 0x000001ab62c641e0 nmethod 10396 0x000001ab563ad690 code [0x000001ab563ad820, 0x000001ab563ad8e8]
Event: 1797.720 Thread 0x000001ab62c641e0 10397       3       org.eclipse.jdt.internal.compiler.lookup.ReferenceBinding::isClass (15 bytes)
Event: 1797.720 Thread 0x000001ab62c641e0 nmethod 10397 0x000001ab4f65bf90 code [0x000001ab4f65c140, 0x000001ab4f65c2b8]
Event: 1797.720 Thread 0x000001ab62c641e0 10398       3       java.lang.invoke.LambdaForm$MH/0x000001ab016d0400::invoke (42 bytes)
Event: 1797.720 Thread 0x000001ab62c641e0 nmethod 10398 0x000001ab4f65c390 code [0x000001ab4f65c5e0, 0x000001ab4f65d020]
Event: 1797.720 Thread 0x000001ab62c641e0 10400   !   3       org.eclipse.jdt.ls.core.internal.ConnectionStreamFactory$NamedPipeOutputStream::write (130 bytes)
Event: 1797.721 Thread 0x000001ab62c641e0 nmethod 10400 0x000001ab4f65d390 code [0x000001ab4f65d5c0, 0x000001ab4f65dcc0]
Event: 1797.721 Thread 0x000001ab62c641e0 10399       1       org.eclipse.jdt.ls.core.internal.semantictokens.SemanticTokensVisitor$SemanticToken::getOffset (5 bytes)
Event: 1797.721 Thread 0x000001ab62c641e0 nmethod 10399 0x000001ab563ad990 code [0x000001ab563adb20, 0x000001ab563adbe8]
Event: 1797.721 Thread 0x000001ab62c641e0 10401   !   3       sun.nio.ch.PendingFuture::prepareForWait (43 bytes)

GC Heap History (20 events):
Event: 231.432 GC heap before
{Heap before GC invocations=255 (full 3):
 PSYoungGen      total 2560K, used 2368K [0x00000000d5580000, 0x00000000d5900000, 0x0000000100000000)
  eden space 2048K, 100% used [0x00000000d5580000,0x00000000d5780000,0x00000000d5780000)
  from space 512K, 62% used [0x00000000d5800000,0x00000000d5850000,0x00000000d5880000)
  to   space 512K, 0% used [0x00000000d5880000,0x00000000d5880000,0x00000000d5900000)
 ParOldGen       total 409088K, used 377988K [0x0000000080000000, 0x0000000098f80000, 0x00000000d5580000)
  object space 409088K, 92% used [0x0000000080000000,0x00000000971211a0,0x0000000098f80000)
 Metaspace       used 64174K, committed 65728K, reserved 1114112K
  class space    used 6821K, committed 7488K, reserved 1048576K
}
Event: 231.433 GC heap after
{Heap after GC invocations=255 (full 3):
 PSYoungGen      total 2560K, used 384K [0x00000000d5580000, 0x00000000d5900000, 0x0000000100000000)
  eden space 2048K, 0% used [0x00000000d5580000,0x00000000d5580000,0x00000000d5780000)
  from space 512K, 75% used [0x00000000d5880000,0x00000000d58e0000,0x00000000d5900000)
  to   space 512K, 0% used [0x00000000d5800000,0x00000000d5800000,0x00000000d5880000)
 ParOldGen       total 409088K, used 378068K [0x0000000080000000, 0x0000000098f80000, 0x00000000d5580000)
  object space 409088K, 92% used [0x0000000080000000,0x00000000971351a0,0x0000000098f80000)
 Metaspace       used 64174K, committed 65728K, reserved 1114112K
  class space    used 6821K, committed 7488K, reserved 1048576K
}
Event: 231.447 GC heap before
{Heap before GC invocations=256 (full 3):
 PSYoungGen      total 2560K, used 2432K [0x00000000d5580000, 0x00000000d5900000, 0x0000000100000000)
  eden space 2048K, 100% used [0x00000000d5580000,0x00000000d5780000,0x00000000d5780000)
  from space 512K, 75% used [0x00000000d5880000,0x00000000d58e0000,0x00000000d5900000)
  to   space 512K, 0% used [0x00000000d5800000,0x00000000d5800000,0x00000000d5880000)
 ParOldGen       total 409088K, used 378068K [0x0000000080000000, 0x0000000098f80000, 0x00000000d5580000)
  object space 409088K, 92% used [0x0000000080000000,0x00000000971351a0,0x0000000098f80000)
 Metaspace       used 64331K, committed 65856K, reserved 1114112K
  class space    used 6852K, committed 7488K, reserved 1048576K
}
Event: 231.447 GC heap after
{Heap after GC invocations=256 (full 3):
 PSYoungGen      total 2560K, used 512K [0x00000000d5580000, 0x00000000d5980000, 0x0000000100000000)
  eden space 2048K, 0% used [0x00000000d5580000,0x00000000d5580000,0x00000000d5780000)
  from space 512K, 100% used [0x00000000d5800000,0x00000000d5880000,0x00000000d5880000)
  to   space 1024K, 0% used [0x00000000d5880000,0x00000000d5880000,0x00000000d5980000)
 ParOldGen       total 409088K, used 378234K [0x0000000080000000, 0x0000000098f80000, 0x00000000d5580000)
  object space 409088K, 92% used [0x0000000080000000,0x000000009715ebe0,0x0000000098f80000)
 Metaspace       used 64331K, committed 65856K, reserved 1114112K
  class space    used 6852K, committed 7488K, reserved 1048576K
}
Event: 378.604 GC heap before
{Heap before GC invocations=257 (full 3):
 PSYoungGen      total 2560K, used 2557K [0x00000000d5580000, 0x00000000d5980000, 0x0000000100000000)
  eden space 2048K, 99% used [0x00000000d5580000,0x00000000d577f680,0x00000000d5780000)
  from space 512K, 100% used [0x00000000d5800000,0x00000000d5880000,0x00000000d5880000)
  to   space 1024K, 0% used [0x00000000d5880000,0x00000000d5880000,0x00000000d5980000)
 ParOldGen       total 409088K, used 378234K [0x0000000080000000, 0x0000000098f80000, 0x00000000d5580000)
  object space 409088K, 92% used [0x0000000080000000,0x000000009715ebe0,0x0000000098f80000)
 Metaspace       used 64380K, committed 65856K, reserved 1114112K
  class space    used 6859K, committed 7488K, reserved 1048576K
}
Event: 378.605 GC heap after
{Heap after GC invocations=257 (full 3):
 PSYoungGen      total 2560K, used 416K [0x00000000d5580000, 0x00000000d5900000, 0x0000000100000000)
  eden space 2048K, 0% used [0x00000000d5580000,0x00000000d5580000,0x00000000d5780000)
  from space 512K, 81% used [0x00000000d5880000,0x00000000d58e8000,0x00000000d5900000)
  to   space 512K, 0% used [0x00000000d5800000,0x00000000d5800000,0x00000000d5880000)
 ParOldGen       total 409088K, used 378578K [0x0000000080000000, 0x0000000098f80000, 0x00000000d5580000)
  object space 409088K, 92% used [0x0000000080000000,0x00000000971b4bf0,0x0000000098f80000)
 Metaspace       used 64380K, committed 65856K, reserved 1114112K
  class space    used 6859K, committed 7488K, reserved 1048576K
}
Event: 409.668 GC heap before
{Heap before GC invocations=258 (full 3):
 PSYoungGen      total 2560K, used 2464K [0x00000000d5580000, 0x00000000d5900000, 0x0000000100000000)
  eden space 2048K, 100% used [0x00000000d5580000,0x00000000d5780000,0x00000000d5780000)
  from space 512K, 81% used [0x00000000d5880000,0x00000000d58e8000,0x00000000d5900000)
  to   space 512K, 0% used [0x00000000d5800000,0x00000000d5800000,0x00000000d5880000)
 ParOldGen       total 409088K, used 378578K [0x0000000080000000, 0x0000000098f80000, 0x00000000d5580000)
  object space 409088K, 92% used [0x0000000080000000,0x00000000971b4bf0,0x0000000098f80000)
 Metaspace       used 64419K, committed 65856K, reserved 1114112K
  class space    used 6859K, committed 7488K, reserved 1048576K
}
Event: 409.668 GC heap after
{Heap after GC invocations=258 (full 3):
 PSYoungGen      total 2560K, used 256K [0x00000000d5580000, 0x00000000d5900000, 0x0000000100000000)
  eden space 2048K, 0% used [0x00000000d5580000,0x00000000d5580000,0x00000000d5780000)
  from space 512K, 50% used [0x00000000d5800000,0x00000000d5840000,0x00000000d5880000)
  to   space 512K, 0% used [0x00000000d5880000,0x00000000d5880000,0x00000000d5900000)
 ParOldGen       total 409088K, used 378866K [0x0000000080000000, 0x0000000098f80000, 0x00000000d5580000)
  object space 409088K, 92% used [0x0000000080000000,0x00000000971fcbf0,0x0000000098f80000)
 Metaspace       used 64419K, committed 65856K, reserved 1114112K
  class space    used 6859K, committed 7488K, reserved 1048576K
}
Event: 743.399 GC heap before
{Heap before GC invocations=259 (full 3):
 PSYoungGen      total 2560K, used 2304K [0x00000000d5580000, 0x00000000d5900000, 0x0000000100000000)
  eden space 2048K, 100% used [0x00000000d5580000,0x00000000d5780000,0x00000000d5780000)
  from space 512K, 50% used [0x00000000d5800000,0x00000000d5840000,0x00000000d5880000)
  to   space 512K, 0% used [0x00000000d5880000,0x00000000d5880000,0x00000000d5900000)
 ParOldGen       total 409088K, used 378866K [0x0000000080000000, 0x0000000098f80000, 0x00000000d5580000)
  object space 409088K, 92% used [0x0000000080000000,0x00000000971fcbf0,0x0000000098f80000)
 Metaspace       used 64428K, committed 65920K, reserved 1114112K
  class space    used 6859K, committed 7488K, reserved 1048576K
}
Event: 743.400 GC heap after
{Heap after GC invocations=259 (full 3):
 PSYoungGen      total 2560K, used 288K [0x00000000d5580000, 0x00000000d5900000, 0x0000000100000000)
  eden space 2048K, 0% used [0x00000000d5580000,0x00000000d5580000,0x00000000d5780000)
  from space 512K, 56% used [0x00000000d5880000,0x00000000d58c8000,0x00000000d5900000)
  to   space 512K, 0% used [0x00000000d5800000,0x00000000d5800000,0x00000000d5880000)
 ParOldGen       total 409088K, used 378890K [0x0000000080000000, 0x0000000098f80000, 0x00000000d5580000)
  object space 409088K, 92% used [0x0000000080000000,0x0000000097202bf0,0x0000000098f80000)
 Metaspace       used 64428K, committed 65920K, reserved 1114112K
  class space    used 6859K, committed 7488K, reserved 1048576K
}
Event: 923.454 GC heap before
{Heap before GC invocations=260 (full 3):
 PSYoungGen      total 2560K, used 2336K [0x00000000d5580000, 0x00000000d5900000, 0x0000000100000000)
  eden space 2048K, 100% used [0x00000000d5580000,0x00000000d5780000,0x00000000d5780000)
  from space 512K, 56% used [0x00000000d5880000,0x00000000d58c8000,0x00000000d5900000)
  to   space 512K, 0% used [0x00000000d5800000,0x00000000d5800000,0x00000000d5880000)
 ParOldGen       total 409088K, used 378890K [0x0000000080000000, 0x0000000098f80000, 0x00000000d5580000)
  object space 409088K, 92% used [0x0000000080000000,0x0000000097202bf0,0x0000000098f80000)
 Metaspace       used 64433K, committed 65920K, reserved 1114112K
  class space    used 6859K, committed 7488K, reserved 1048576K
}
Event: 923.455 GC heap after
{Heap after GC invocations=260 (full 3):
 PSYoungGen      total 2560K, used 224K [0x00000000d5580000, 0x00000000d5900000, 0x0000000100000000)
  eden space 2048K, 0% used [0x00000000d5580000,0x00000000d5580000,0x00000000d5780000)
  from space 512K, 43% used [0x00000000d5800000,0x00000000d5838000,0x00000000d5880000)
  to   space 512K, 0% used [0x00000000d5880000,0x00000000d5880000,0x00000000d5900000)
 ParOldGen       total 409088K, used 378898K [0x0000000080000000, 0x0000000098f80000, 0x00000000d5580000)
  object space 409088K, 92% used [0x0000000080000000,0x0000000097204bf0,0x0000000098f80000)
 Metaspace       used 64433K, committed 65920K, reserved 1114112K
  class space    used 6859K, committed 7488K, reserved 1048576K
}
Event: 1143.591 GC heap before
{Heap before GC invocations=261 (full 3):
 PSYoungGen      total 2560K, used 2272K [0x00000000d5580000, 0x00000000d5900000, 0x0000000100000000)
  eden space 2048K, 100% used [0x00000000d5580000,0x00000000d5780000,0x00000000d5780000)
  from space 512K, 43% used [0x00000000d5800000,0x00000000d5838000,0x00000000d5880000)
  to   space 512K, 0% used [0x00000000d5880000,0x00000000d5880000,0x00000000d5900000)
 ParOldGen       total 409088K, used 378898K [0x0000000080000000, 0x0000000098f80000, 0x00000000d5580000)
  object space 409088K, 92% used [0x0000000080000000,0x0000000097204bf0,0x0000000098f80000)
 Metaspace       used 64450K, committed 65920K, reserved 1114112K
  class space    used 6859K, committed 7488K, reserved 1048576K
}
Event: 1143.592 GC heap after
{Heap after GC invocations=261 (full 3):
 PSYoungGen      total 2560K, used 256K [0x00000000d5580000, 0x00000000d5900000, 0x0000000100000000)
  eden space 2048K, 0% used [0x00000000d5580000,0x00000000d5580000,0x00000000d5780000)
  from space 512K, 50% used [0x00000000d5880000,0x00000000d58c0000,0x00000000d5900000)
  to   space 512K, 0% used [0x00000000d5800000,0x00000000d5800000,0x00000000d5880000)
 ParOldGen       total 409088K, used 378906K [0x0000000080000000, 0x0000000098f80000, 0x00000000d5580000)
  object space 409088K, 92% used [0x0000000080000000,0x0000000097206bf0,0x0000000098f80000)
 Metaspace       used 64450K, committed 65920K, reserved 1114112K
  class space    used 6859K, committed 7488K, reserved 1048576K
}
Event: 1797.634 GC heap before
{Heap before GC invocations=262 (full 3):
 PSYoungGen      total 2560K, used 2303K [0x00000000d5580000, 0x00000000d5900000, 0x0000000100000000)
  eden space 2048K, 99% used [0x00000000d5580000,0x00000000d577fff0,0x00000000d5780000)
  from space 512K, 50% used [0x00000000d5880000,0x00000000d58c0000,0x00000000d5900000)
  to   space 512K, 0% used [0x00000000d5800000,0x00000000d5800000,0x00000000d5880000)
 ParOldGen       total 409088K, used 378906K [0x0000000080000000, 0x0000000098f80000, 0x00000000d5580000)
  object space 409088K, 92% used [0x0000000080000000,0x0000000097206bf0,0x0000000098f80000)
 Metaspace       used 64472K, committed 65920K, reserved 1114112K
  class space    used 6859K, committed 7488K, reserved 1048576K
}
Event: 1797.635 GC heap after
{Heap after GC invocations=262 (full 3):
 PSYoungGen      total 2560K, used 352K [0x00000000d5580000, 0x00000000d5900000, 0x0000000100000000)
  eden space 2048K, 0% used [0x00000000d5580000,0x00000000d5580000,0x00000000d5780000)
  from space 512K, 68% used [0x00000000d5800000,0x00000000d5858000,0x00000000d5880000)
  to   space 512K, 0% used [0x00000000d5880000,0x00000000d5880000,0x00000000d5900000)
 ParOldGen       total 409088K, used 378930K [0x0000000080000000, 0x0000000098f80000, 0x00000000d5580000)
  object space 409088K, 92% used [0x0000000080000000,0x000000009720cbf0,0x0000000098f80000)
 Metaspace       used 64472K, committed 65920K, reserved 1114112K
  class space    used 6859K, committed 7488K, reserved 1048576K
}
Event: 1797.665 GC heap before
{Heap before GC invocations=263 (full 3):
 PSYoungGen      total 2560K, used 2400K [0x00000000d5580000, 0x00000000d5900000, 0x0000000100000000)
  eden space 2048K, 100% used [0x00000000d5580000,0x00000000d5780000,0x00000000d5780000)
  from space 512K, 68% used [0x00000000d5800000,0x00000000d5858000,0x00000000d5880000)
  to   space 512K, 0% used [0x00000000d5880000,0x00000000d5880000,0x00000000d5900000)
 ParOldGen       total 409088K, used 378930K [0x0000000080000000, 0x0000000098f80000, 0x00000000d5580000)
  object space 409088K, 92% used [0x0000000080000000,0x000000009720cbf0,0x0000000098f80000)
 Metaspace       used 64575K, committed 66048K, reserved 1114112K
  class space    used 6870K, committed 7488K, reserved 1048576K
}
Event: 1797.666 GC heap after
{Heap after GC invocations=263 (full 3):
 PSYoungGen      total 2560K, used 512K [0x00000000d5580000, 0x00000000d5980000, 0x0000000100000000)
  eden space 2048K, 0% used [0x00000000d5580000,0x00000000d5580000,0x00000000d5780000)
  from space 512K, 100% used [0x00000000d5880000,0x00000000d5900000,0x00000000d5900000)
  to   space 1024K, 0% used [0x00000000d5780000,0x00000000d5780000,0x00000000d5880000)
 ParOldGen       total 409088K, used 379088K [0x0000000080000000, 0x0000000098f80000, 0x00000000d5580000)
  object space 409088K, 92% used [0x0000000080000000,0x0000000097234080,0x0000000098f80000)
 Metaspace       used 64575K, committed 66048K, reserved 1114112K
  class space    used 6870K, committed 7488K, reserved 1048576K
}
Event: 1797.678 GC heap before
{Heap before GC invocations=264 (full 3):
 PSYoungGen      total 2560K, used 2560K [0x00000000d5580000, 0x00000000d5980000, 0x0000000100000000)
  eden space 2048K, 100% used [0x00000000d5580000,0x00000000d5780000,0x00000000d5780000)
  from space 512K, 100% used [0x00000000d5880000,0x00000000d5900000,0x00000000d5900000)
  to   space 1024K, 0% used [0x00000000d5780000,0x00000000d5780000,0x00000000d5880000)
 ParOldGen       total 409088K, used 379088K [0x0000000080000000, 0x0000000098f80000, 0x00000000d5580000)
  object space 409088K, 92% used [0x0000000080000000,0x0000000097234080,0x0000000098f80000)
 Metaspace       used 64683K, committed 66176K, reserved 1114112K
  class space    used 6880K, committed 7488K, reserved 1048576K
}
Event: 1797.680 GC heap after
{Heap after GC invocations=264 (full 3):
 PSYoungGen      total 3072K, used 480K [0x00000000d5580000, 0x00000000d5980000, 0x0000000100000000)
  eden space 2048K, 0% used [0x00000000d5580000,0x00000000d5580000,0x00000000d5780000)
  from space 1024K, 46% used [0x00000000d5780000,0x00000000d57f8020,0x00000000d5880000)
  to   space 1024K, 0% used [0x00000000d5880000,0x00000000d5880000,0x00000000d5980000)
 ParOldGen       total 409088K, used 379556K [0x0000000080000000, 0x0000000098f80000, 0x00000000d5580000)
  object space 409088K, 92% used [0x0000000080000000,0x00000000972a9248,0x0000000098f80000)
 Metaspace       used 64683K, committed 66176K, reserved 1114112K
  class space    used 6880K, committed 7488K, reserved 1048576K
}

Dll operation events (10 events):
Event: 0.008 Loaded shared library c:\Users\kashi\.vscode\extensions\redhat.java-1.54.0-win32-x64\jre\21.0.10-win32-x86_64\bin\java.dll
Event: 0.152 Loaded shared library c:\Users\kashi\.vscode\extensions\redhat.java-1.54.0-win32-x64\jre\21.0.10-win32-x86_64\bin\zip.dll
Event: 0.177 Loaded shared library C:\Users\kashi\.vscode\extensions\redhat.java-1.54.0-win32-x64\jre\21.0.10-win32-x86_64\bin\instrument.dll
Event: 0.184 Loaded shared library C:\Users\kashi\.vscode\extensions\redhat.java-1.54.0-win32-x64\jre\21.0.10-win32-x86_64\bin\net.dll
Event: 0.189 Loaded shared library C:\Users\kashi\.vscode\extensions\redhat.java-1.54.0-win32-x64\jre\21.0.10-win32-x86_64\bin\nio.dll
Event: 0.193 Loaded shared library C:\Users\kashi\.vscode\extensions\redhat.java-1.54.0-win32-x64\jre\21.0.10-win32-x86_64\bin\zip.dll
Event: 0.218 Loaded shared library C:\Users\kashi\.vscode\extensions\redhat.java-1.54.0-win32-x64\jre\21.0.10-win32-x86_64\bin\jimage.dll
Event: 0.298 Loaded shared library c:\Users\kashi\.vscode\extensions\redhat.java-1.54.0-win32-x64\jre\21.0.10-win32-x86_64\bin\verify.dll
Event: 1.617 Loaded shared library C:\Users\kashi\AppData\Roaming\Code\User\globalStorage\redhat.java\1.54.0\config_win\org.eclipse.equinox.launcher\org.eclipse.equinox.launcher.win32.win32.x86_64_1.3.0.v20260203-2149\eclipse_11919.dll
Event: 6.062 Loaded shared library C:\Users\kashi\AppData\Local\Temp\jna-101820318\jna12805822778416335797.dll

Deoptimization events (20 events):
Event: 1797.645 Thread 0x000001ab69d03250 Uncommon trap: trap_request=0xffffffd6 fr.pc=0x000001ab56377ea4 relative=0x0000000000000b64
Event: 1797.645 Thread 0x000001ab69d03250 Uncommon trap: reason=array_check action=maybe_recompile pc=0x000001ab56377ea4 method=java.util.TimSort.reverseRange([Ljava/lang/Object;II)V @ 20 c2
Event: 1797.645 Thread 0x000001ab69d03250 DEOPT PACKING pc=0x000001ab56377ea4 sp=0x00000086311fd560
Event: 1797.645 Thread 0x000001ab69d03250 DEOPT UNPACKING pc=0x000001ab556c6da2 sp=0x00000086311fd470 mode 2
Event: 1797.648 Thread 0x000001ab69d03250 Uncommon trap: trap_request=0xffffffd6 fr.pc=0x000001ab56377ea4 relative=0x0000000000000b64
Event: 1797.648 Thread 0x000001ab69d03250 Uncommon trap: reason=array_check action=maybe_recompile pc=0x000001ab56377ea4 method=java.util.TimSort.reverseRange([Ljava/lang/Object;II)V @ 20 c2
Event: 1797.648 Thread 0x000001ab69d03250 DEOPT PACKING pc=0x000001ab56377ea4 sp=0x00000086311fd670
Event: 1797.648 Thread 0x000001ab69d03250 DEOPT UNPACKING pc=0x000001ab556c6da2 sp=0x00000086311fd580 mode 2
Event: 1797.648 Thread 0x000001ab69d03250 Uncommon trap: trap_request=0xffffffd6 fr.pc=0x000001ab56377ea4 relative=0x0000000000000b64
Event: 1797.648 Thread 0x000001ab69d03250 Uncommon trap: reason=array_check action=maybe_recompile pc=0x000001ab56377ea4 method=java.util.TimSort.reverseRange([Ljava/lang/Object;II)V @ 20 c2
Event: 1797.648 Thread 0x000001ab69d03250 DEOPT PACKING pc=0x000001ab56377ea4 sp=0x00000086311fd670
Event: 1797.648 Thread 0x000001ab69d03250 DEOPT UNPACKING pc=0x000001ab556c6da2 sp=0x00000086311fd580 mode 2
Event: 1797.648 Thread 0x000001ab69d03250 Uncommon trap: trap_request=0xffffffd6 fr.pc=0x000001ab56377ea4 relative=0x0000000000000b64
Event: 1797.648 Thread 0x000001ab69d03250 Uncommon trap: reason=array_check action=maybe_recompile pc=0x000001ab56377ea4 method=java.util.TimSort.reverseRange([Ljava/lang/Object;II)V @ 20 c2
Event: 1797.648 Thread 0x000001ab69d03250 DEOPT PACKING pc=0x000001ab56377ea4 sp=0x00000086311fd670
Event: 1797.648 Thread 0x000001ab69d03250 DEOPT UNPACKING pc=0x000001ab556c6da2 sp=0x00000086311fd580 mode 2
Event: 1797.682 Thread 0x000001ab75da9c90 Uncommon trap: trap_request=0xffffffde fr.pc=0x000001ab56242f18 relative=0x0000000000000078
Event: 1797.682 Thread 0x000001ab75da9c90 Uncommon trap: reason=class_check action=maybe_recompile pc=0x000001ab56242f18 method=java.util.LinkedHashMap.afterNodeInsertion(Z)V @ 15 c2
Event: 1797.682 Thread 0x000001ab75da9c90 DEOPT PACKING pc=0x000001ab56242f18 sp=0x000000862d8fed30
Event: 1797.682 Thread 0x000001ab75da9c90 DEOPT UNPACKING pc=0x000001ab556c6da2 sp=0x000000862d8feca8 mode 2

Classes loaded (20 events):
Event: 31.042 Loading class sun/util/resources/TimeZoneNamesBundle done
Event: 31.042 Loading class sun/util/resources/cldr/TimeZoneNames done
Event: 31.042 Loading class sun/util/resources/cldr/TimeZoneNames_en
Event: 31.043 Loading class sun/util/resources/cldr/TimeZoneNames_en done
Event: 31.043 Loading class sun/util/resources/cldr/TimeZoneNames_en_US
Event: 31.043 Loading class sun/util/resources/cldr/TimeZoneNames_en_US done
Event: 31.044 Loading class sun/util/cldr/CLDRBaseLocaleDataMetaInfo$TZCanonicalIDMapHolder
Event: 31.045 Loading class sun/util/cldr/CLDRBaseLocaleDataMetaInfo$TZCanonicalIDMapHolder done
Event: 31.046 Loading class sun/util/resources/TimeZoneNames
Event: 31.047 Loading class sun/util/resources/TimeZoneNames done
Event: 31.048 Loading class sun/util/resources/TimeZoneNames_en
Event: 31.048 Loading class sun/util/resources/TimeZoneNames_en done
Event: 158.194 Loading class java/util/stream/DistinctOps
Event: 158.194 Loading class java/util/stream/DistinctOps done
Event: 158.195 Loading class java/util/stream/DistinctOps$1
Event: 158.195 Loading class java/util/stream/DistinctOps$1 done
Event: 158.198 Loading class java/util/stream/DistinctOps$1$2
Event: 158.198 Loading class java/util/stream/DistinctOps$1$2 done
Event: 231.449 Loading class java/nio/file/Files$2
Event: 231.449 Loading class java/nio/file/Files$2 done

Classes unloaded (7 events):
Event: 6.408 Thread 0x000001ab4aed41f0 Unloading class 0x000001ab011ab000 'java/lang/invoke/LambdaForm$MH+0x000001ab011ab000'
Event: 6.408 Thread 0x000001ab4aed41f0 Unloading class 0x000001ab011aac00 'java/lang/invoke/LambdaForm$MH+0x000001ab011aac00'
Event: 6.408 Thread 0x000001ab4aed41f0 Unloading class 0x000001ab011aa800 'java/lang/invoke/LambdaForm$MH+0x000001ab011aa800'
Event: 6.408 Thread 0x000001ab4aed41f0 Unloading class 0x000001ab011aa400 'java/lang/invoke/LambdaForm$MH+0x000001ab011aa400'
Event: 6.408 Thread 0x000001ab4aed41f0 Unloading class 0x000001ab011aa000 'java/lang/invoke/LambdaForm$BMH+0x000001ab011aa000'
Event: 6.408 Thread 0x000001ab4aed41f0 Unloading class 0x000001ab011a9c00 'java/lang/invoke/LambdaForm$DMH+0x000001ab011a9c00'
Event: 6.408 Thread 0x000001ab4aed41f0 Unloading class 0x000001ab011a8800 'java/lang/invoke/LambdaForm$DMH+0x000001ab011a8800'

Classes redefined (0 events):
No events

Internal exceptions (20 events):
Event: 13.376 Thread 0x000001ab6917e740 Exception <a 'sun/nio/fs/WindowsException'{0x00000000d5703758}> (0x00000000d5703758) 
thrown [s\src\hotspot\share\prims\jni.cpp, line 520]
Event: 13.428 Thread 0x000001ab69cfdd00 Exception <a 'java/io/FileNotFoundException'{0x00000000d59edc08}> (0x00000000d59edc08) 
thrown [s\src\hotspot\share\prims\jni.cpp, line 520]
Event: 13.429 Thread 0x000001ab69cfdd00 Exception <a 'java/io/FileNotFoundException'{0x00000000d59eec20}> (0x00000000d59eec20) 
thrown [s\src\hotspot\share\prims\jni.cpp, line 520]
Event: 13.429 Thread 0x000001ab69cfdd00 Exception <a 'java/io/FileNotFoundException'{0x00000000d5a32b48}> (0x00000000d5a32b48) 
thrown [s\src\hotspot\share\prims\jni.cpp, line 520]
Event: 13.484 Thread 0x000001ab69de3fe0 Exception <a 'sun/nio/fs/WindowsException'{0x00000000d56aad60}> (0x00000000d56aad60) 
thrown [s\src\hotspot\share\prims\jni.cpp, line 520]
Event: 13.484 Thread 0x000001ab69de3fe0 Exception <a 'sun/nio/fs/WindowsException'{0x00000000d56bbd00}> (0x00000000d56bbd00) 
thrown [s\src\hotspot\share\prims\jni.cpp, line 520]
Event: 13.485 Thread 0x000001ab69de3fe0 Exception <a 'sun/nio/fs/WindowsException'{0x00000000d56c40a8}> (0x00000000d56c40a8) 
thrown [s\src\hotspot\share\prims\jni.cpp, line 520]
Event: 13.485 Thread 0x000001ab69de3fe0 Exception <a 'sun/nio/fs/WindowsException'{0x00000000d56dee30}> (0x00000000d56dee30) 
thrown [s\src\hotspot\share\prims\jni.cpp, line 520]
Event: 13.485 Thread 0x000001ab69de3fe0 Exception <a 'sun/nio/fs/WindowsException'{0x00000000d56f75e0}> (0x00000000d56f75e0) 
thrown [s\src\hotspot\share\prims\jni.cpp, line 520]
Event: 13.485 Thread 0x000001ab69de3fe0 Exception <a 'sun/nio/fs/WindowsException'{0x00000000d56fe9e8}> (0x00000000d56fe9e8) 
thrown [s\src\hotspot\share\prims\jni.cpp, line 520]
Event: 13.487 Thread 0x000001ab69de3fe0 Exception <a 'sun/nio/fs/WindowsException'{0x00000000d5593e18}> (0x00000000d5593e18) 
thrown [s\src\hotspot\share\prims\jni.cpp, line 520]
Event: 13.487 Thread 0x000001ab69de3fe0 Exception <a 'sun/nio/fs/WindowsException'{0x00000000d55a2ae8}> (0x00000000d55a2ae8) 
thrown [s\src\hotspot\share\prims\jni.cpp, line 520]
Event: 13.503 Thread 0x000001ab75da9c90 Exception <a 'java/lang/NoSuchMethodError'{0x00000000d56ef4d8}: 'java.lang.Object java.lang.invoke.DirectMethodHandle$Holder.invokeStaticInit(java.lang.Object, java.lang.Object, java.lang.Object)'> (0x00000000d56ef4d8) 
thrown [s\src\hotspot\share\interpreter\linkResolver.cpp, line 773]
Event: 13.794 Thread 0x000001ab75da88e0 Exception <a 'java/lang/NoSuchMethodError'{0x00000000d56c6c30}: 'void java.lang.invoke.DirectMethodHandle$Holder.invokeSpecial(java.lang.Object, java.lang.Object, int)'> (0x00000000d56c6c30) 
thrown [s\src\hotspot\share\interpreter\linkResolver.cpp, line 773]
Event: 13.875 Thread 0x000001ab75da88e0 Exception <a 'java/lang/NoSuchMethodError'{0x00000000d56809c0}: 'int java.lang.invoke.DirectMethodHandle$Holder.invokeVirtual(java.lang.Object, java.lang.Object, java.lang.Object, int)'> (0x00000000d56809c0) 
thrown [s\src\hotspot\share\interpreter\linkResolver.cpp, line 773]
Event: 231.408 Thread 0x000001ab75da7bc0 Implicit null exception at 0x000001ab562b23e3 to 0x000001ab562b309c
Event: 231.450 Thread 0x000001ab69de3950 Exception <a 'java/lang/NoSuchMethodError'{0x00000000d55b1dd8}: 'int java.lang.invoke.DirectMethodHandle$Holder.invokeSpecialIFC(java.lang.Object, java.lang.Object, java.lang.Object)'> (0x00000000d55b1dd8) 
thrown [s\src\hotspot\share\interpreter\linkResolver.cpp, line 773]
Event: 1797.654 Thread 0x000001ab69d03250 Exception <a 'java/lang/NoSuchMethodError'{0x00000000d57037a0}: 'void java.lang.invoke.DirectMethodHandle$Holder.invokeStatic(java.lang.Object, int, java.lang.Object)'> (0x00000000d57037a0) 
thrown [s\src\hotspot\share\interpreter\linkResolver.cpp, line 773]
Event: 1797.663 Thread 0x000001ab69d03250 Exception <a 'java/lang/IncompatibleClassChangeError'{0x00000000d575f7a8}: Found class java.lang.Object, but interface was expected> (0x00000000d575f7a8) 
thrown [s\src\hotspot\share\interpreter\linkResolver.cpp, line 840]
Event: 1797.669 Thread 0x000001ab75da9600 Exception <a 'java/lang/NoSuchMethodError'{0x00000000d55ed110}: 'java.lang.Object java.lang.invoke.DirectMethodHandle$Holder.invokeSpecial(java.lang.Object, java.lang.Object, java.lang.Object, java.lang.Object, int, java.lang.Object, java.lang.Object)'> (0x00000000d55ed110) 
thrown [s\src\hotspot\share\interpreter\linkResolver.cpp, line 773]

ZGC Phase Switch (0 events):
No events

VM Operations (20 events):
Event: 1442.497 Executing non-safepoint VM operation: RendezvousGCThreads
Event: 1442.497 Executing non-safepoint VM operation: RendezvousGCThreads done
Event: 1502.570 Executing non-safepoint VM operation: HandshakeAllThreads (HandshakeForDeflation)
Event: 1502.570 Executing non-safepoint VM operation: HandshakeAllThreads (HandshakeForDeflation) done
Event: 1502.570 Executing non-safepoint VM operation: RendezvousGCThreads
Event: 1502.570 Executing non-safepoint VM operation: RendezvousGCThreads done
Event: 1682.907 Executing non-safepoint VM operation: HandshakeAllThreads (HandshakeForDeflation)
Event: 1682.907 Executing non-safepoint VM operation: HandshakeAllThreads (HandshakeForDeflation) done
Event: 1682.907 Executing non-safepoint VM operation: RendezvousGCThreads
Event: 1682.907 Executing non-safepoint VM operation: RendezvousGCThreads done
Event: 1743.123 Executing non-safepoint VM operation: HandshakeAllThreads (HandshakeForDeflation)
Event: 1743.123 Executing non-safepoint VM operation: HandshakeAllThreads (HandshakeForDeflation) done
Event: 1743.123 Executing non-safepoint VM operation: RendezvousGCThreads
Event: 1743.123 Executing non-safepoint VM operation: RendezvousGCThreads done
Event: 1797.634 Executing safepoint VM operation: ParallelGCFailedAllocation (Allocation Failure)
Event: 1797.636 Executing safepoint VM operation: ParallelGCFailedAllocation (Allocation Failure) done
Event: 1797.665 Executing safepoint VM operation: ParallelGCFailedAllocation (Allocation Failure)
Event: 1797.666 Executing safepoint VM operation: ParallelGCFailedAllocation (Allocation Failure) done
Event: 1797.678 Executing safepoint VM operation: ParallelGCFailedAllocation (Allocation Failure)
Event: 1797.680 Executing safepoint VM operation: ParallelGCFailedAllocation (Allocation Failure) done

Memory protections (0 events):
No events

Nmethod flushes (20 events):
Event: 12.589 Thread 0x000001ab4aed41f0 flushing  nmethod 0x000001ab4e9c2110
Event: 12.589 Thread 0x000001ab4aed41f0 flushing  nmethod 0x000001ab4e9c3c10
Event: 12.589 Thread 0x000001ab4aed41f0 flushing  nmethod 0x000001ab4e9c5490
Event: 12.589 Thread 0x000001ab4aed41f0 flushing  nmethod 0x000001ab4e9c5a90
Event: 12.589 Thread 0x000001ab4aed41f0 flushing  nmethod 0x000001ab4e9c9810
Event: 12.589 Thread 0x000001ab4aed41f0 flushing  nmethod 0x000001ab4e9c9f10
Event: 12.589 Thread 0x000001ab4aed41f0 flushing  nmethod 0x000001ab4e9cc110
Event: 12.589 Thread 0x000001ab4aed41f0 flushing  nmethod 0x000001ab4e9d5b10
Event: 12.589 Thread 0x000001ab4aed41f0 flushing  nmethod 0x000001ab4ea36d10
Event: 12.589 Thread 0x000001ab4aed41f0 flushing  nmethod 0x000001ab4ea38110
Event: 12.589 Thread 0x000001ab4aed41f0 flushing  nmethod 0x000001ab4ea43510
Event: 12.589 Thread 0x000001ab4aed41f0 flushing  nmethod 0x000001ab4ea45010
Event: 12.589 Thread 0x000001ab4aed41f0 flushing  nmethod 0x000001ab4ea4c690
Event: 12.589 Thread 0x000001ab4aed41f0 flushing  nmethod 0x000001ab4ea4df10
Event: 12.589 Thread 0x000001ab4aed41f0 flushing  nmethod 0x000001ab4ea4e690
Event: 12.589 Thread 0x000001ab4aed41f0 flushing  nmethod 0x000001ab4ea4ea10
Event: 12.589 Thread 0x000001ab4aed41f0 flushing  nmethod 0x000001ab4ea4ed90
Event: 12.589 Thread 0x000001ab4aed41f0 flushing  nmethod 0x000001ab4ea4f310
Event: 12.589 Thread 0x000001ab4aed41f0 flushing  nmethod 0x000001ab4ea4fa90
Event: 12.589 Thread 0x000001ab4aed41f0 flushing  nmethod 0x000001ab4ea55190

Events (20 events):
Event: 90.940 Thread 0x000001ab75da88e0 Thread exited: 0x000001ab75da88e0
Event: 150.955 Thread 0x000001ab69de3fe0 Thread exited: 0x000001ab69de3fe0
Event: 210.959 Thread 0x000001ab75da9c90 Thread exited: 0x000001ab75da9c90
Event: 231.459 Thread 0x000001ab62c641e0 Thread added: 0x000001ab75c22980
Event: 231.459 Thread 0x000001ab62c641e0 Thread added: 0x000001ab68eb17b0
Event: 236.491 Thread 0x000001ab68eb17b0 Thread exited: 0x000001ab68eb17b0
Event: 241.505 Thread 0x000001ab75c22980 Thread exited: 0x000001ab75c22980
Event: 291.470 Thread 0x000001ab69de3950 Thread exited: 0x000001ab69de3950
Event: 351.474 Thread 0x000001ab75da7bc0 Thread exited: 0x000001ab75da7bc0
Event: 411.478 Thread 0x000001ab75da9600 Thread exited: 0x000001ab75da9600
Event: 471.483 Thread 0x000001ab75da7530 Thread exited: 0x000001ab75da7530
Event: 531.488 Thread 0x000001ab75da8f70 Thread exited: 0x000001ab75da8f70
Event: 562.224 Thread 0x000001ab62c641e0 Thread added: 0x000001ab75c22980
Event: 567.252 Thread 0x000001ab75c22980 Thread exited: 0x000001ab75c22980
Event: 591.497 Thread 0x000001ab75da6ea0 Thread exited: 0x000001ab75da6ea0
Event: 1797.637 Thread 0x000001ab62c641e0 Thread added: 0x000001ab75c22980
Event: 1797.641 Thread 0x000001ab69d03250 Thread added: 0x000001ab75da9c90
Event: 1797.653 Thread 0x000001ab62c641e0 Thread added: 0x000001ab68eb17b0
Event: 1797.662 Thread 0x000001ab69d03250 Thread added: 0x000001ab75da6ea0
Event: 1797.662 Thread 0x000001ab75da9c90 Thread added: 0x000001ab75da9600


Dynamic libraries:
0x00007ff6e9e70000 - 0x00007ff6e9e7e000 	c:\Users\kashi\.vscode\extensions\redhat.java-1.54.0-win32-x64\jre\21.0.10-win32-x86_64\bin\java.exe
0x00007ffdc6600000 - 0x00007ffdc6866000 	C:\Windows\SYSTEM32\ntdll.dll
0x00007ffdc5f90000 - 0x00007ffdc6059000 	C:\Windows\System32\KERNEL32.DLL
0x00007ffdc3ba0000 - 0x00007ffdc3f9a000 	C:\Windows\System32\KERNELBASE.dll
0x00007ffdc39c0000 - 0x00007ffdc3b0c000 	C:\Windows\System32\ucrtbase.dll
0x00007ffd76f60000 - 0x00007ffd76f78000 	c:\Users\kashi\.vscode\extensions\redhat.java-1.54.0-win32-x64\jre\21.0.10-win32-x86_64\bin\jli.dll
0x00007ffd747f0000 - 0x00007ffd7480e000 	c:\Users\kashi\.vscode\extensions\redhat.java-1.54.0-win32-x64\jre\21.0.10-win32-x86_64\bin\VCRUNTIME140.dll
0x00007ffdc50c0000 - 0x00007ffdc5287000 	C:\Windows\System32\USER32.dll
0x00007ffda74c0000 - 0x00007ffda7752000 	C:\Windows\WinSxS\amd64_microsoft.windows.common-controls_6595b64144ccf1df_6.0.26100.8521_none_3e08b75ce33403b3\COMCTL32.dll
0x00007ffdc3fa0000 - 0x00007ffdc3fc7000 	C:\Windows\System32\win32u.dll
0x00007ffdc4800000 - 0x00007ffdc48a9000 	C:\Windows\System32\msvcrt.dll
0x00007ffdc5f60000 - 0x00007ffdc5f8b000 	C:\Windows\System32\GDI32.dll
0x00007ffdc3890000 - 0x00007ffdc39bb000 	C:\Windows\System32\gdi32full.dll
0x00007ffdc3fd0000 - 0x00007ffdc4073000 	C:\Windows\System32\msvcp_win.dll
0x00007ffdc5080000 - 0x00007ffdc50b2000 	C:\Windows\System32\IMM32.DLL
0x00007ffda10a0000 - 0x00007ffda10ac000 	c:\Users\kashi\.vscode\extensions\redhat.java-1.54.0-win32-x64\jre\21.0.10-win32-x86_64\bin\vcruntime140_1.dll
0x00007ffd3ef90000 - 0x00007ffd3f01d000 	c:\Users\kashi\.vscode\extensions\redhat.java-1.54.0-win32-x64\jre\21.0.10-win32-x86_64\bin\msvcp140.dll
0x00007ffd03300000 - 0x00007ffd040a1000 	c:\Users\kashi\.vscode\extensions\redhat.java-1.54.0-win32-x64\jre\21.0.10-win32-x86_64\bin\server\jvm.dll
0x00007ffdc5490000 - 0x00007ffdc5546000 	C:\Windows\System32\ADVAPI32.dll
0x00007ffdc4a40000 - 0x00007ffdc4aea000 	C:\Windows\System32\sechost.dll
0x00007ffdc5e40000 - 0x00007ffdc5f58000 	C:\Windows\System32\RPCRT4.dll
0x00007ffdc48b0000 - 0x00007ffdc4930000 	C:\Windows\System32\WS2_32.dll
0x00007ffdc2460000 - 0x00007ffdc24be000 	C:\Windows\SYSTEM32\POWRPROF.dll
0x00007ffdb7a20000 - 0x00007ffdb7a2b000 	C:\Windows\SYSTEM32\VERSION.dll
0x00007ffdb4a70000 - 0x00007ffdb4aa6000 	C:\Windows\SYSTEM32\WINMM.dll
0x00007ffdc2440000 - 0x00007ffdc2454000 	C:\Windows\SYSTEM32\UMPDC.dll
0x00007ffdc2740000 - 0x00007ffdc275b000 	C:\Windows\SYSTEM32\kernel.appcore.dll
0x00007ffda0d30000 - 0x00007ffda0d3a000 	c:\Users\kashi\.vscode\extensions\redhat.java-1.54.0-win32-x64\jre\21.0.10-win32-x86_64\bin\jimage.dll
0x00007ffdc0ea0000 - 0x00007ffdc10e2000 	C:\Windows\SYSTEM32\DBGHELP.DLL
0x00007ffdc4cf0000 - 0x00007ffdc5073000 	C:\Windows\System32\combase.dll
0x00007ffdc61a0000 - 0x00007ffdc6279000 	C:\Windows\System32\OLEAUT32.dll
0x00007ffda3f30000 - 0x00007ffda3f6b000 	C:\Windows\SYSTEM32\dbgcore.DLL
0x00007ffdc4080000 - 0x00007ffdc4128000 	C:\Windows\System32\bcryptPrimitives.dll
0x00007ffd990a0000 - 0x00007ffd990af000 	c:\Users\kashi\.vscode\extensions\redhat.java-1.54.0-win32-x64\jre\21.0.10-win32-x86_64\bin\instrument.dll
0x00007ffd747d0000 - 0x00007ffd747f0000 	c:\Users\kashi\.vscode\extensions\redhat.java-1.54.0-win32-x64\jre\21.0.10-win32-x86_64\bin\java.dll
0x00007ffdc55d0000 - 0x00007ffdc5d54000 	C:\Windows\System32\SHELL32.dll
0x00007ffdc1440000 - 0x00007ffdc1cc0000 	C:\Windows\SYSTEM32\windows.storage.dll
0x00007ffdc4af0000 - 0x00007ffdc4be6000 	C:\Windows\System32\SHCORE.dll
0x00007ffdc5db0000 - 0x00007ffdc5e17000 	C:\Windows\System32\shlwapi.dll
0x00007ffdc37b0000 - 0x00007ffdc37d9000 	C:\Windows\SYSTEM32\profapi.dll
0x00007ffd7a950000 - 0x00007ffd7a968000 	c:\Users\kashi\.vscode\extensions\redhat.java-1.54.0-win32-x64\jre\21.0.10-win32-x86_64\bin\zip.dll
0x00007ffd93c00000 - 0x00007ffd93c10000 	C:\Users\kashi\.vscode\extensions\redhat.java-1.54.0-win32-x64\jre\21.0.10-win32-x86_64\bin\net.dll
0x00007ffdbb850000 - 0x00007ffdbb979000 	C:\Windows\SYSTEM32\WINHTTP.dll
0x00007ffdc2cb0000 - 0x00007ffdc2d1c000 	C:\Windows\system32\mswsock.dll
0x00007ffd785c0000 - 0x00007ffd785d6000 	C:\Users\kashi\.vscode\extensions\redhat.java-1.54.0-win32-x64\jre\21.0.10-win32-x86_64\bin\nio.dll
0x00007ffd91aa0000 - 0x00007ffd91ab0000 	c:\Users\kashi\.vscode\extensions\redhat.java-1.54.0-win32-x64\jre\21.0.10-win32-x86_64\bin\verify.dll
0x00007ffd64040000 - 0x00007ffd64085000 	C:\Users\kashi\AppData\Roaming\Code\User\globalStorage\redhat.java\1.54.0\config_win\org.eclipse.equinox.launcher\org.eclipse.equinox.launcher.win32.win32.x86_64_1.3.0.v20260203-2149\eclipse_11919.dll
0x00007ffdc5290000 - 0x00007ffdc5428000 	C:\Windows\System32\ole32.dll
0x00007ffdc2f90000 - 0x00007ffdc2fab000 	C:\Windows\SYSTEM32\CRYPTSP.dll
0x00007ffdc26a0000 - 0x00007ffdc26d9000 	C:\Windows\system32\rsaenh.dll
0x00007ffdc2d60000 - 0x00007ffdc2d93000 	C:\Windows\SYSTEM32\USERENV.dll
0x00007ffdc3780000 - 0x00007ffdc37aa000 	C:\Windows\SYSTEM32\bcrypt.dll
0x00007ffdc2fb0000 - 0x00007ffdc2fbc000 	C:\Windows\SYSTEM32\CRYPTBASE.dll
0x00007ffdc20b0000 - 0x00007ffdc20e3000 	C:\Windows\SYSTEM32\IPHLPAPI.DLL
0x00007ffdc5d60000 - 0x00007ffdc5d6a000 	C:\Windows\System32\NSI.dll
0x00007ffd63b50000 - 0x00007ffd63b99000 	C:\Users\kashi\AppData\Local\Temp\jna-101820318\jna12805822778416335797.dll
0x00007ffdc5480000 - 0x00007ffdc5488000 	C:\Windows\System32\PSAPI.DLL
0x00007ffdbbdc0000 - 0x00007ffdbbddd000 	C:\Windows\SYSTEM32\dhcpcsvc6.DLL
0x00007ffdbb820000 - 0x00007ffdbb845000 	C:\Windows\SYSTEM32\dhcpcsvc.DLL

JVMTI agents:
c:\Users\kashi\.vscode\extensions\redhat.java-1.54.0-win32-x64\lombok\lombok-1.18.39-4050.jar path:c:\Users\kashi\.vscode\extensions\redhat.java-1.54.0-win32-x64\jre\21.0.10-win32-x86_64\bin\instrument.dll, loaded, initialized, instrumentlib options:none

dbghelp: loaded successfully - version: 4.0.5 - missing functions: none
symbol engine: initialized successfully - sym options: 0x614 - pdb path: .;c:\Users\kashi\.vscode\extensions\redhat.java-1.54.0-win32-x64\jre\21.0.10-win32-x86_64\bin;C:\Windows\SYSTEM32;C:\Windows\WinSxS\amd64_microsoft.windows.common-controls_6595b64144ccf1df_6.0.26100.8521_none_3e08b75ce33403b3;c:\Users\kashi\.vscode\extensions\redhat.java-1.54.0-win32-x64\jre\21.0.10-win32-x86_64\bin\server;C:\Users\kashi\AppData\Roaming\Code\User\globalStorage\redhat.java\1.54.0\config_win\org.eclipse.equinox.launcher\org.eclipse.equinox.launcher.win32.win32.x86_64_1.3.0.v20260203-2149;C:\Users\kashi\AppData\Local\Temp\jna-101820318

VM Arguments:
jvm_args: --add-modules=ALL-SYSTEM --add-opens=java.base/java.util=ALL-UNNAMED --add-opens=java.base/java.lang=ALL-UNNAMED --add-opens=java.base/sun.nio.fs=ALL-UNNAMED -Declipse.application=org.eclipse.jdt.ls.core.id1 -Dosgi.bundles.defaultStartLevel=4 -Declipse.product=org.eclipse.jdt.ls.core.product -Djava.import.generatesMetadataFilesAtProjectRoot=false -DDetectVMInstallationsJob.disabled=true -Dfile.encoding=utf8 -XX:+UseParallelGC -XX:GCTimeRatio=4 -XX:AdaptiveSizePolicyWeight=90 -Dsun.zip.disableMemoryMapping=true -Xmx2G -Xms100m -Xlog:disable -javaagent:c:\Users\kashi\.vscode\extensions\redhat.java-1.54.0-win32-x64\lombok\lombok-1.18.39-4050.jar -XX:+HeapDumpOnOutOfMemoryError -XX:HeapDumpPath=c:\Users\kashi\AppData\Roaming\Code\User\workspaceStorage\4f91f8c64ce41203b4c1c3c9d955ca95\redhat.java -Daether.dependencyCollector.impl=bf 
java_command: c:\Users\kashi\.vscode\extensions\redhat.java-1.54.0-win32-x64\server\plugins\org.eclipse.equinox.launcher_1.7.100.v20251111-0406.jar -configuration c:\Users\kashi\AppData\Roaming\Code\User\globalStorage\redhat.java\1.54.0\config_win -data c:\Users\kashi\AppData\Roaming\Code\User\workspaceStorage\4f91f8c64ce41203b4c1c3c9d955ca95\redhat.java\jdt_ws --pipe=\\.\pipe\lsp-9fe13234d8d3138dd0b2be91be419065-sock
java_class_path (initial): c:\Users\kashi\.vscode\extensions\redhat.java-1.54.0-win32-x64\server\plugins\org.eclipse.equinox.launcher_1.7.100.v20251111-0406.jar
Launcher Type: SUN_STANDARD

[Global flags]
    uintx AdaptiveSizePolicyWeight                 = 90                                        {product} {command line}
     intx CICompilerCount                          = 4                                         {product} {ergonomic}
    uintx GCTimeRatio                              = 4                                         {product} {command line}
     bool HeapDumpOnOutOfMemoryError               = true                                   {manageable} {command line}
    ccstr HeapDumpPath                             = c:\Users\kashi\AppData\Roaming\Code\User\workspaceStorage\4f91f8c64ce41203b4c1c3c9d955ca95\redhat.java         {manageable} {command line}
   size_t InitialHeapSize                          = 104857600                                 {product} {command line}
   size_t MaxHeapSize                              = 2147483648                                {product} {command line}
   size_t MaxNewSize                               = 715653120                                 {product} {ergonomic}
   size_t MinHeapDeltaBytes                        = 524288                                    {product} {ergonomic}
   size_t MinHeapSize                              = 104857600                                 {product} {command line}
   size_t NewSize                                  = 34603008                                  {product} {ergonomic}
    uintx NonNMethodCodeHeapSize                   = 5839372                                {pd product} {ergonomic}
    uintx NonProfiledCodeHeapSize                  = 122909434                              {pd product} {ergonomic}
   size_t OldSize                                  = 70254592                                  {product} {ergonomic}
    uintx ProfiledCodeHeapSize                     = 122909434                              {pd product} {ergonomic}
    uintx ReservedCodeCacheSize                    = 251658240                              {pd product} {ergonomic}
     bool SegmentedCodeCache                       = true                                      {product} {ergonomic}
   size_t SoftMaxHeapSize                          = 2147483648                             {manageable} {ergonomic}
     bool UseCompressedOops                        = true                           {product lp64_product} {ergonomic}
     bool UseLargePagesIndividualAllocation        = false                                  {pd product} {ergonomic}
     bool UseParallelGC                            = true                                      {product} {command line}

Logging:
Log output configuration:
 #0: stdout all=off uptime,level,tags foldmultilines=false
 #1: stderr all=off uptime,level,tags foldmultilines=false

Release file:
JAVA_VERSION="21.0.10" 
MODULES="java.base java.compiler java.datatransfer java.xml java.prefs java.desktop java.instrument java.logging java.management java.security.sasl java.naming java.rmi java.management.rmi java.net.http java.scripting java.security.jgss java.transaction.xa java.sql java.sql.rowset java.xml.crypto java.se java.smartcardio jdk.accessibility jdk.internal.jvmstat jdk.attach jdk.charsets jdk.internal.opt jdk.zipfs jdk.compiler jdk.crypto.ec jdk.crypto.cryptoki jdk.crypto.mscapi jdk.dynalink jdk.internal.ed jdk.editpad jdk.hotspot.agent jdk.httpserver jdk.internal.le jdk.internal.vm.ci jdk.internal.vm.compiler jdk.internal.vm.compiler.management jdk.jartool jdk.javadoc jdk.jcmd jdk.management jdk.management.agent jdk.jconsole jdk.jdeps jdk.jdwp.agent jdk.jdi jdk.jfr jdk.jshell jdk.jsobject jdk.jstatd jdk.localedata jdk.management.jfr jdk.naming.dns jdk.naming.rmi jdk.net jdk.nio.mapmode jdk.random jdk.sctp jdk.security.auth jdk.security.jgss jdk.unsupported jdk.unsupported.desktop jdk.xml.dom" 

Environment Variables:
PATH=C:\Program Files\Common Files\Oracle\Java\javapath;C:\Windows\system32;C:\Windows;C:\Windows\System32\Wbem;C:\Windows\System32\WindowsPowerShell\v1.0\;C:\Windows\System32\OpenSSH\;C:\Program Files\nodejs\;C:\ProgramData\chocolatey\bin;C:\mingw64\bin;C:\Program Files\dotnet\;C:\apache-maven-3.9.12\bin;C:\Program Files\MySQL\MySQL Server 8.0\bin;C:\Users\kashi\AppData\Local\Programs\Python\Python314\Scripts\;C:\Users\kashi\AppData\Roaming\Python\Python3x\Scripts;C:\Program Files\Git\cmd;C:\Program Files\Git\mingw64\bin;C:\Program Files\Git\usr\bin;C:\Users\kashi\AppData\Local\Programs\Python\Launcher\;C:\Program Files\MySQL\MySQL Shell 8.0\bin\;C:\Users\kashi\AppData\Local\Microsoft\WindowsApps;C:\Users\kashi\AppData\Local\Programs\Microsoft VS Code\bin;C:\Users\kashi\AppData\Roaming\npm
USERNAME=kashi
OS=Windows_NT
PROCESSOR_IDENTIFIER=Intel64 Family 6 Model 141 Stepping 1, GenuineIntel
TMP=C:\Users\kashi\AppData\Local\Temp
TEMP=C:\Users\kashi\AppData\Local\Temp




Periodic native trim disabled

---------------  S Y S T E M  ---------------

OS:
 Windows 11 , 64 bit Build 26100 (10.0.26100.8521)
OS uptime: 0 days 9:01 hours
Hyper-V role detected

CPU: total 12 (initial active 12) (6 cores per cpu, 2 threads per core) family 6 model 141 stepping 1 microcode 0x50, cx8, cmov, fxsr, ht, mmx, 3dnowpref, sse, sse2, sse3, ssse3, sse4.1, sse4.2, popcnt, lzcnt, tsc, tscinvbit, avx, avx2, aes, erms, clmul, bmi1, bmi2, adx, avx512f, avx512dq, avx512cd, avx512bw, avx512vl, sha, fma, vzeroupper, avx512_vpopcntdq, avx512_vpclmulqdq, avx512_vaes, avx512_vnni, clflush, clflushopt, clwb, avx512_vbmi2, avx512_vbmi, hv, rdtscp, rdpid, fsrm, gfni, avx512_bitalg, f16c, cet_ibt, cet_ss, avx512_ifma
Processor Information for the first 12 processors :
  Max Mhz: 2611, Current Mhz: 2611, Mhz Limit: 2611

Memory: 4k page, system-wide physical 16106M (3703M free)
TotalPageFile size 17501M (AvailPageFile size 8M)
current process WorkingSet (physical memory assigned to process): 690M, peak: 783M
current process commit charge ("private bytes"): 697M, peak: 726M

vm_info: OpenJDK 64-Bit Server VM (21.0.10+7-LTS) for windows-amd64 JRE (21.0.10+7-LTS), built on 2026-01-20T00:00:00Z by "admin" with MS VC++ 17.12 (VS2022)

END.
